[2023-10-16T21:04:40.151-0400] {processor.py:157} INFO - Started process (PID=20395) to work on /Users/kniu91/opt/anaconda3/envs/fftool_conda/lib/python3.11/site-packages/airflow/example_dags/example_latest_only.py
[2023-10-16T21:04:40.153-0400] {processor.py:829} INFO - Processing file /Users/kniu91/opt/anaconda3/envs/fftool_conda/lib/python3.11/site-packages/airflow/example_dags/example_latest_only.py for tasks to queue
[2023-10-16T21:04:40.154-0400] {logging_mixin.py:151} INFO - [2023-10-16T21:04:40.154-0400] {dagbag.py:536} INFO - Filling up the DagBag from /Users/kniu91/opt/anaconda3/envs/fftool_conda/lib/python3.11/site-packages/airflow/example_dags/example_latest_only.py
[2023-10-16T21:04:40.168-0400] {processor.py:839} INFO - DAG(s) dict_keys(['latest_only']) retrieved from /Users/kniu91/opt/anaconda3/envs/fftool_conda/lib/python3.11/site-packages/airflow/example_dags/example_latest_only.py
[2023-10-16T21:04:40.449-0400] {logging_mixin.py:151} INFO - [2023-10-16T21:04:40.449-0400] {manager.py:499} INFO - Created Permission View: %s
[2023-10-16T21:04:40.453-0400] {logging_mixin.py:151} INFO - [2023-10-16T21:04:40.453-0400] {manager.py:499} INFO - Created Permission View: %s
[2023-10-16T21:04:40.456-0400] {logging_mixin.py:151} INFO - [2023-10-16T21:04:40.456-0400] {manager.py:499} INFO - Created Permission View: %s
[2023-10-16T21:04:40.456-0400] {logging_mixin.py:151} INFO - [2023-10-16T21:04:40.456-0400] {dag.py:2941} INFO - Sync 1 DAGs
[2023-10-16T21:04:40.460-0400] {logging_mixin.py:151} INFO - [2023-10-16T21:04:40.460-0400] {dag.py:2963} INFO - Creating ORM DAG for latest_only
[2023-10-16T21:04:40.464-0400] {logging_mixin.py:151} INFO - [2023-10-16T21:04:40.464-0400] {dag.py:3722} INFO - Setting next_dagrun for latest_only to 2023-10-16T21:04:40.464202+00:00, run_after=2023-10-17T01:04:40.464202+00:00
[2023-10-16T21:04:40.472-0400] {processor.py:179} INFO - Processing /Users/kniu91/opt/anaconda3/envs/fftool_conda/lib/python3.11/site-packages/airflow/example_dags/example_latest_only.py took 0.321 seconds
[2023-10-16T21:06:26.691-0400] {processor.py:157} INFO - Started process (PID=20521) to work on /Users/kniu91/opt/anaconda3/envs/fftool_conda/lib/python3.11/site-packages/airflow/example_dags/example_latest_only.py
[2023-10-16T21:06:26.693-0400] {processor.py:829} INFO - Processing file /Users/kniu91/opt/anaconda3/envs/fftool_conda/lib/python3.11/site-packages/airflow/example_dags/example_latest_only.py for tasks to queue
[2023-10-16T21:06:26.694-0400] {logging_mixin.py:151} INFO - [2023-10-16T21:06:26.694-0400] {dagbag.py:536} INFO - Filling up the DagBag from /Users/kniu91/opt/anaconda3/envs/fftool_conda/lib/python3.11/site-packages/airflow/example_dags/example_latest_only.py
[2023-10-16T21:06:26.707-0400] {processor.py:839} INFO - DAG(s) dict_keys(['latest_only']) retrieved from /Users/kniu91/opt/anaconda3/envs/fftool_conda/lib/python3.11/site-packages/airflow/example_dags/example_latest_only.py
[2023-10-16T21:06:26.796-0400] {logging_mixin.py:151} INFO - [2023-10-16T21:06:26.795-0400] {dag.py:2941} INFO - Sync 1 DAGs
[2023-10-16T21:06:26.804-0400] {logging_mixin.py:151} INFO - [2023-10-16T21:06:26.804-0400] {dag.py:3722} INFO - Setting next_dagrun for latest_only to 2023-10-16T21:06:26.804198+00:00, run_after=2023-10-17T01:06:26.804198+00:00
[2023-10-16T21:06:26.813-0400] {processor.py:179} INFO - Processing /Users/kniu91/opt/anaconda3/envs/fftool_conda/lib/python3.11/site-packages/airflow/example_dags/example_latest_only.py took 0.122 seconds
[2023-10-16T21:07:38.511-0400] {processor.py:157} INFO - Started process (PID=20596) to work on /Users/kniu91/opt/anaconda3/envs/fftool_conda/lib/python3.11/site-packages/airflow/example_dags/example_latest_only.py
[2023-10-16T21:07:38.513-0400] {processor.py:829} INFO - Processing file /Users/kniu91/opt/anaconda3/envs/fftool_conda/lib/python3.11/site-packages/airflow/example_dags/example_latest_only.py for tasks to queue
[2023-10-16T21:07:38.513-0400] {logging_mixin.py:151} INFO - [2023-10-16T21:07:38.513-0400] {dagbag.py:536} INFO - Filling up the DagBag from /Users/kniu91/opt/anaconda3/envs/fftool_conda/lib/python3.11/site-packages/airflow/example_dags/example_latest_only.py
[2023-10-16T21:07:38.526-0400] {processor.py:839} INFO - DAG(s) dict_keys(['latest_only']) retrieved from /Users/kniu91/opt/anaconda3/envs/fftool_conda/lib/python3.11/site-packages/airflow/example_dags/example_latest_only.py
[2023-10-16T21:07:38.614-0400] {logging_mixin.py:151} INFO - [2023-10-16T21:07:38.614-0400] {dag.py:2941} INFO - Sync 1 DAGs
[2023-10-16T21:07:38.622-0400] {logging_mixin.py:151} INFO - [2023-10-16T21:07:38.622-0400] {dag.py:3722} INFO - Setting next_dagrun for latest_only to 2023-10-16T21:07:38.622678+00:00, run_after=2023-10-17T01:07:38.622678+00:00
[2023-10-16T21:07:38.632-0400] {processor.py:179} INFO - Processing /Users/kniu91/opt/anaconda3/envs/fftool_conda/lib/python3.11/site-packages/airflow/example_dags/example_latest_only.py took 0.121 seconds
[2023-10-16T21:11:10.040-0400] {processor.py:157} INFO - Started process (PID=20801) to work on /Users/kniu91/opt/anaconda3/envs/fftool_conda/lib/python3.11/site-packages/airflow/example_dags/example_latest_only.py
[2023-10-16T21:11:10.042-0400] {processor.py:829} INFO - Processing file /Users/kniu91/opt/anaconda3/envs/fftool_conda/lib/python3.11/site-packages/airflow/example_dags/example_latest_only.py for tasks to queue
[2023-10-16T21:11:10.042-0400] {logging_mixin.py:151} INFO - [2023-10-16T21:11:10.042-0400] {dagbag.py:536} INFO - Filling up the DagBag from /Users/kniu91/opt/anaconda3/envs/fftool_conda/lib/python3.11/site-packages/airflow/example_dags/example_latest_only.py
[2023-10-16T21:11:10.058-0400] {processor.py:839} INFO - DAG(s) dict_keys(['latest_only']) retrieved from /Users/kniu91/opt/anaconda3/envs/fftool_conda/lib/python3.11/site-packages/airflow/example_dags/example_latest_only.py
[2023-10-16T21:11:10.156-0400] {logging_mixin.py:151} INFO - [2023-10-16T21:11:10.156-0400] {dag.py:2941} INFO - Sync 1 DAGs
[2023-10-16T21:11:10.165-0400] {logging_mixin.py:151} INFO - [2023-10-16T21:11:10.164-0400] {dag.py:3722} INFO - Setting next_dagrun for latest_only to 2023-10-16T21:11:10.164884+00:00, run_after=2023-10-17T01:11:10.164884+00:00
[2023-10-16T21:11:10.174-0400] {processor.py:179} INFO - Processing /Users/kniu91/opt/anaconda3/envs/fftool_conda/lib/python3.11/site-packages/airflow/example_dags/example_latest_only.py took 0.135 seconds
