[2023-10-16T21:04:09.856-0400] {processor.py:157} INFO - Started process (PID=20367) to work on /Users/kniu91/opt/anaconda3/envs/fftool_conda/lib/python3.11/site-packages/airflow/example_dags/example_sla_dag.py
[2023-10-16T21:04:09.858-0400] {processor.py:829} INFO - Processing file /Users/kniu91/opt/anaconda3/envs/fftool_conda/lib/python3.11/site-packages/airflow/example_dags/example_sla_dag.py for tasks to queue
[2023-10-16T21:04:09.858-0400] {logging_mixin.py:151} INFO - [2023-10-16T21:04:09.858-0400] {dagbag.py:536} INFO - Filling up the DagBag from /Users/kniu91/opt/anaconda3/envs/fftool_conda/lib/python3.11/site-packages/airflow/example_dags/example_sla_dag.py
[2023-10-16T21:04:09.890-0400] {processor.py:839} INFO - DAG(s) dict_keys(['example_sla_dag']) retrieved from /Users/kniu91/opt/anaconda3/envs/fftool_conda/lib/python3.11/site-packages/airflow/example_dags/example_sla_dag.py
[2023-10-16T21:04:10.209-0400] {logging_mixin.py:151} INFO - [2023-10-16T21:04:10.208-0400] {manager.py:499} INFO - Created Permission View: %s
[2023-10-16T21:04:10.214-0400] {logging_mixin.py:151} INFO - [2023-10-16T21:04:10.213-0400] {manager.py:499} INFO - Created Permission View: %s
[2023-10-16T21:04:10.217-0400] {logging_mixin.py:151} INFO - [2023-10-16T21:04:10.217-0400] {manager.py:499} INFO - Created Permission View: %s
[2023-10-16T21:04:10.217-0400] {logging_mixin.py:151} INFO - [2023-10-16T21:04:10.217-0400] {dag.py:2941} INFO - Sync 1 DAGs
[2023-10-16T21:04:10.223-0400] {logging_mixin.py:151} INFO - [2023-10-16T21:04:10.223-0400] {dag.py:2963} INFO - Creating ORM DAG for example_sla_dag
[2023-10-16T21:04:10.229-0400] {logging_mixin.py:151} INFO - [2023-10-16T21:04:10.229-0400] {dag.py:3722} INFO - Setting next_dagrun for example_sla_dag to 2023-10-17T01:02:00+00:00, run_after=2023-10-17T01:04:00+00:00
[2023-10-16T21:04:10.238-0400] {processor.py:179} INFO - Processing /Users/kniu91/opt/anaconda3/envs/fftool_conda/lib/python3.11/site-packages/airflow/example_dags/example_sla_dag.py took 0.382 seconds
[2023-10-16T21:05:37.003-0400] {processor.py:157} INFO - Started process (PID=20468) to work on /Users/kniu91/opt/anaconda3/envs/fftool_conda/lib/python3.11/site-packages/airflow/example_dags/example_sla_dag.py
[2023-10-16T21:05:37.005-0400] {processor.py:829} INFO - Processing file /Users/kniu91/opt/anaconda3/envs/fftool_conda/lib/python3.11/site-packages/airflow/example_dags/example_sla_dag.py for tasks to queue
[2023-10-16T21:05:37.006-0400] {logging_mixin.py:151} INFO - [2023-10-16T21:05:37.005-0400] {dagbag.py:536} INFO - Filling up the DagBag from /Users/kniu91/opt/anaconda3/envs/fftool_conda/lib/python3.11/site-packages/airflow/example_dags/example_sla_dag.py
[2023-10-16T21:05:37.035-0400] {processor.py:839} INFO - DAG(s) dict_keys(['example_sla_dag']) retrieved from /Users/kniu91/opt/anaconda3/envs/fftool_conda/lib/python3.11/site-packages/airflow/example_dags/example_sla_dag.py
[2023-10-16T21:05:37.122-0400] {logging_mixin.py:151} INFO - [2023-10-16T21:05:37.121-0400] {dag.py:2941} INFO - Sync 1 DAGs
[2023-10-16T21:05:37.131-0400] {logging_mixin.py:151} INFO - [2023-10-16T21:05:37.131-0400] {dag.py:3722} INFO - Setting next_dagrun for example_sla_dag to 2023-10-17T01:02:00+00:00, run_after=2023-10-17T01:04:00+00:00
[2023-10-16T21:05:37.140-0400] {processor.py:179} INFO - Processing /Users/kniu91/opt/anaconda3/envs/fftool_conda/lib/python3.11/site-packages/airflow/example_dags/example_sla_dag.py took 0.137 seconds
[2023-10-16T21:07:09.885-0400] {processor.py:157} INFO - Started process (PID=20577) to work on /Users/kniu91/opt/anaconda3/envs/fftool_conda/lib/python3.11/site-packages/airflow/example_dags/example_sla_dag.py
[2023-10-16T21:07:09.887-0400] {processor.py:829} INFO - Processing file /Users/kniu91/opt/anaconda3/envs/fftool_conda/lib/python3.11/site-packages/airflow/example_dags/example_sla_dag.py for tasks to queue
[2023-10-16T21:07:09.887-0400] {logging_mixin.py:151} INFO - [2023-10-16T21:07:09.887-0400] {dagbag.py:536} INFO - Filling up the DagBag from /Users/kniu91/opt/anaconda3/envs/fftool_conda/lib/python3.11/site-packages/airflow/example_dags/example_sla_dag.py
[2023-10-16T21:07:09.921-0400] {processor.py:839} INFO - DAG(s) dict_keys(['example_sla_dag']) retrieved from /Users/kniu91/opt/anaconda3/envs/fftool_conda/lib/python3.11/site-packages/airflow/example_dags/example_sla_dag.py
[2023-10-16T21:07:10.018-0400] {logging_mixin.py:151} INFO - [2023-10-16T21:07:10.018-0400] {dag.py:2941} INFO - Sync 1 DAGs
[2023-10-16T21:07:10.028-0400] {logging_mixin.py:151} INFO - [2023-10-16T21:07:10.028-0400] {dag.py:3722} INFO - Setting next_dagrun for example_sla_dag to 2023-10-17T01:04:00+00:00, run_after=2023-10-17T01:06:00+00:00
[2023-10-16T21:07:10.039-0400] {processor.py:179} INFO - Processing /Users/kniu91/opt/anaconda3/envs/fftool_conda/lib/python3.11/site-packages/airflow/example_dags/example_sla_dag.py took 0.155 seconds
[2023-10-16T21:09:01.761-0400] {processor.py:157} INFO - Started process (PID=20678) to work on /Users/kniu91/opt/anaconda3/envs/fftool_conda/lib/python3.11/site-packages/airflow/example_dags/example_sla_dag.py
[2023-10-16T21:09:01.763-0400] {processor.py:829} INFO - Processing file /Users/kniu91/opt/anaconda3/envs/fftool_conda/lib/python3.11/site-packages/airflow/example_dags/example_sla_dag.py for tasks to queue
[2023-10-16T21:09:01.763-0400] {logging_mixin.py:151} INFO - [2023-10-16T21:09:01.763-0400] {dagbag.py:536} INFO - Filling up the DagBag from /Users/kniu91/opt/anaconda3/envs/fftool_conda/lib/python3.11/site-packages/airflow/example_dags/example_sla_dag.py
[2023-10-16T21:09:01.795-0400] {processor.py:839} INFO - DAG(s) dict_keys(['example_sla_dag']) retrieved from /Users/kniu91/opt/anaconda3/envs/fftool_conda/lib/python3.11/site-packages/airflow/example_dags/example_sla_dag.py
[2023-10-16T21:09:01.895-0400] {logging_mixin.py:151} INFO - [2023-10-16T21:09:01.895-0400] {dag.py:2941} INFO - Sync 1 DAGs
[2023-10-16T21:09:01.905-0400] {logging_mixin.py:151} INFO - [2023-10-16T21:09:01.905-0400] {dag.py:3722} INFO - Setting next_dagrun for example_sla_dag to 2023-10-17T01:06:00+00:00, run_after=2023-10-17T01:08:00+00:00
[2023-10-16T21:09:01.915-0400] {processor.py:179} INFO - Processing /Users/kniu91/opt/anaconda3/envs/fftool_conda/lib/python3.11/site-packages/airflow/example_dags/example_sla_dag.py took 0.155 seconds
[2023-10-16T21:10:43.138-0400] {processor.py:157} INFO - Started process (PID=20784) to work on /Users/kniu91/opt/anaconda3/envs/fftool_conda/lib/python3.11/site-packages/airflow/example_dags/example_sla_dag.py
[2023-10-16T21:10:43.141-0400] {processor.py:829} INFO - Processing file /Users/kniu91/opt/anaconda3/envs/fftool_conda/lib/python3.11/site-packages/airflow/example_dags/example_sla_dag.py for tasks to queue
[2023-10-16T21:10:43.141-0400] {logging_mixin.py:151} INFO - [2023-10-16T21:10:43.141-0400] {dagbag.py:536} INFO - Filling up the DagBag from /Users/kniu91/opt/anaconda3/envs/fftool_conda/lib/python3.11/site-packages/airflow/example_dags/example_sla_dag.py
[2023-10-16T21:10:43.170-0400] {processor.py:839} INFO - DAG(s) dict_keys(['example_sla_dag']) retrieved from /Users/kniu91/opt/anaconda3/envs/fftool_conda/lib/python3.11/site-packages/airflow/example_dags/example_sla_dag.py
[2023-10-16T21:10:43.258-0400] {logging_mixin.py:151} INFO - [2023-10-16T21:10:43.257-0400] {dag.py:2941} INFO - Sync 1 DAGs
[2023-10-16T21:10:43.267-0400] {logging_mixin.py:151} INFO - [2023-10-16T21:10:43.267-0400] {dag.py:3722} INFO - Setting next_dagrun for example_sla_dag to 2023-10-17T01:08:00+00:00, run_after=2023-10-17T01:10:00+00:00
[2023-10-16T21:10:43.276-0400] {processor.py:179} INFO - Processing /Users/kniu91/opt/anaconda3/envs/fftool_conda/lib/python3.11/site-packages/airflow/example_dags/example_sla_dag.py took 0.138 seconds
[2023-10-16T21:12:04.531-0400] {processor.py:157} INFO - Started process (PID=20840) to work on /Users/kniu91/opt/anaconda3/envs/fftool_conda/lib/python3.11/site-packages/airflow/example_dags/example_sla_dag.py
[2023-10-16T21:12:04.533-0400] {processor.py:829} INFO - Processing file /Users/kniu91/opt/anaconda3/envs/fftool_conda/lib/python3.11/site-packages/airflow/example_dags/example_sla_dag.py for tasks to queue
[2023-10-16T21:12:04.533-0400] {logging_mixin.py:151} INFO - [2023-10-16T21:12:04.533-0400] {dagbag.py:536} INFO - Filling up the DagBag from /Users/kniu91/opt/anaconda3/envs/fftool_conda/lib/python3.11/site-packages/airflow/example_dags/example_sla_dag.py
[2023-10-16T21:12:04.562-0400] {processor.py:839} INFO - DAG(s) dict_keys(['example_sla_dag']) retrieved from /Users/kniu91/opt/anaconda3/envs/fftool_conda/lib/python3.11/site-packages/airflow/example_dags/example_sla_dag.py
[2023-10-16T21:12:04.649-0400] {logging_mixin.py:151} INFO - [2023-10-16T21:12:04.649-0400] {dag.py:2941} INFO - Sync 1 DAGs
[2023-10-16T21:12:04.659-0400] {logging_mixin.py:151} INFO - [2023-10-16T21:12:04.659-0400] {dag.py:3722} INFO - Setting next_dagrun for example_sla_dag to 2023-10-17T01:10:00+00:00, run_after=2023-10-17T01:12:00+00:00
[2023-10-16T21:12:04.668-0400] {processor.py:179} INFO - Processing /Users/kniu91/opt/anaconda3/envs/fftool_conda/lib/python3.11/site-packages/airflow/example_dags/example_sla_dag.py took 0.138 seconds
