[2023-10-16T21:04:16.277-0400] {processor.py:157} INFO - Started process (PID=20376) to work on /Users/kniu91/opt/anaconda3/envs/fftool_conda/lib/python3.11/site-packages/airflow/example_dags/example_short_circuit_decorator.py
[2023-10-16T21:04:16.279-0400] {processor.py:829} INFO - Processing file /Users/kniu91/opt/anaconda3/envs/fftool_conda/lib/python3.11/site-packages/airflow/example_dags/example_short_circuit_decorator.py for tasks to queue
[2023-10-16T21:04:16.279-0400] {logging_mixin.py:151} INFO - [2023-10-16T21:04:16.279-0400] {dagbag.py:536} INFO - Filling up the DagBag from /Users/kniu91/opt/anaconda3/envs/fftool_conda/lib/python3.11/site-packages/airflow/example_dags/example_short_circuit_decorator.py
[2023-10-16T21:04:16.314-0400] {processor.py:839} INFO - DAG(s) dict_keys(['example_short_circuit_decorator']) retrieved from /Users/kniu91/opt/anaconda3/envs/fftool_conda/lib/python3.11/site-packages/airflow/example_dags/example_short_circuit_decorator.py
[2023-10-16T21:04:16.653-0400] {logging_mixin.py:151} INFO - [2023-10-16T21:04:16.653-0400] {manager.py:499} INFO - Created Permission View: %s
[2023-10-16T21:04:16.658-0400] {logging_mixin.py:151} INFO - [2023-10-16T21:04:16.657-0400] {manager.py:499} INFO - Created Permission View: %s
[2023-10-16T21:04:16.660-0400] {logging_mixin.py:151} INFO - [2023-10-16T21:04:16.660-0400] {manager.py:499} INFO - Created Permission View: %s
[2023-10-16T21:04:16.660-0400] {logging_mixin.py:151} INFO - [2023-10-16T21:04:16.660-0400] {dag.py:2941} INFO - Sync 1 DAGs
[2023-10-16T21:04:16.666-0400] {logging_mixin.py:151} INFO - [2023-10-16T21:04:16.666-0400] {dag.py:2963} INFO - Creating ORM DAG for example_short_circuit_decorator
[2023-10-16T21:04:16.669-0400] {logging_mixin.py:151} INFO - [2023-10-16T21:04:16.669-0400] {dag.py:3722} INFO - Setting next_dagrun for example_short_circuit_decorator to 2023-10-16T01:04:16.669821+00:00, run_after=2023-10-17T01:04:16.669821+00:00
[2023-10-16T21:04:16.678-0400] {processor.py:179} INFO - Processing /Users/kniu91/opt/anaconda3/envs/fftool_conda/lib/python3.11/site-packages/airflow/example_dags/example_short_circuit_decorator.py took 0.402 seconds
[2023-10-16T21:05:41.087-0400] {processor.py:157} INFO - Started process (PID=20474) to work on /Users/kniu91/opt/anaconda3/envs/fftool_conda/lib/python3.11/site-packages/airflow/example_dags/example_short_circuit_decorator.py
[2023-10-16T21:05:41.090-0400] {processor.py:829} INFO - Processing file /Users/kniu91/opt/anaconda3/envs/fftool_conda/lib/python3.11/site-packages/airflow/example_dags/example_short_circuit_decorator.py for tasks to queue
[2023-10-16T21:05:41.090-0400] {logging_mixin.py:151} INFO - [2023-10-16T21:05:41.090-0400] {dagbag.py:536} INFO - Filling up the DagBag from /Users/kniu91/opt/anaconda3/envs/fftool_conda/lib/python3.11/site-packages/airflow/example_dags/example_short_circuit_decorator.py
[2023-10-16T21:05:41.130-0400] {processor.py:839} INFO - DAG(s) dict_keys(['example_short_circuit_decorator']) retrieved from /Users/kniu91/opt/anaconda3/envs/fftool_conda/lib/python3.11/site-packages/airflow/example_dags/example_short_circuit_decorator.py
[2023-10-16T21:05:41.320-0400] {logging_mixin.py:151} INFO - [2023-10-16T21:05:41.319-0400] {dag.py:2941} INFO - Sync 1 DAGs
[2023-10-16T21:05:41.343-0400] {logging_mixin.py:151} INFO - [2023-10-16T21:05:41.341-0400] {dag.py:3722} INFO - Setting next_dagrun for example_short_circuit_decorator to 2023-10-16T01:05:41.341050+00:00, run_after=2023-10-17T01:05:41.341050+00:00
[2023-10-16T21:05:41.371-0400] {processor.py:179} INFO - Processing /Users/kniu91/opt/anaconda3/envs/fftool_conda/lib/python3.11/site-packages/airflow/example_dags/example_short_circuit_decorator.py took 0.284 seconds
[2023-10-16T21:07:15.827-0400] {processor.py:157} INFO - Started process (PID=20580) to work on /Users/kniu91/opt/anaconda3/envs/fftool_conda/lib/python3.11/site-packages/airflow/example_dags/example_short_circuit_decorator.py
[2023-10-16T21:07:15.830-0400] {processor.py:829} INFO - Processing file /Users/kniu91/opt/anaconda3/envs/fftool_conda/lib/python3.11/site-packages/airflow/example_dags/example_short_circuit_decorator.py for tasks to queue
[2023-10-16T21:07:15.830-0400] {logging_mixin.py:151} INFO - [2023-10-16T21:07:15.830-0400] {dagbag.py:536} INFO - Filling up the DagBag from /Users/kniu91/opt/anaconda3/envs/fftool_conda/lib/python3.11/site-packages/airflow/example_dags/example_short_circuit_decorator.py
[2023-10-16T21:07:15.866-0400] {processor.py:839} INFO - DAG(s) dict_keys(['example_short_circuit_decorator']) retrieved from /Users/kniu91/opt/anaconda3/envs/fftool_conda/lib/python3.11/site-packages/airflow/example_dags/example_short_circuit_decorator.py
[2023-10-16T21:07:15.969-0400] {logging_mixin.py:151} INFO - [2023-10-16T21:07:15.969-0400] {dag.py:2941} INFO - Sync 1 DAGs
[2023-10-16T21:07:15.978-0400] {logging_mixin.py:151} INFO - [2023-10-16T21:07:15.978-0400] {dag.py:3722} INFO - Setting next_dagrun for example_short_circuit_decorator to 2023-10-16T01:07:15.978174+00:00, run_after=2023-10-17T01:07:15.978174+00:00
[2023-10-16T21:07:15.989-0400] {processor.py:179} INFO - Processing /Users/kniu91/opt/anaconda3/envs/fftool_conda/lib/python3.11/site-packages/airflow/example_dags/example_short_circuit_decorator.py took 0.162 seconds
[2023-10-16T21:10:48.307-0400] {processor.py:157} INFO - Started process (PID=20787) to work on /Users/kniu91/opt/anaconda3/envs/fftool_conda/lib/python3.11/site-packages/airflow/example_dags/example_short_circuit_decorator.py
[2023-10-16T21:10:48.309-0400] {processor.py:829} INFO - Processing file /Users/kniu91/opt/anaconda3/envs/fftool_conda/lib/python3.11/site-packages/airflow/example_dags/example_short_circuit_decorator.py for tasks to queue
[2023-10-16T21:10:48.310-0400] {logging_mixin.py:151} INFO - [2023-10-16T21:10:48.310-0400] {dagbag.py:536} INFO - Filling up the DagBag from /Users/kniu91/opt/anaconda3/envs/fftool_conda/lib/python3.11/site-packages/airflow/example_dags/example_short_circuit_decorator.py
[2023-10-16T21:10:48.339-0400] {processor.py:839} INFO - DAG(s) dict_keys(['example_short_circuit_decorator']) retrieved from /Users/kniu91/opt/anaconda3/envs/fftool_conda/lib/python3.11/site-packages/airflow/example_dags/example_short_circuit_decorator.py
[2023-10-16T21:10:48.427-0400] {logging_mixin.py:151} INFO - [2023-10-16T21:10:48.426-0400] {dag.py:2941} INFO - Sync 1 DAGs
[2023-10-16T21:10:48.434-0400] {logging_mixin.py:151} INFO - [2023-10-16T21:10:48.434-0400] {dag.py:3722} INFO - Setting next_dagrun for example_short_circuit_decorator to 2023-10-16T01:10:48.434544+00:00, run_after=2023-10-17T01:10:48.434544+00:00
[2023-10-16T21:10:48.444-0400] {processor.py:179} INFO - Processing /Users/kniu91/opt/anaconda3/envs/fftool_conda/lib/python3.11/site-packages/airflow/example_dags/example_short_circuit_decorator.py took 0.137 seconds
[2023-10-16T21:12:10.162-0400] {processor.py:157} INFO - Started process (PID=20844) to work on /Users/kniu91/opt/anaconda3/envs/fftool_conda/lib/python3.11/site-packages/airflow/example_dags/example_short_circuit_decorator.py
[2023-10-16T21:12:10.176-0400] {processor.py:829} INFO - Processing file /Users/kniu91/opt/anaconda3/envs/fftool_conda/lib/python3.11/site-packages/airflow/example_dags/example_short_circuit_decorator.py for tasks to queue
[2023-10-16T21:12:10.176-0400] {logging_mixin.py:151} INFO - [2023-10-16T21:12:10.176-0400] {dagbag.py:536} INFO - Filling up the DagBag from /Users/kniu91/opt/anaconda3/envs/fftool_conda/lib/python3.11/site-packages/airflow/example_dags/example_short_circuit_decorator.py
[2023-10-16T21:12:10.247-0400] {processor.py:839} INFO - DAG(s) dict_keys(['example_short_circuit_decorator']) retrieved from /Users/kniu91/opt/anaconda3/envs/fftool_conda/lib/python3.11/site-packages/airflow/example_dags/example_short_circuit_decorator.py
[2023-10-16T21:12:10.337-0400] {logging_mixin.py:151} INFO - [2023-10-16T21:12:10.337-0400] {dag.py:2941} INFO - Sync 1 DAGs
[2023-10-16T21:12:10.345-0400] {logging_mixin.py:151} INFO - [2023-10-16T21:12:10.345-0400] {dag.py:3722} INFO - Setting next_dagrun for example_short_circuit_decorator to 2023-10-16T01:12:10.344930+00:00, run_after=2023-10-17T01:12:10.344930+00:00
[2023-10-16T21:12:10.354-0400] {processor.py:179} INFO - Processing /Users/kniu91/opt/anaconda3/envs/fftool_conda/lib/python3.11/site-packages/airflow/example_dags/example_short_circuit_decorator.py took 0.193 seconds
