[2023-10-16T21:04:24.494-0400] {processor.py:157} INFO - Started process (PID=20387) to work on /Users/kniu91/opt/anaconda3/envs/fftool_conda/lib/python3.11/site-packages/airflow/example_dags/example_sensor_decorator.py
[2023-10-16T21:04:24.496-0400] {processor.py:829} INFO - Processing file /Users/kniu91/opt/anaconda3/envs/fftool_conda/lib/python3.11/site-packages/airflow/example_dags/example_sensor_decorator.py for tasks to queue
[2023-10-16T21:04:24.497-0400] {logging_mixin.py:151} INFO - [2023-10-16T21:04:24.496-0400] {dagbag.py:536} INFO - Filling up the DagBag from /Users/kniu91/opt/anaconda3/envs/fftool_conda/lib/python3.11/site-packages/airflow/example_dags/example_sensor_decorator.py
[2023-10-16T21:04:24.526-0400] {processor.py:839} INFO - DAG(s) dict_keys(['example_sensor_decorator']) retrieved from /Users/kniu91/opt/anaconda3/envs/fftool_conda/lib/python3.11/site-packages/airflow/example_dags/example_sensor_decorator.py
[2023-10-16T21:04:24.809-0400] {logging_mixin.py:151} INFO - [2023-10-16T21:04:24.809-0400] {manager.py:499} INFO - Created Permission View: %s
[2023-10-16T21:04:24.813-0400] {logging_mixin.py:151} INFO - [2023-10-16T21:04:24.813-0400] {manager.py:499} INFO - Created Permission View: %s
[2023-10-16T21:04:24.815-0400] {logging_mixin.py:151} INFO - [2023-10-16T21:04:24.815-0400] {manager.py:499} INFO - Created Permission View: %s
[2023-10-16T21:04:24.816-0400] {logging_mixin.py:151} INFO - [2023-10-16T21:04:24.815-0400] {dag.py:2941} INFO - Sync 1 DAGs
[2023-10-16T21:04:24.821-0400] {logging_mixin.py:151} INFO - [2023-10-16T21:04:24.821-0400] {dag.py:2963} INFO - Creating ORM DAG for example_sensor_decorator
[2023-10-16T21:04:24.821-0400] {logging_mixin.py:151} INFO - [2023-10-16T21:04:24.821-0400] {dag.py:3722} INFO - Setting next_dagrun for example_sensor_decorator to None, run_after=None
[2023-10-16T21:04:24.830-0400] {processor.py:179} INFO - Processing /Users/kniu91/opt/anaconda3/envs/fftool_conda/lib/python3.11/site-packages/airflow/example_dags/example_sensor_decorator.py took 0.336 seconds
[2023-10-16T21:05:48.875-0400] {processor.py:157} INFO - Started process (PID=20479) to work on /Users/kniu91/opt/anaconda3/envs/fftool_conda/lib/python3.11/site-packages/airflow/example_dags/example_sensor_decorator.py
[2023-10-16T21:05:48.877-0400] {processor.py:829} INFO - Processing file /Users/kniu91/opt/anaconda3/envs/fftool_conda/lib/python3.11/site-packages/airflow/example_dags/example_sensor_decorator.py for tasks to queue
[2023-10-16T21:05:48.877-0400] {logging_mixin.py:151} INFO - [2023-10-16T21:05:48.877-0400] {dagbag.py:536} INFO - Filling up the DagBag from /Users/kniu91/opt/anaconda3/envs/fftool_conda/lib/python3.11/site-packages/airflow/example_dags/example_sensor_decorator.py
[2023-10-16T21:05:48.905-0400] {processor.py:839} INFO - DAG(s) dict_keys(['example_sensor_decorator']) retrieved from /Users/kniu91/opt/anaconda3/envs/fftool_conda/lib/python3.11/site-packages/airflow/example_dags/example_sensor_decorator.py
[2023-10-16T21:05:48.997-0400] {logging_mixin.py:151} INFO - [2023-10-16T21:05:48.997-0400] {dag.py:2941} INFO - Sync 1 DAGs
[2023-10-16T21:05:49.001-0400] {logging_mixin.py:151} INFO - [2023-10-16T21:05:49.001-0400] {dag.py:3722} INFO - Setting next_dagrun for example_sensor_decorator to None, run_after=None
[2023-10-16T21:05:49.011-0400] {processor.py:179} INFO - Processing /Users/kniu91/opt/anaconda3/envs/fftool_conda/lib/python3.11/site-packages/airflow/example_dags/example_sensor_decorator.py took 0.136 seconds
[2023-10-16T21:07:22.990-0400] {processor.py:157} INFO - Started process (PID=20584) to work on /Users/kniu91/opt/anaconda3/envs/fftool_conda/lib/python3.11/site-packages/airflow/example_dags/example_sensor_decorator.py
[2023-10-16T21:07:22.993-0400] {processor.py:829} INFO - Processing file /Users/kniu91/opt/anaconda3/envs/fftool_conda/lib/python3.11/site-packages/airflow/example_dags/example_sensor_decorator.py for tasks to queue
[2023-10-16T21:07:22.993-0400] {logging_mixin.py:151} INFO - [2023-10-16T21:07:22.993-0400] {dagbag.py:536} INFO - Filling up the DagBag from /Users/kniu91/opt/anaconda3/envs/fftool_conda/lib/python3.11/site-packages/airflow/example_dags/example_sensor_decorator.py
[2023-10-16T21:07:23.030-0400] {processor.py:839} INFO - DAG(s) dict_keys(['example_sensor_decorator']) retrieved from /Users/kniu91/opt/anaconda3/envs/fftool_conda/lib/python3.11/site-packages/airflow/example_dags/example_sensor_decorator.py
[2023-10-16T21:07:23.227-0400] {logging_mixin.py:151} INFO - [2023-10-16T21:07:23.227-0400] {dag.py:2941} INFO - Sync 1 DAGs
[2023-10-16T21:07:23.235-0400] {logging_mixin.py:151} INFO - [2023-10-16T21:07:23.235-0400] {dag.py:3722} INFO - Setting next_dagrun for example_sensor_decorator to None, run_after=None
[2023-10-16T21:07:23.251-0400] {processor.py:179} INFO - Processing /Users/kniu91/opt/anaconda3/envs/fftool_conda/lib/python3.11/site-packages/airflow/example_dags/example_sensor_decorator.py took 0.262 seconds
[2023-10-16T21:10:55.415-0400] {processor.py:157} INFO - Started process (PID=20791) to work on /Users/kniu91/opt/anaconda3/envs/fftool_conda/lib/python3.11/site-packages/airflow/example_dags/example_sensor_decorator.py
[2023-10-16T21:10:55.417-0400] {processor.py:829} INFO - Processing file /Users/kniu91/opt/anaconda3/envs/fftool_conda/lib/python3.11/site-packages/airflow/example_dags/example_sensor_decorator.py for tasks to queue
[2023-10-16T21:10:55.418-0400] {logging_mixin.py:151} INFO - [2023-10-16T21:10:55.418-0400] {dagbag.py:536} INFO - Filling up the DagBag from /Users/kniu91/opt/anaconda3/envs/fftool_conda/lib/python3.11/site-packages/airflow/example_dags/example_sensor_decorator.py
[2023-10-16T21:10:55.446-0400] {processor.py:839} INFO - DAG(s) dict_keys(['example_sensor_decorator']) retrieved from /Users/kniu91/opt/anaconda3/envs/fftool_conda/lib/python3.11/site-packages/airflow/example_dags/example_sensor_decorator.py
[2023-10-16T21:10:55.538-0400] {logging_mixin.py:151} INFO - [2023-10-16T21:10:55.538-0400] {dag.py:2941} INFO - Sync 1 DAGs
[2023-10-16T21:10:55.543-0400] {logging_mixin.py:151} INFO - [2023-10-16T21:10:55.543-0400] {dag.py:3722} INFO - Setting next_dagrun for example_sensor_decorator to None, run_after=None
[2023-10-16T21:10:55.552-0400] {processor.py:179} INFO - Processing /Users/kniu91/opt/anaconda3/envs/fftool_conda/lib/python3.11/site-packages/airflow/example_dags/example_sensor_decorator.py took 0.137 seconds
[2023-10-16T21:12:17.484-0400] {processor.py:157} INFO - Started process (PID=20848) to work on /Users/kniu91/opt/anaconda3/envs/fftool_conda/lib/python3.11/site-packages/airflow/example_dags/example_sensor_decorator.py
[2023-10-16T21:12:17.486-0400] {processor.py:829} INFO - Processing file /Users/kniu91/opt/anaconda3/envs/fftool_conda/lib/python3.11/site-packages/airflow/example_dags/example_sensor_decorator.py for tasks to queue
[2023-10-16T21:12:17.486-0400] {logging_mixin.py:151} INFO - [2023-10-16T21:12:17.486-0400] {dagbag.py:536} INFO - Filling up the DagBag from /Users/kniu91/opt/anaconda3/envs/fftool_conda/lib/python3.11/site-packages/airflow/example_dags/example_sensor_decorator.py
[2023-10-16T21:12:17.514-0400] {processor.py:839} INFO - DAG(s) dict_keys(['example_sensor_decorator']) retrieved from /Users/kniu91/opt/anaconda3/envs/fftool_conda/lib/python3.11/site-packages/airflow/example_dags/example_sensor_decorator.py
[2023-10-16T21:12:17.605-0400] {logging_mixin.py:151} INFO - [2023-10-16T21:12:17.605-0400] {dag.py:2941} INFO - Sync 1 DAGs
[2023-10-16T21:12:17.610-0400] {logging_mixin.py:151} INFO - [2023-10-16T21:12:17.610-0400] {dag.py:3722} INFO - Setting next_dagrun for example_sensor_decorator to None, run_after=None
[2023-10-16T21:12:17.619-0400] {processor.py:179} INFO - Processing /Users/kniu91/opt/anaconda3/envs/fftool_conda/lib/python3.11/site-packages/airflow/example_dags/example_sensor_decorator.py took 0.136 seconds
