[2023-10-16T21:05:02.832-0400] {processor.py:157} INFO - Started process (PID=20409) to work on /Users/kniu91/opt/anaconda3/envs/fftool_conda/lib/python3.11/site-packages/airflow/example_dags/example_branch_day_of_week_operator.py
[2023-10-16T21:05:02.834-0400] {processor.py:829} INFO - Processing file /Users/kniu91/opt/anaconda3/envs/fftool_conda/lib/python3.11/site-packages/airflow/example_dags/example_branch_day_of_week_operator.py for tasks to queue
[2023-10-16T21:05:02.834-0400] {logging_mixin.py:151} INFO - [2023-10-16T21:05:02.834-0400] {dagbag.py:536} INFO - Filling up the DagBag from /Users/kniu91/opt/anaconda3/envs/fftool_conda/lib/python3.11/site-packages/airflow/example_dags/example_branch_day_of_week_operator.py
[2023-10-16T21:05:02.851-0400] {processor.py:839} INFO - DAG(s) dict_keys(['example_weekday_branch_operator']) retrieved from /Users/kniu91/opt/anaconda3/envs/fftool_conda/lib/python3.11/site-packages/airflow/example_dags/example_branch_day_of_week_operator.py
[2023-10-16T21:05:03.209-0400] {logging_mixin.py:151} INFO - [2023-10-16T21:05:03.209-0400] {manager.py:499} INFO - Created Permission View: %s
[2023-10-16T21:05:03.215-0400] {logging_mixin.py:151} INFO - [2023-10-16T21:05:03.215-0400] {manager.py:499} INFO - Created Permission View: %s
[2023-10-16T21:05:03.218-0400] {logging_mixin.py:151} INFO - [2023-10-16T21:05:03.218-0400] {manager.py:499} INFO - Created Permission View: %s
[2023-10-16T21:05:03.218-0400] {logging_mixin.py:151} INFO - [2023-10-16T21:05:03.218-0400] {dag.py:2941} INFO - Sync 1 DAGs
[2023-10-16T21:05:03.224-0400] {logging_mixin.py:151} INFO - [2023-10-16T21:05:03.224-0400] {dag.py:2963} INFO - Creating ORM DAG for example_weekday_branch_operator
[2023-10-16T21:05:03.230-0400] {logging_mixin.py:151} INFO - [2023-10-16T21:05:03.230-0400] {dag.py:3722} INFO - Setting next_dagrun for example_weekday_branch_operator to 2023-10-16T00:00:00+00:00, run_after=2023-10-17T00:00:00+00:00
[2023-10-16T21:05:03.240-0400] {processor.py:179} INFO - Processing /Users/kniu91/opt/anaconda3/envs/fftool_conda/lib/python3.11/site-packages/airflow/example_dags/example_branch_day_of_week_operator.py took 0.409 seconds
[2023-10-16T21:07:59.188-0400] {processor.py:157} INFO - Started process (PID=20615) to work on /Users/kniu91/opt/anaconda3/envs/fftool_conda/lib/python3.11/site-packages/airflow/example_dags/example_branch_day_of_week_operator.py
[2023-10-16T21:07:59.190-0400] {processor.py:829} INFO - Processing file /Users/kniu91/opt/anaconda3/envs/fftool_conda/lib/python3.11/site-packages/airflow/example_dags/example_branch_day_of_week_operator.py for tasks to queue
[2023-10-16T21:07:59.190-0400] {logging_mixin.py:151} INFO - [2023-10-16T21:07:59.190-0400] {dagbag.py:536} INFO - Filling up the DagBag from /Users/kniu91/opt/anaconda3/envs/fftool_conda/lib/python3.11/site-packages/airflow/example_dags/example_branch_day_of_week_operator.py
[2023-10-16T21:07:59.206-0400] {processor.py:839} INFO - DAG(s) dict_keys(['example_weekday_branch_operator']) retrieved from /Users/kniu91/opt/anaconda3/envs/fftool_conda/lib/python3.11/site-packages/airflow/example_dags/example_branch_day_of_week_operator.py
[2023-10-16T21:07:59.299-0400] {logging_mixin.py:151} INFO - [2023-10-16T21:07:59.299-0400] {dag.py:2941} INFO - Sync 1 DAGs
[2023-10-16T21:07:59.309-0400] {logging_mixin.py:151} INFO - [2023-10-16T21:07:59.308-0400] {dag.py:3722} INFO - Setting next_dagrun for example_weekday_branch_operator to 2023-10-16T00:00:00+00:00, run_after=2023-10-17T00:00:00+00:00
[2023-10-16T21:07:59.318-0400] {processor.py:179} INFO - Processing /Users/kniu91/opt/anaconda3/envs/fftool_conda/lib/python3.11/site-packages/airflow/example_dags/example_branch_day_of_week_operator.py took 0.131 seconds
[2023-10-16T21:11:30.769-0400] {processor.py:157} INFO - Started process (PID=20820) to work on /Users/kniu91/opt/anaconda3/envs/fftool_conda/lib/python3.11/site-packages/airflow/example_dags/example_branch_day_of_week_operator.py
[2023-10-16T21:11:30.771-0400] {processor.py:829} INFO - Processing file /Users/kniu91/opt/anaconda3/envs/fftool_conda/lib/python3.11/site-packages/airflow/example_dags/example_branch_day_of_week_operator.py for tasks to queue
[2023-10-16T21:11:30.772-0400] {logging_mixin.py:151} INFO - [2023-10-16T21:11:30.772-0400] {dagbag.py:536} INFO - Filling up the DagBag from /Users/kniu91/opt/anaconda3/envs/fftool_conda/lib/python3.11/site-packages/airflow/example_dags/example_branch_day_of_week_operator.py
[2023-10-16T21:11:30.787-0400] {processor.py:839} INFO - DAG(s) dict_keys(['example_weekday_branch_operator']) retrieved from /Users/kniu91/opt/anaconda3/envs/fftool_conda/lib/python3.11/site-packages/airflow/example_dags/example_branch_day_of_week_operator.py
[2023-10-16T21:11:30.875-0400] {logging_mixin.py:151} INFO - [2023-10-16T21:11:30.875-0400] {dag.py:2941} INFO - Sync 1 DAGs
[2023-10-16T21:11:30.884-0400] {logging_mixin.py:151} INFO - [2023-10-16T21:11:30.884-0400] {dag.py:3722} INFO - Setting next_dagrun for example_weekday_branch_operator to 2023-10-16T00:00:00+00:00, run_after=2023-10-17T00:00:00+00:00
[2023-10-16T21:11:30.893-0400] {processor.py:179} INFO - Processing /Users/kniu91/opt/anaconda3/envs/fftool_conda/lib/python3.11/site-packages/airflow/example_dags/example_branch_day_of_week_operator.py took 0.124 seconds
