[2023-10-16T21:03:58.547-0400] {processor.py:157} INFO - Started process (PID=20359) to work on /Users/kniu91/opt/anaconda3/envs/fftool_conda/lib/python3.11/site-packages/airflow/example_dags/example_trigger_target_dag.py
[2023-10-16T21:03:58.551-0400] {processor.py:829} INFO - Processing file /Users/kniu91/opt/anaconda3/envs/fftool_conda/lib/python3.11/site-packages/airflow/example_dags/example_trigger_target_dag.py for tasks to queue
[2023-10-16T21:03:58.552-0400] {logging_mixin.py:151} INFO - [2023-10-16T21:03:58.551-0400] {dagbag.py:536} INFO - Filling up the DagBag from /Users/kniu91/opt/anaconda3/envs/fftool_conda/lib/python3.11/site-packages/airflow/example_dags/example_trigger_target_dag.py
[2023-10-16T21:03:58.596-0400] {processor.py:839} INFO - DAG(s) dict_keys(['example_trigger_target_dag']) retrieved from /Users/kniu91/opt/anaconda3/envs/fftool_conda/lib/python3.11/site-packages/airflow/example_dags/example_trigger_target_dag.py
[2023-10-16T21:03:58.949-0400] {logging_mixin.py:151} INFO - [2023-10-16T21:03:58.949-0400] {manager.py:499} INFO - Created Permission View: %s
[2023-10-16T21:03:58.955-0400] {logging_mixin.py:151} INFO - [2023-10-16T21:03:58.954-0400] {manager.py:499} INFO - Created Permission View: %s
[2023-10-16T21:03:58.958-0400] {logging_mixin.py:151} INFO - [2023-10-16T21:03:58.958-0400] {manager.py:499} INFO - Created Permission View: %s
[2023-10-16T21:03:58.958-0400] {logging_mixin.py:151} INFO - [2023-10-16T21:03:58.958-0400] {dag.py:2941} INFO - Sync 1 DAGs
[2023-10-16T21:03:58.964-0400] {logging_mixin.py:151} INFO - [2023-10-16T21:03:58.964-0400] {dag.py:2963} INFO - Creating ORM DAG for example_trigger_target_dag
[2023-10-16T21:03:58.965-0400] {logging_mixin.py:151} INFO - [2023-10-16T21:03:58.965-0400] {dag.py:3722} INFO - Setting next_dagrun for example_trigger_target_dag to None, run_after=None
[2023-10-16T21:03:58.976-0400] {processor.py:179} INFO - Processing /Users/kniu91/opt/anaconda3/envs/fftool_conda/lib/python3.11/site-packages/airflow/example_dags/example_trigger_target_dag.py took 0.431 seconds
[2023-10-16T21:05:26.739-0400] {processor.py:157} INFO - Started process (PID=20452) to work on /Users/kniu91/opt/anaconda3/envs/fftool_conda/lib/python3.11/site-packages/airflow/example_dags/example_trigger_target_dag.py
[2023-10-16T21:05:26.742-0400] {processor.py:829} INFO - Processing file /Users/kniu91/opt/anaconda3/envs/fftool_conda/lib/python3.11/site-packages/airflow/example_dags/example_trigger_target_dag.py for tasks to queue
[2023-10-16T21:05:26.742-0400] {logging_mixin.py:151} INFO - [2023-10-16T21:05:26.742-0400] {dagbag.py:536} INFO - Filling up the DagBag from /Users/kniu91/opt/anaconda3/envs/fftool_conda/lib/python3.11/site-packages/airflow/example_dags/example_trigger_target_dag.py
[2023-10-16T21:05:26.771-0400] {processor.py:839} INFO - DAG(s) dict_keys(['example_trigger_target_dag']) retrieved from /Users/kniu91/opt/anaconda3/envs/fftool_conda/lib/python3.11/site-packages/airflow/example_dags/example_trigger_target_dag.py
[2023-10-16T21:05:26.857-0400] {logging_mixin.py:151} INFO - [2023-10-16T21:05:26.857-0400] {dag.py:2941} INFO - Sync 1 DAGs
[2023-10-16T21:05:26.862-0400] {logging_mixin.py:151} INFO - [2023-10-16T21:05:26.862-0400] {dag.py:3722} INFO - Setting next_dagrun for example_trigger_target_dag to None, run_after=None
[2023-10-16T21:05:26.871-0400] {processor.py:179} INFO - Processing /Users/kniu91/opt/anaconda3/envs/fftool_conda/lib/python3.11/site-packages/airflow/example_dags/example_trigger_target_dag.py took 0.133 seconds
[2023-10-16T21:06:19.135-0400] {processor.py:157} INFO - Started process (PID=20517) to work on /Users/kniu91/opt/anaconda3/envs/fftool_conda/lib/python3.11/site-packages/airflow/example_dags/example_trigger_target_dag.py
[2023-10-16T21:06:19.137-0400] {processor.py:829} INFO - Processing file /Users/kniu91/opt/anaconda3/envs/fftool_conda/lib/python3.11/site-packages/airflow/example_dags/example_trigger_target_dag.py for tasks to queue
[2023-10-16T21:06:19.137-0400] {logging_mixin.py:151} INFO - [2023-10-16T21:06:19.137-0400] {dagbag.py:536} INFO - Filling up the DagBag from /Users/kniu91/opt/anaconda3/envs/fftool_conda/lib/python3.11/site-packages/airflow/example_dags/example_trigger_target_dag.py
[2023-10-16T21:06:19.169-0400] {processor.py:839} INFO - DAG(s) dict_keys(['example_trigger_target_dag']) retrieved from /Users/kniu91/opt/anaconda3/envs/fftool_conda/lib/python3.11/site-packages/airflow/example_dags/example_trigger_target_dag.py
[2023-10-16T21:06:19.264-0400] {logging_mixin.py:151} INFO - [2023-10-16T21:06:19.263-0400] {dag.py:2941} INFO - Sync 1 DAGs
[2023-10-16T21:06:19.268-0400] {logging_mixin.py:151} INFO - [2023-10-16T21:06:19.268-0400] {dag.py:3722} INFO - Setting next_dagrun for example_trigger_target_dag to None, run_after=None
[2023-10-16T21:06:19.278-0400] {processor.py:179} INFO - Processing /Users/kniu91/opt/anaconda3/envs/fftool_conda/lib/python3.11/site-packages/airflow/example_dags/example_trigger_target_dag.py took 0.144 seconds
[2023-10-16T21:06:57.899-0400] {processor.py:157} INFO - Started process (PID=20565) to work on /Users/kniu91/opt/anaconda3/envs/fftool_conda/lib/python3.11/site-packages/airflow/example_dags/example_trigger_target_dag.py
[2023-10-16T21:06:57.902-0400] {processor.py:829} INFO - Processing file /Users/kniu91/opt/anaconda3/envs/fftool_conda/lib/python3.11/site-packages/airflow/example_dags/example_trigger_target_dag.py for tasks to queue
[2023-10-16T21:06:57.902-0400] {logging_mixin.py:151} INFO - [2023-10-16T21:06:57.902-0400] {dagbag.py:536} INFO - Filling up the DagBag from /Users/kniu91/opt/anaconda3/envs/fftool_conda/lib/python3.11/site-packages/airflow/example_dags/example_trigger_target_dag.py
[2023-10-16T21:06:57.934-0400] {processor.py:839} INFO - DAG(s) dict_keys(['example_trigger_target_dag']) retrieved from /Users/kniu91/opt/anaconda3/envs/fftool_conda/lib/python3.11/site-packages/airflow/example_dags/example_trigger_target_dag.py
[2023-10-16T21:06:58.025-0400] {logging_mixin.py:151} INFO - [2023-10-16T21:06:58.025-0400] {dag.py:2941} INFO - Sync 1 DAGs
[2023-10-16T21:06:58.030-0400] {logging_mixin.py:151} INFO - [2023-10-16T21:06:58.030-0400] {dag.py:3722} INFO - Setting next_dagrun for example_trigger_target_dag to None, run_after=None
[2023-10-16T21:06:58.039-0400] {processor.py:179} INFO - Processing /Users/kniu91/opt/anaconda3/envs/fftool_conda/lib/python3.11/site-packages/airflow/example_dags/example_trigger_target_dag.py took 0.140 seconds
[2023-10-16T21:08:23.345-0400] {processor.py:157} INFO - Started process (PID=20636) to work on /Users/kniu91/opt/anaconda3/envs/fftool_conda/lib/python3.11/site-packages/airflow/example_dags/example_trigger_target_dag.py
[2023-10-16T21:08:23.347-0400] {processor.py:829} INFO - Processing file /Users/kniu91/opt/anaconda3/envs/fftool_conda/lib/python3.11/site-packages/airflow/example_dags/example_trigger_target_dag.py for tasks to queue
[2023-10-16T21:08:23.347-0400] {logging_mixin.py:151} INFO - [2023-10-16T21:08:23.347-0400] {dagbag.py:536} INFO - Filling up the DagBag from /Users/kniu91/opt/anaconda3/envs/fftool_conda/lib/python3.11/site-packages/airflow/example_dags/example_trigger_target_dag.py
[2023-10-16T21:08:23.377-0400] {processor.py:839} INFO - DAG(s) dict_keys(['example_trigger_target_dag']) retrieved from /Users/kniu91/opt/anaconda3/envs/fftool_conda/lib/python3.11/site-packages/airflow/example_dags/example_trigger_target_dag.py
[2023-10-16T21:08:23.466-0400] {logging_mixin.py:151} INFO - [2023-10-16T21:08:23.466-0400] {dag.py:2941} INFO - Sync 1 DAGs
[2023-10-16T21:08:23.470-0400] {logging_mixin.py:151} INFO - [2023-10-16T21:08:23.470-0400] {dag.py:3722} INFO - Setting next_dagrun for example_trigger_target_dag to None, run_after=None
[2023-10-16T21:08:23.480-0400] {processor.py:179} INFO - Processing /Users/kniu91/opt/anaconda3/envs/fftool_conda/lib/python3.11/site-packages/airflow/example_dags/example_trigger_target_dag.py took 0.135 seconds
[2023-10-16T21:08:50.474-0400] {processor.py:157} INFO - Started process (PID=20670) to work on /Users/kniu91/opt/anaconda3/envs/fftool_conda/lib/python3.11/site-packages/airflow/example_dags/example_trigger_target_dag.py
[2023-10-16T21:08:50.477-0400] {processor.py:829} INFO - Processing file /Users/kniu91/opt/anaconda3/envs/fftool_conda/lib/python3.11/site-packages/airflow/example_dags/example_trigger_target_dag.py for tasks to queue
[2023-10-16T21:08:50.477-0400] {logging_mixin.py:151} INFO - [2023-10-16T21:08:50.477-0400] {dagbag.py:536} INFO - Filling up the DagBag from /Users/kniu91/opt/anaconda3/envs/fftool_conda/lib/python3.11/site-packages/airflow/example_dags/example_trigger_target_dag.py
[2023-10-16T21:08:50.507-0400] {processor.py:839} INFO - DAG(s) dict_keys(['example_trigger_target_dag']) retrieved from /Users/kniu91/opt/anaconda3/envs/fftool_conda/lib/python3.11/site-packages/airflow/example_dags/example_trigger_target_dag.py
[2023-10-16T21:08:50.595-0400] {logging_mixin.py:151} INFO - [2023-10-16T21:08:50.595-0400] {dag.py:2941} INFO - Sync 1 DAGs
[2023-10-16T21:08:50.599-0400] {logging_mixin.py:151} INFO - [2023-10-16T21:08:50.599-0400] {dag.py:3722} INFO - Setting next_dagrun for example_trigger_target_dag to None, run_after=None
[2023-10-16T21:08:50.609-0400] {processor.py:179} INFO - Processing /Users/kniu91/opt/anaconda3/envs/fftool_conda/lib/python3.11/site-packages/airflow/example_dags/example_trigger_target_dag.py took 0.135 seconds
[2023-10-16T21:10:31.825-0400] {processor.py:157} INFO - Started process (PID=20778) to work on /Users/kniu91/opt/anaconda3/envs/fftool_conda/lib/python3.11/site-packages/airflow/example_dags/example_trigger_target_dag.py
[2023-10-16T21:10:31.827-0400] {processor.py:829} INFO - Processing file /Users/kniu91/opt/anaconda3/envs/fftool_conda/lib/python3.11/site-packages/airflow/example_dags/example_trigger_target_dag.py for tasks to queue
[2023-10-16T21:10:31.827-0400] {logging_mixin.py:151} INFO - [2023-10-16T21:10:31.827-0400] {dagbag.py:536} INFO - Filling up the DagBag from /Users/kniu91/opt/anaconda3/envs/fftool_conda/lib/python3.11/site-packages/airflow/example_dags/example_trigger_target_dag.py
[2023-10-16T21:10:31.855-0400] {processor.py:839} INFO - DAG(s) dict_keys(['example_trigger_target_dag']) retrieved from /Users/kniu91/opt/anaconda3/envs/fftool_conda/lib/python3.11/site-packages/airflow/example_dags/example_trigger_target_dag.py
[2023-10-16T21:10:31.941-0400] {logging_mixin.py:151} INFO - [2023-10-16T21:10:31.941-0400] {dag.py:2941} INFO - Sync 1 DAGs
[2023-10-16T21:10:31.945-0400] {logging_mixin.py:151} INFO - [2023-10-16T21:10:31.945-0400] {dag.py:3722} INFO - Setting next_dagrun for example_trigger_target_dag to None, run_after=None
[2023-10-16T21:10:31.955-0400] {processor.py:179} INFO - Processing /Users/kniu91/opt/anaconda3/envs/fftool_conda/lib/python3.11/site-packages/airflow/example_dags/example_trigger_target_dag.py took 0.131 seconds
[2023-10-16T21:11:54.903-0400] {processor.py:157} INFO - Started process (PID=20834) to work on /Users/kniu91/opt/anaconda3/envs/fftool_conda/lib/python3.11/site-packages/airflow/example_dags/example_trigger_target_dag.py
[2023-10-16T21:11:54.905-0400] {processor.py:829} INFO - Processing file /Users/kniu91/opt/anaconda3/envs/fftool_conda/lib/python3.11/site-packages/airflow/example_dags/example_trigger_target_dag.py for tasks to queue
[2023-10-16T21:11:54.906-0400] {logging_mixin.py:151} INFO - [2023-10-16T21:11:54.906-0400] {dagbag.py:536} INFO - Filling up the DagBag from /Users/kniu91/opt/anaconda3/envs/fftool_conda/lib/python3.11/site-packages/airflow/example_dags/example_trigger_target_dag.py
[2023-10-16T21:11:54.935-0400] {processor.py:839} INFO - DAG(s) dict_keys(['example_trigger_target_dag']) retrieved from /Users/kniu91/opt/anaconda3/envs/fftool_conda/lib/python3.11/site-packages/airflow/example_dags/example_trigger_target_dag.py
[2023-10-16T21:11:55.040-0400] {logging_mixin.py:151} INFO - [2023-10-16T21:11:55.040-0400] {dag.py:2941} INFO - Sync 1 DAGs
[2023-10-16T21:11:55.044-0400] {logging_mixin.py:151} INFO - [2023-10-16T21:11:55.044-0400] {dag.py:3722} INFO - Setting next_dagrun for example_trigger_target_dag to None, run_after=None
[2023-10-16T21:11:55.053-0400] {processor.py:179} INFO - Processing /Users/kniu91/opt/anaconda3/envs/fftool_conda/lib/python3.11/site-packages/airflow/example_dags/example_trigger_target_dag.py took 0.150 seconds
