[2023-10-16T21:04:06.475-0400] {processor.py:157} INFO - Started process (PID=20365) to work on /Users/kniu91/opt/anaconda3/envs/fftool_conda/lib/python3.11/site-packages/airflow/example_dags/example_task_group.py
[2023-10-16T21:04:06.477-0400] {processor.py:829} INFO - Processing file /Users/kniu91/opt/anaconda3/envs/fftool_conda/lib/python3.11/site-packages/airflow/example_dags/example_task_group.py for tasks to queue
[2023-10-16T21:04:06.478-0400] {logging_mixin.py:151} INFO - [2023-10-16T21:04:06.477-0400] {dagbag.py:536} INFO - Filling up the DagBag from /Users/kniu91/opt/anaconda3/envs/fftool_conda/lib/python3.11/site-packages/airflow/example_dags/example_task_group.py
[2023-10-16T21:04:06.493-0400] {processor.py:839} INFO - DAG(s) dict_keys(['example_task_group']) retrieved from /Users/kniu91/opt/anaconda3/envs/fftool_conda/lib/python3.11/site-packages/airflow/example_dags/example_task_group.py
[2023-10-16T21:04:06.787-0400] {logging_mixin.py:151} INFO - [2023-10-16T21:04:06.787-0400] {manager.py:499} INFO - Created Permission View: %s
[2023-10-16T21:04:06.791-0400] {logging_mixin.py:151} INFO - [2023-10-16T21:04:06.791-0400] {manager.py:499} INFO - Created Permission View: %s
[2023-10-16T21:04:06.794-0400] {logging_mixin.py:151} INFO - [2023-10-16T21:04:06.794-0400] {manager.py:499} INFO - Created Permission View: %s
[2023-10-16T21:04:06.794-0400] {logging_mixin.py:151} INFO - [2023-10-16T21:04:06.794-0400] {dag.py:2941} INFO - Sync 1 DAGs
[2023-10-16T21:04:06.799-0400] {logging_mixin.py:151} INFO - [2023-10-16T21:04:06.799-0400] {dag.py:2963} INFO - Creating ORM DAG for example_task_group
[2023-10-16T21:04:06.802-0400] {logging_mixin.py:151} INFO - [2023-10-16T21:04:06.802-0400] {dag.py:3722} INFO - Setting next_dagrun for example_task_group to 2023-10-16T01:04:06.802695+00:00, run_after=2023-10-17T01:04:06.802695+00:00
[2023-10-16T21:04:06.810-0400] {processor.py:179} INFO - Processing /Users/kniu91/opt/anaconda3/envs/fftool_conda/lib/python3.11/site-packages/airflow/example_dags/example_task_group.py took 0.336 seconds
[2023-10-16T21:05:33.215-0400] {processor.py:157} INFO - Started process (PID=20461) to work on /Users/kniu91/opt/anaconda3/envs/fftool_conda/lib/python3.11/site-packages/airflow/example_dags/example_task_group.py
[2023-10-16T21:05:33.219-0400] {processor.py:829} INFO - Processing file /Users/kniu91/opt/anaconda3/envs/fftool_conda/lib/python3.11/site-packages/airflow/example_dags/example_task_group.py for tasks to queue
[2023-10-16T21:05:33.219-0400] {logging_mixin.py:151} INFO - [2023-10-16T21:05:33.219-0400] {dagbag.py:536} INFO - Filling up the DagBag from /Users/kniu91/opt/anaconda3/envs/fftool_conda/lib/python3.11/site-packages/airflow/example_dags/example_task_group.py
[2023-10-16T21:05:33.234-0400] {processor.py:839} INFO - DAG(s) dict_keys(['example_task_group']) retrieved from /Users/kniu91/opt/anaconda3/envs/fftool_conda/lib/python3.11/site-packages/airflow/example_dags/example_task_group.py
[2023-10-16T21:05:33.328-0400] {logging_mixin.py:151} INFO - [2023-10-16T21:05:33.327-0400] {dag.py:2941} INFO - Sync 1 DAGs
[2023-10-16T21:05:33.336-0400] {logging_mixin.py:151} INFO - [2023-10-16T21:05:33.336-0400] {dag.py:3722} INFO - Setting next_dagrun for example_task_group to 2023-10-16T01:05:33.336671+00:00, run_after=2023-10-17T01:05:33.336671+00:00
[2023-10-16T21:05:33.347-0400] {processor.py:179} INFO - Processing /Users/kniu91/opt/anaconda3/envs/fftool_conda/lib/python3.11/site-packages/airflow/example_dags/example_task_group.py took 0.132 seconds
[2023-10-16T21:07:06.350-0400] {processor.py:157} INFO - Started process (PID=20575) to work on /Users/kniu91/opt/anaconda3/envs/fftool_conda/lib/python3.11/site-packages/airflow/example_dags/example_task_group.py
[2023-10-16T21:07:06.352-0400] {processor.py:829} INFO - Processing file /Users/kniu91/opt/anaconda3/envs/fftool_conda/lib/python3.11/site-packages/airflow/example_dags/example_task_group.py for tasks to queue
[2023-10-16T21:07:06.352-0400] {logging_mixin.py:151} INFO - [2023-10-16T21:07:06.352-0400] {dagbag.py:536} INFO - Filling up the DagBag from /Users/kniu91/opt/anaconda3/envs/fftool_conda/lib/python3.11/site-packages/airflow/example_dags/example_task_group.py
[2023-10-16T21:07:06.368-0400] {processor.py:839} INFO - DAG(s) dict_keys(['example_task_group']) retrieved from /Users/kniu91/opt/anaconda3/envs/fftool_conda/lib/python3.11/site-packages/airflow/example_dags/example_task_group.py
[2023-10-16T21:07:06.469-0400] {logging_mixin.py:151} INFO - [2023-10-16T21:07:06.469-0400] {dag.py:2941} INFO - Sync 1 DAGs
[2023-10-16T21:07:06.480-0400] {logging_mixin.py:151} INFO - [2023-10-16T21:07:06.480-0400] {dag.py:3722} INFO - Setting next_dagrun for example_task_group to 2023-10-16T01:07:06.480001+00:00, run_after=2023-10-17T01:07:06.480001+00:00
[2023-10-16T21:07:06.491-0400] {processor.py:179} INFO - Processing /Users/kniu91/opt/anaconda3/envs/fftool_conda/lib/python3.11/site-packages/airflow/example_dags/example_task_group.py took 0.142 seconds
[2023-10-16T21:08:58.017-0400] {processor.py:157} INFO - Started process (PID=20676) to work on /Users/kniu91/opt/anaconda3/envs/fftool_conda/lib/python3.11/site-packages/airflow/example_dags/example_task_group.py
[2023-10-16T21:08:58.020-0400] {processor.py:829} INFO - Processing file /Users/kniu91/opt/anaconda3/envs/fftool_conda/lib/python3.11/site-packages/airflow/example_dags/example_task_group.py for tasks to queue
[2023-10-16T21:08:58.020-0400] {logging_mixin.py:151} INFO - [2023-10-16T21:08:58.020-0400] {dagbag.py:536} INFO - Filling up the DagBag from /Users/kniu91/opt/anaconda3/envs/fftool_conda/lib/python3.11/site-packages/airflow/example_dags/example_task_group.py
[2023-10-16T21:08:58.034-0400] {processor.py:839} INFO - DAG(s) dict_keys(['example_task_group']) retrieved from /Users/kniu91/opt/anaconda3/envs/fftool_conda/lib/python3.11/site-packages/airflow/example_dags/example_task_group.py
[2023-10-16T21:08:58.124-0400] {logging_mixin.py:151} INFO - [2023-10-16T21:08:58.124-0400] {dag.py:2941} INFO - Sync 1 DAGs
[2023-10-16T21:08:58.132-0400] {logging_mixin.py:151} INFO - [2023-10-16T21:08:58.132-0400] {dag.py:3722} INFO - Setting next_dagrun for example_task_group to 2023-10-16T01:08:58.132261+00:00, run_after=2023-10-17T01:08:58.132261+00:00
[2023-10-16T21:08:58.141-0400] {processor.py:179} INFO - Processing /Users/kniu91/opt/anaconda3/envs/fftool_conda/lib/python3.11/site-packages/airflow/example_dags/example_task_group.py took 0.124 seconds
[2023-10-16T21:10:39.379-0400] {processor.py:157} INFO - Started process (PID=20782) to work on /Users/kniu91/opt/anaconda3/envs/fftool_conda/lib/python3.11/site-packages/airflow/example_dags/example_task_group.py
[2023-10-16T21:10:39.381-0400] {processor.py:829} INFO - Processing file /Users/kniu91/opt/anaconda3/envs/fftool_conda/lib/python3.11/site-packages/airflow/example_dags/example_task_group.py for tasks to queue
[2023-10-16T21:10:39.381-0400] {logging_mixin.py:151} INFO - [2023-10-16T21:10:39.381-0400] {dagbag.py:536} INFO - Filling up the DagBag from /Users/kniu91/opt/anaconda3/envs/fftool_conda/lib/python3.11/site-packages/airflow/example_dags/example_task_group.py
[2023-10-16T21:10:39.396-0400] {processor.py:839} INFO - DAG(s) dict_keys(['example_task_group']) retrieved from /Users/kniu91/opt/anaconda3/envs/fftool_conda/lib/python3.11/site-packages/airflow/example_dags/example_task_group.py
[2023-10-16T21:10:39.484-0400] {logging_mixin.py:151} INFO - [2023-10-16T21:10:39.484-0400] {dag.py:2941} INFO - Sync 1 DAGs
[2023-10-16T21:10:39.492-0400] {logging_mixin.py:151} INFO - [2023-10-16T21:10:39.492-0400] {dag.py:3722} INFO - Setting next_dagrun for example_task_group to 2023-10-16T01:10:39.492670+00:00, run_after=2023-10-17T01:10:39.492670+00:00
[2023-10-16T21:10:39.502-0400] {processor.py:179} INFO - Processing /Users/kniu91/opt/anaconda3/envs/fftool_conda/lib/python3.11/site-packages/airflow/example_dags/example_task_group.py took 0.123 seconds
[2023-10-16T21:12:01.631-0400] {processor.py:157} INFO - Started process (PID=20838) to work on /Users/kniu91/opt/anaconda3/envs/fftool_conda/lib/python3.11/site-packages/airflow/example_dags/example_task_group.py
[2023-10-16T21:12:01.634-0400] {processor.py:829} INFO - Processing file /Users/kniu91/opt/anaconda3/envs/fftool_conda/lib/python3.11/site-packages/airflow/example_dags/example_task_group.py for tasks to queue
[2023-10-16T21:12:01.634-0400] {logging_mixin.py:151} INFO - [2023-10-16T21:12:01.634-0400] {dagbag.py:536} INFO - Filling up the DagBag from /Users/kniu91/opt/anaconda3/envs/fftool_conda/lib/python3.11/site-packages/airflow/example_dags/example_task_group.py
[2023-10-16T21:12:01.648-0400] {processor.py:839} INFO - DAG(s) dict_keys(['example_task_group']) retrieved from /Users/kniu91/opt/anaconda3/envs/fftool_conda/lib/python3.11/site-packages/airflow/example_dags/example_task_group.py
[2023-10-16T21:12:01.736-0400] {logging_mixin.py:151} INFO - [2023-10-16T21:12:01.736-0400] {dag.py:2941} INFO - Sync 1 DAGs
[2023-10-16T21:12:01.744-0400] {logging_mixin.py:151} INFO - [2023-10-16T21:12:01.744-0400] {dag.py:3722} INFO - Setting next_dagrun for example_task_group to 2023-10-16T01:12:01.744691+00:00, run_after=2023-10-17T01:12:01.744691+00:00
[2023-10-16T21:12:01.754-0400] {processor.py:179} INFO - Processing /Users/kniu91/opt/anaconda3/envs/fftool_conda/lib/python3.11/site-packages/airflow/example_dags/example_task_group.py took 0.123 seconds
