[2023-10-16T21:04:44.674-0400] {processor.py:157} INFO - Started process (PID=20398) to work on /Users/kniu91/opt/anaconda3/envs/fftool_conda/lib/python3.11/site-packages/airflow/example_dags/example_dynamic_task_mapping_with_no_taskflow_operators.py
[2023-10-16T21:04:44.676-0400] {processor.py:829} INFO - Processing file /Users/kniu91/opt/anaconda3/envs/fftool_conda/lib/python3.11/site-packages/airflow/example_dags/example_dynamic_task_mapping_with_no_taskflow_operators.py for tasks to queue
[2023-10-16T21:04:44.677-0400] {logging_mixin.py:151} INFO - [2023-10-16T21:04:44.676-0400] {dagbag.py:536} INFO - Filling up the DagBag from /Users/kniu91/opt/anaconda3/envs/fftool_conda/lib/python3.11/site-packages/airflow/example_dags/example_dynamic_task_mapping_with_no_taskflow_operators.py
[2023-10-16T21:04:44.690-0400] {processor.py:839} INFO - DAG(s) dict_keys(['example_dynamic_task_mapping_with_no_taskflow_operators']) retrieved from /Users/kniu91/opt/anaconda3/envs/fftool_conda/lib/python3.11/site-packages/airflow/example_dags/example_dynamic_task_mapping_with_no_taskflow_operators.py
[2023-10-16T21:04:44.975-0400] {logging_mixin.py:151} INFO - [2023-10-16T21:04:44.974-0400] {manager.py:499} INFO - Created Permission View: %s
[2023-10-16T21:04:44.979-0400] {logging_mixin.py:151} INFO - [2023-10-16T21:04:44.979-0400] {manager.py:499} INFO - Created Permission View: %s
[2023-10-16T21:04:44.981-0400] {logging_mixin.py:151} INFO - [2023-10-16T21:04:44.981-0400] {manager.py:499} INFO - Created Permission View: %s
[2023-10-16T21:04:44.982-0400] {logging_mixin.py:151} INFO - [2023-10-16T21:04:44.982-0400] {dag.py:2941} INFO - Sync 1 DAGs
[2023-10-16T21:04:44.986-0400] {logging_mixin.py:151} INFO - [2023-10-16T21:04:44.986-0400] {dag.py:2963} INFO - Creating ORM DAG for example_dynamic_task_mapping_with_no_taskflow_operators
[2023-10-16T21:04:44.990-0400] {logging_mixin.py:151} INFO - [2023-10-16T21:04:44.990-0400] {dag.py:3722} INFO - Setting next_dagrun for example_dynamic_task_mapping_with_no_taskflow_operators to 2023-10-16T01:04:44.990076+00:00, run_after=2023-10-17T01:04:44.990076+00:00
[2023-10-16T21:04:44.997-0400] {processor.py:179} INFO - Processing /Users/kniu91/opt/anaconda3/envs/fftool_conda/lib/python3.11/site-packages/airflow/example_dags/example_dynamic_task_mapping_with_no_taskflow_operators.py took 0.324 seconds
[2023-10-16T21:06:31.587-0400] {processor.py:157} INFO - Started process (PID=20524) to work on /Users/kniu91/opt/anaconda3/envs/fftool_conda/lib/python3.11/site-packages/airflow/example_dags/example_dynamic_task_mapping_with_no_taskflow_operators.py
[2023-10-16T21:06:31.589-0400] {processor.py:829} INFO - Processing file /Users/kniu91/opt/anaconda3/envs/fftool_conda/lib/python3.11/site-packages/airflow/example_dags/example_dynamic_task_mapping_with_no_taskflow_operators.py for tasks to queue
[2023-10-16T21:06:31.590-0400] {logging_mixin.py:151} INFO - [2023-10-16T21:06:31.590-0400] {dagbag.py:536} INFO - Filling up the DagBag from /Users/kniu91/opt/anaconda3/envs/fftool_conda/lib/python3.11/site-packages/airflow/example_dags/example_dynamic_task_mapping_with_no_taskflow_operators.py
[2023-10-16T21:06:31.603-0400] {processor.py:839} INFO - DAG(s) dict_keys(['example_dynamic_task_mapping_with_no_taskflow_operators']) retrieved from /Users/kniu91/opt/anaconda3/envs/fftool_conda/lib/python3.11/site-packages/airflow/example_dags/example_dynamic_task_mapping_with_no_taskflow_operators.py
[2023-10-16T21:06:31.692-0400] {logging_mixin.py:151} INFO - [2023-10-16T21:06:31.691-0400] {dag.py:2941} INFO - Sync 1 DAGs
[2023-10-16T21:06:31.700-0400] {logging_mixin.py:151} INFO - [2023-10-16T21:06:31.700-0400] {dag.py:3722} INFO - Setting next_dagrun for example_dynamic_task_mapping_with_no_taskflow_operators to 2023-10-16T01:06:31.700061+00:00, run_after=2023-10-17T01:06:31.700061+00:00
[2023-10-16T21:06:31.709-0400] {processor.py:179} INFO - Processing /Users/kniu91/opt/anaconda3/envs/fftool_conda/lib/python3.11/site-packages/airflow/example_dags/example_dynamic_task_mapping_with_no_taskflow_operators.py took 0.122 seconds
[2023-10-16T21:07:43.231-0400] {processor.py:157} INFO - Started process (PID=20599) to work on /Users/kniu91/opt/anaconda3/envs/fftool_conda/lib/python3.11/site-packages/airflow/example_dags/example_dynamic_task_mapping_with_no_taskflow_operators.py
[2023-10-16T21:07:43.233-0400] {processor.py:829} INFO - Processing file /Users/kniu91/opt/anaconda3/envs/fftool_conda/lib/python3.11/site-packages/airflow/example_dags/example_dynamic_task_mapping_with_no_taskflow_operators.py for tasks to queue
[2023-10-16T21:07:43.234-0400] {logging_mixin.py:151} INFO - [2023-10-16T21:07:43.233-0400] {dagbag.py:536} INFO - Filling up the DagBag from /Users/kniu91/opt/anaconda3/envs/fftool_conda/lib/python3.11/site-packages/airflow/example_dags/example_dynamic_task_mapping_with_no_taskflow_operators.py
[2023-10-16T21:07:43.247-0400] {processor.py:839} INFO - DAG(s) dict_keys(['example_dynamic_task_mapping_with_no_taskflow_operators']) retrieved from /Users/kniu91/opt/anaconda3/envs/fftool_conda/lib/python3.11/site-packages/airflow/example_dags/example_dynamic_task_mapping_with_no_taskflow_operators.py
[2023-10-16T21:07:43.336-0400] {logging_mixin.py:151} INFO - [2023-10-16T21:07:43.336-0400] {dag.py:2941} INFO - Sync 1 DAGs
[2023-10-16T21:07:43.344-0400] {logging_mixin.py:151} INFO - [2023-10-16T21:07:43.344-0400] {dag.py:3722} INFO - Setting next_dagrun for example_dynamic_task_mapping_with_no_taskflow_operators to 2023-10-16T01:07:43.344223+00:00, run_after=2023-10-17T01:07:43.344223+00:00
[2023-10-16T21:07:43.353-0400] {processor.py:179} INFO - Processing /Users/kniu91/opt/anaconda3/envs/fftool_conda/lib/python3.11/site-packages/airflow/example_dags/example_dynamic_task_mapping_with_no_taskflow_operators.py took 0.123 seconds
[2023-10-16T21:11:14.890-0400] {processor.py:157} INFO - Started process (PID=20806) to work on /Users/kniu91/opt/anaconda3/envs/fftool_conda/lib/python3.11/site-packages/airflow/example_dags/example_dynamic_task_mapping_with_no_taskflow_operators.py
[2023-10-16T21:11:14.892-0400] {processor.py:829} INFO - Processing file /Users/kniu91/opt/anaconda3/envs/fftool_conda/lib/python3.11/site-packages/airflow/example_dags/example_dynamic_task_mapping_with_no_taskflow_operators.py for tasks to queue
[2023-10-16T21:11:14.892-0400] {logging_mixin.py:151} INFO - [2023-10-16T21:11:14.892-0400] {dagbag.py:536} INFO - Filling up the DagBag from /Users/kniu91/opt/anaconda3/envs/fftool_conda/lib/python3.11/site-packages/airflow/example_dags/example_dynamic_task_mapping_with_no_taskflow_operators.py
[2023-10-16T21:11:14.905-0400] {processor.py:839} INFO - DAG(s) dict_keys(['example_dynamic_task_mapping_with_no_taskflow_operators']) retrieved from /Users/kniu91/opt/anaconda3/envs/fftool_conda/lib/python3.11/site-packages/airflow/example_dags/example_dynamic_task_mapping_with_no_taskflow_operators.py
[2023-10-16T21:11:14.996-0400] {logging_mixin.py:151} INFO - [2023-10-16T21:11:14.996-0400] {dag.py:2941} INFO - Sync 1 DAGs
[2023-10-16T21:11:15.004-0400] {logging_mixin.py:151} INFO - [2023-10-16T21:11:15.004-0400] {dag.py:3722} INFO - Setting next_dagrun for example_dynamic_task_mapping_with_no_taskflow_operators to 2023-10-16T01:11:15.004444+00:00, run_after=2023-10-17T01:11:15.004444+00:00
[2023-10-16T21:11:15.014-0400] {processor.py:179} INFO - Processing /Users/kniu91/opt/anaconda3/envs/fftool_conda/lib/python3.11/site-packages/airflow/example_dags/example_dynamic_task_mapping_with_no_taskflow_operators.py took 0.125 seconds
