[2023-10-16T21:04:12.042-0400] {processor.py:157} INFO - Started process (PID=20370) to work on /Users/kniu91/opt/anaconda3/envs/fftool_conda/lib/python3.11/site-packages/airflow/example_dags/example_skip_dag.py
[2023-10-16T21:04:12.044-0400] {processor.py:829} INFO - Processing file /Users/kniu91/opt/anaconda3/envs/fftool_conda/lib/python3.11/site-packages/airflow/example_dags/example_skip_dag.py for tasks to queue
[2023-10-16T21:04:12.044-0400] {logging_mixin.py:151} INFO - [2023-10-16T21:04:12.044-0400] {dagbag.py:536} INFO - Filling up the DagBag from /Users/kniu91/opt/anaconda3/envs/fftool_conda/lib/python3.11/site-packages/airflow/example_dags/example_skip_dag.py
[2023-10-16T21:04:12.059-0400] {processor.py:839} INFO - DAG(s) dict_keys(['example_skip_dag']) retrieved from /Users/kniu91/opt/anaconda3/envs/fftool_conda/lib/python3.11/site-packages/airflow/example_dags/example_skip_dag.py
[2023-10-16T21:04:12.338-0400] {logging_mixin.py:151} INFO - [2023-10-16T21:04:12.338-0400] {manager.py:499} INFO - Created Permission View: %s
[2023-10-16T21:04:12.342-0400] {logging_mixin.py:151} INFO - [2023-10-16T21:04:12.342-0400] {manager.py:499} INFO - Created Permission View: %s
[2023-10-16T21:04:12.345-0400] {logging_mixin.py:151} INFO - [2023-10-16T21:04:12.345-0400] {manager.py:499} INFO - Created Permission View: %s
[2023-10-16T21:04:12.345-0400] {logging_mixin.py:151} INFO - [2023-10-16T21:04:12.345-0400] {dag.py:2941} INFO - Sync 1 DAGs
[2023-10-16T21:04:12.350-0400] {logging_mixin.py:151} INFO - [2023-10-16T21:04:12.349-0400] {dag.py:2963} INFO - Creating ORM DAG for example_skip_dag
[2023-10-16T21:04:12.353-0400] {logging_mixin.py:151} INFO - [2023-10-16T21:04:12.353-0400] {dag.py:3722} INFO - Setting next_dagrun for example_skip_dag to 2023-10-16T01:04:12.353485+00:00, run_after=2023-10-17T01:04:12.353485+00:00
[2023-10-16T21:04:12.361-0400] {processor.py:179} INFO - Processing /Users/kniu91/opt/anaconda3/envs/fftool_conda/lib/python3.11/site-packages/airflow/example_dags/example_skip_dag.py took 0.320 seconds
[2023-10-16T21:05:38.009-0400] {processor.py:157} INFO - Started process (PID=20470) to work on /Users/kniu91/opt/anaconda3/envs/fftool_conda/lib/python3.11/site-packages/airflow/example_dags/example_skip_dag.py
[2023-10-16T21:05:38.011-0400] {processor.py:829} INFO - Processing file /Users/kniu91/opt/anaconda3/envs/fftool_conda/lib/python3.11/site-packages/airflow/example_dags/example_skip_dag.py for tasks to queue
[2023-10-16T21:05:38.011-0400] {logging_mixin.py:151} INFO - [2023-10-16T21:05:38.011-0400] {dagbag.py:536} INFO - Filling up the DagBag from /Users/kniu91/opt/anaconda3/envs/fftool_conda/lib/python3.11/site-packages/airflow/example_dags/example_skip_dag.py
[2023-10-16T21:05:38.025-0400] {processor.py:839} INFO - DAG(s) dict_keys(['example_skip_dag']) retrieved from /Users/kniu91/opt/anaconda3/envs/fftool_conda/lib/python3.11/site-packages/airflow/example_dags/example_skip_dag.py
[2023-10-16T21:05:38.114-0400] {logging_mixin.py:151} INFO - [2023-10-16T21:05:38.114-0400] {dag.py:2941} INFO - Sync 1 DAGs
[2023-10-16T21:05:38.122-0400] {logging_mixin.py:151} INFO - [2023-10-16T21:05:38.122-0400] {dag.py:3722} INFO - Setting next_dagrun for example_skip_dag to 2023-10-16T01:05:38.122684+00:00, run_after=2023-10-17T01:05:38.122684+00:00
[2023-10-16T21:05:38.132-0400] {processor.py:179} INFO - Processing /Users/kniu91/opt/anaconda3/envs/fftool_conda/lib/python3.11/site-packages/airflow/example_dags/example_skip_dag.py took 0.124 seconds
[2023-10-16T21:07:11.968-0400] {processor.py:157} INFO - Started process (PID=20578) to work on /Users/kniu91/opt/anaconda3/envs/fftool_conda/lib/python3.11/site-packages/airflow/example_dags/example_skip_dag.py
[2023-10-16T21:07:11.970-0400] {processor.py:829} INFO - Processing file /Users/kniu91/opt/anaconda3/envs/fftool_conda/lib/python3.11/site-packages/airflow/example_dags/example_skip_dag.py for tasks to queue
[2023-10-16T21:07:11.970-0400] {logging_mixin.py:151} INFO - [2023-10-16T21:07:11.970-0400] {dagbag.py:536} INFO - Filling up the DagBag from /Users/kniu91/opt/anaconda3/envs/fftool_conda/lib/python3.11/site-packages/airflow/example_dags/example_skip_dag.py
[2023-10-16T21:07:11.984-0400] {processor.py:839} INFO - DAG(s) dict_keys(['example_skip_dag']) retrieved from /Users/kniu91/opt/anaconda3/envs/fftool_conda/lib/python3.11/site-packages/airflow/example_dags/example_skip_dag.py
[2023-10-16T21:07:12.078-0400] {logging_mixin.py:151} INFO - [2023-10-16T21:07:12.077-0400] {dag.py:2941} INFO - Sync 1 DAGs
[2023-10-16T21:07:12.087-0400] {logging_mixin.py:151} INFO - [2023-10-16T21:07:12.087-0400] {dag.py:3722} INFO - Setting next_dagrun for example_skip_dag to 2023-10-16T01:07:12.087462+00:00, run_after=2023-10-17T01:07:12.087462+00:00
[2023-10-16T21:07:12.097-0400] {processor.py:179} INFO - Processing /Users/kniu91/opt/anaconda3/envs/fftool_conda/lib/python3.11/site-packages/airflow/example_dags/example_skip_dag.py took 0.130 seconds
[2023-10-16T21:09:03.219-0400] {processor.py:157} INFO - Started process (PID=20679) to work on /Users/kniu91/opt/anaconda3/envs/fftool_conda/lib/python3.11/site-packages/airflow/example_dags/example_skip_dag.py
[2023-10-16T21:09:03.221-0400] {processor.py:829} INFO - Processing file /Users/kniu91/opt/anaconda3/envs/fftool_conda/lib/python3.11/site-packages/airflow/example_dags/example_skip_dag.py for tasks to queue
[2023-10-16T21:09:03.221-0400] {logging_mixin.py:151} INFO - [2023-10-16T21:09:03.221-0400] {dagbag.py:536} INFO - Filling up the DagBag from /Users/kniu91/opt/anaconda3/envs/fftool_conda/lib/python3.11/site-packages/airflow/example_dags/example_skip_dag.py
[2023-10-16T21:09:03.235-0400] {processor.py:839} INFO - DAG(s) dict_keys(['example_skip_dag']) retrieved from /Users/kniu91/opt/anaconda3/envs/fftool_conda/lib/python3.11/site-packages/airflow/example_dags/example_skip_dag.py
[2023-10-16T21:09:03.324-0400] {logging_mixin.py:151} INFO - [2023-10-16T21:09:03.324-0400] {dag.py:2941} INFO - Sync 1 DAGs
[2023-10-16T21:09:03.332-0400] {logging_mixin.py:151} INFO - [2023-10-16T21:09:03.332-0400] {dag.py:3722} INFO - Setting next_dagrun for example_skip_dag to 2023-10-16T01:09:03.332315+00:00, run_after=2023-10-17T01:09:03.332315+00:00
[2023-10-16T21:09:03.341-0400] {processor.py:179} INFO - Processing /Users/kniu91/opt/anaconda3/envs/fftool_conda/lib/python3.11/site-packages/airflow/example_dags/example_skip_dag.py took 0.123 seconds
[2023-10-16T21:10:44.558-0400] {processor.py:157} INFO - Started process (PID=20785) to work on /Users/kniu91/opt/anaconda3/envs/fftool_conda/lib/python3.11/site-packages/airflow/example_dags/example_skip_dag.py
[2023-10-16T21:10:44.560-0400] {processor.py:829} INFO - Processing file /Users/kniu91/opt/anaconda3/envs/fftool_conda/lib/python3.11/site-packages/airflow/example_dags/example_skip_dag.py for tasks to queue
[2023-10-16T21:10:44.560-0400] {logging_mixin.py:151} INFO - [2023-10-16T21:10:44.560-0400] {dagbag.py:536} INFO - Filling up the DagBag from /Users/kniu91/opt/anaconda3/envs/fftool_conda/lib/python3.11/site-packages/airflow/example_dags/example_skip_dag.py
[2023-10-16T21:10:44.573-0400] {processor.py:839} INFO - DAG(s) dict_keys(['example_skip_dag']) retrieved from /Users/kniu91/opt/anaconda3/envs/fftool_conda/lib/python3.11/site-packages/airflow/example_dags/example_skip_dag.py
[2023-10-16T21:10:44.661-0400] {logging_mixin.py:151} INFO - [2023-10-16T21:10:44.661-0400] {dag.py:2941} INFO - Sync 1 DAGs
[2023-10-16T21:10:44.669-0400] {logging_mixin.py:151} INFO - [2023-10-16T21:10:44.669-0400] {dag.py:3722} INFO - Setting next_dagrun for example_skip_dag to 2023-10-16T01:10:44.669527+00:00, run_after=2023-10-17T01:10:44.669527+00:00
[2023-10-16T21:10:44.679-0400] {processor.py:179} INFO - Processing /Users/kniu91/opt/anaconda3/envs/fftool_conda/lib/python3.11/site-packages/airflow/example_dags/example_skip_dag.py took 0.122 seconds
[2023-10-16T21:12:06.405-0400] {processor.py:157} INFO - Started process (PID=20842) to work on /Users/kniu91/opt/anaconda3/envs/fftool_conda/lib/python3.11/site-packages/airflow/example_dags/example_skip_dag.py
[2023-10-16T21:12:06.407-0400] {processor.py:829} INFO - Processing file /Users/kniu91/opt/anaconda3/envs/fftool_conda/lib/python3.11/site-packages/airflow/example_dags/example_skip_dag.py for tasks to queue
[2023-10-16T21:12:06.407-0400] {logging_mixin.py:151} INFO - [2023-10-16T21:12:06.407-0400] {dagbag.py:536} INFO - Filling up the DagBag from /Users/kniu91/opt/anaconda3/envs/fftool_conda/lib/python3.11/site-packages/airflow/example_dags/example_skip_dag.py
[2023-10-16T21:12:06.420-0400] {processor.py:839} INFO - DAG(s) dict_keys(['example_skip_dag']) retrieved from /Users/kniu91/opt/anaconda3/envs/fftool_conda/lib/python3.11/site-packages/airflow/example_dags/example_skip_dag.py
[2023-10-16T21:12:06.509-0400] {logging_mixin.py:151} INFO - [2023-10-16T21:12:06.509-0400] {dag.py:2941} INFO - Sync 1 DAGs
[2023-10-16T21:12:06.517-0400] {logging_mixin.py:151} INFO - [2023-10-16T21:12:06.517-0400] {dag.py:3722} INFO - Setting next_dagrun for example_skip_dag to 2023-10-16T01:12:06.517342+00:00, run_after=2023-10-17T01:12:06.517342+00:00
[2023-10-16T21:12:06.526-0400] {processor.py:179} INFO - Processing /Users/kniu91/opt/anaconda3/envs/fftool_conda/lib/python3.11/site-packages/airflow/example_dags/example_skip_dag.py took 0.122 seconds
