[2023-10-16T21:04:18.260-0400] {processor.py:157} INFO - Started process (PID=20382) to work on /Users/kniu91/opt/anaconda3/envs/fftool_conda/lib/python3.11/site-packages/airflow/example_dags/example_setup_teardown_taskflow.py
[2023-10-16T21:04:18.263-0400] {processor.py:829} INFO - Processing file /Users/kniu91/opt/anaconda3/envs/fftool_conda/lib/python3.11/site-packages/airflow/example_dags/example_setup_teardown_taskflow.py for tasks to queue
[2023-10-16T21:04:18.263-0400] {logging_mixin.py:151} INFO - [2023-10-16T21:04:18.263-0400] {dagbag.py:536} INFO - Filling up the DagBag from /Users/kniu91/opt/anaconda3/envs/fftool_conda/lib/python3.11/site-packages/airflow/example_dags/example_setup_teardown_taskflow.py
[2023-10-16T21:04:18.297-0400] {processor.py:839} INFO - DAG(s) dict_keys(['example_setup_teardown_taskflow']) retrieved from /Users/kniu91/opt/anaconda3/envs/fftool_conda/lib/python3.11/site-packages/airflow/example_dags/example_setup_teardown_taskflow.py
[2023-10-16T21:04:18.632-0400] {logging_mixin.py:151} INFO - [2023-10-16T21:04:18.632-0400] {manager.py:499} INFO - Created Permission View: %s
[2023-10-16T21:04:18.638-0400] {logging_mixin.py:151} INFO - [2023-10-16T21:04:18.637-0400] {manager.py:499} INFO - Created Permission View: %s
[2023-10-16T21:04:18.641-0400] {logging_mixin.py:151} INFO - [2023-10-16T21:04:18.641-0400] {manager.py:499} INFO - Created Permission View: %s
[2023-10-16T21:04:18.641-0400] {logging_mixin.py:151} INFO - [2023-10-16T21:04:18.641-0400] {dag.py:2941} INFO - Sync 1 DAGs
[2023-10-16T21:04:18.647-0400] {logging_mixin.py:151} INFO - [2023-10-16T21:04:18.647-0400] {dag.py:2963} INFO - Creating ORM DAG for example_setup_teardown_taskflow
[2023-10-16T21:04:18.652-0400] {logging_mixin.py:151} INFO - [2023-10-16T21:04:18.651-0400] {dag.py:3722} INFO - Setting next_dagrun for example_setup_teardown_taskflow to 2023-10-16T01:04:18.651848+00:00, run_after=2023-10-17T01:04:18.651848+00:00
[2023-10-16T21:04:18.661-0400] {processor.py:179} INFO - Processing /Users/kniu91/opt/anaconda3/envs/fftool_conda/lib/python3.11/site-packages/airflow/example_dags/example_setup_teardown_taskflow.py took 0.401 seconds
[2023-10-16T21:05:43.213-0400] {processor.py:157} INFO - Started process (PID=20475) to work on /Users/kniu91/opt/anaconda3/envs/fftool_conda/lib/python3.11/site-packages/airflow/example_dags/example_setup_teardown_taskflow.py
[2023-10-16T21:05:43.215-0400] {processor.py:829} INFO - Processing file /Users/kniu91/opt/anaconda3/envs/fftool_conda/lib/python3.11/site-packages/airflow/example_dags/example_setup_teardown_taskflow.py for tasks to queue
[2023-10-16T21:05:43.216-0400] {logging_mixin.py:151} INFO - [2023-10-16T21:05:43.215-0400] {dagbag.py:536} INFO - Filling up the DagBag from /Users/kniu91/opt/anaconda3/envs/fftool_conda/lib/python3.11/site-packages/airflow/example_dags/example_setup_teardown_taskflow.py
[2023-10-16T21:05:43.245-0400] {processor.py:839} INFO - DAG(s) dict_keys(['example_setup_teardown_taskflow']) retrieved from /Users/kniu91/opt/anaconda3/envs/fftool_conda/lib/python3.11/site-packages/airflow/example_dags/example_setup_teardown_taskflow.py
[2023-10-16T21:05:43.351-0400] {logging_mixin.py:151} INFO - [2023-10-16T21:05:43.350-0400] {dag.py:2941} INFO - Sync 1 DAGs
[2023-10-16T21:05:43.358-0400] {logging_mixin.py:151} INFO - [2023-10-16T21:05:43.358-0400] {dag.py:3722} INFO - Setting next_dagrun for example_setup_teardown_taskflow to 2023-10-16T01:05:43.358554+00:00, run_after=2023-10-17T01:05:43.358554+00:00
[2023-10-16T21:05:43.367-0400] {processor.py:179} INFO - Processing /Users/kniu91/opt/anaconda3/envs/fftool_conda/lib/python3.11/site-packages/airflow/example_dags/example_setup_teardown_taskflow.py took 0.154 seconds
[2023-10-16T21:07:17.892-0400] {processor.py:157} INFO - Started process (PID=20581) to work on /Users/kniu91/opt/anaconda3/envs/fftool_conda/lib/python3.11/site-packages/airflow/example_dags/example_setup_teardown_taskflow.py
[2023-10-16T21:07:17.894-0400] {processor.py:829} INFO - Processing file /Users/kniu91/opt/anaconda3/envs/fftool_conda/lib/python3.11/site-packages/airflow/example_dags/example_setup_teardown_taskflow.py for tasks to queue
[2023-10-16T21:07:17.894-0400] {logging_mixin.py:151} INFO - [2023-10-16T21:07:17.894-0400] {dagbag.py:536} INFO - Filling up the DagBag from /Users/kniu91/opt/anaconda3/envs/fftool_conda/lib/python3.11/site-packages/airflow/example_dags/example_setup_teardown_taskflow.py
[2023-10-16T21:07:17.926-0400] {processor.py:839} INFO - DAG(s) dict_keys(['example_setup_teardown_taskflow']) retrieved from /Users/kniu91/opt/anaconda3/envs/fftool_conda/lib/python3.11/site-packages/airflow/example_dags/example_setup_teardown_taskflow.py
[2023-10-16T21:07:18.019-0400] {logging_mixin.py:151} INFO - [2023-10-16T21:07:18.018-0400] {dag.py:2941} INFO - Sync 1 DAGs
[2023-10-16T21:07:18.027-0400] {logging_mixin.py:151} INFO - [2023-10-16T21:07:18.027-0400] {dag.py:3722} INFO - Setting next_dagrun for example_setup_teardown_taskflow to 2023-10-16T01:07:18.026929+00:00, run_after=2023-10-17T01:07:18.026929+00:00
[2023-10-16T21:07:18.038-0400] {processor.py:179} INFO - Processing /Users/kniu91/opt/anaconda3/envs/fftool_conda/lib/python3.11/site-packages/airflow/example_dags/example_setup_teardown_taskflow.py took 0.146 seconds
[2023-10-16T21:10:50.183-0400] {processor.py:157} INFO - Started process (PID=20788) to work on /Users/kniu91/opt/anaconda3/envs/fftool_conda/lib/python3.11/site-packages/airflow/example_dags/example_setup_teardown_taskflow.py
[2023-10-16T21:10:50.185-0400] {processor.py:829} INFO - Processing file /Users/kniu91/opt/anaconda3/envs/fftool_conda/lib/python3.11/site-packages/airflow/example_dags/example_setup_teardown_taskflow.py for tasks to queue
[2023-10-16T21:10:50.185-0400] {logging_mixin.py:151} INFO - [2023-10-16T21:10:50.185-0400] {dagbag.py:536} INFO - Filling up the DagBag from /Users/kniu91/opt/anaconda3/envs/fftool_conda/lib/python3.11/site-packages/airflow/example_dags/example_setup_teardown_taskflow.py
[2023-10-16T21:10:50.214-0400] {processor.py:839} INFO - DAG(s) dict_keys(['example_setup_teardown_taskflow']) retrieved from /Users/kniu91/opt/anaconda3/envs/fftool_conda/lib/python3.11/site-packages/airflow/example_dags/example_setup_teardown_taskflow.py
[2023-10-16T21:10:50.301-0400] {logging_mixin.py:151} INFO - [2023-10-16T21:10:50.301-0400] {dag.py:2941} INFO - Sync 1 DAGs
[2023-10-16T21:10:50.309-0400] {logging_mixin.py:151} INFO - [2023-10-16T21:10:50.308-0400] {dag.py:3722} INFO - Setting next_dagrun for example_setup_teardown_taskflow to 2023-10-16T01:10:50.308903+00:00, run_after=2023-10-17T01:10:50.308903+00:00
[2023-10-16T21:10:50.318-0400] {processor.py:179} INFO - Processing /Users/kniu91/opt/anaconda3/envs/fftool_conda/lib/python3.11/site-packages/airflow/example_dags/example_setup_teardown_taskflow.py took 0.136 seconds
[2023-10-16T21:12:12.102-0400] {processor.py:157} INFO - Started process (PID=20845) to work on /Users/kniu91/opt/anaconda3/envs/fftool_conda/lib/python3.11/site-packages/airflow/example_dags/example_setup_teardown_taskflow.py
[2023-10-16T21:12:12.104-0400] {processor.py:829} INFO - Processing file /Users/kniu91/opt/anaconda3/envs/fftool_conda/lib/python3.11/site-packages/airflow/example_dags/example_setup_teardown_taskflow.py for tasks to queue
[2023-10-16T21:12:12.105-0400] {logging_mixin.py:151} INFO - [2023-10-16T21:12:12.105-0400] {dagbag.py:536} INFO - Filling up the DagBag from /Users/kniu91/opt/anaconda3/envs/fftool_conda/lib/python3.11/site-packages/airflow/example_dags/example_setup_teardown_taskflow.py
[2023-10-16T21:12:12.134-0400] {processor.py:839} INFO - DAG(s) dict_keys(['example_setup_teardown_taskflow']) retrieved from /Users/kniu91/opt/anaconda3/envs/fftool_conda/lib/python3.11/site-packages/airflow/example_dags/example_setup_teardown_taskflow.py
[2023-10-16T21:12:12.305-0400] {logging_mixin.py:151} INFO - [2023-10-16T21:12:12.304-0400] {dag.py:2941} INFO - Sync 1 DAGs
[2023-10-16T21:12:12.316-0400] {logging_mixin.py:151} INFO - [2023-10-16T21:12:12.316-0400] {dag.py:3722} INFO - Setting next_dagrun for example_setup_teardown_taskflow to 2023-10-16T01:12:12.316148+00:00, run_after=2023-10-17T01:12:12.316148+00:00
[2023-10-16T21:12:12.327-0400] {processor.py:179} INFO - Processing /Users/kniu91/opt/anaconda3/envs/fftool_conda/lib/python3.11/site-packages/airflow/example_dags/example_setup_teardown_taskflow.py took 0.225 seconds
