[2023-10-16T21:04:14.135-0400] {processor.py:157} INFO - Started process (PID=20373) to work on /Users/kniu91/opt/anaconda3/envs/fftool_conda/lib/python3.11/site-packages/airflow/example_dags/example_short_circuit_operator.py
[2023-10-16T21:04:14.137-0400] {processor.py:829} INFO - Processing file /Users/kniu91/opt/anaconda3/envs/fftool_conda/lib/python3.11/site-packages/airflow/example_dags/example_short_circuit_operator.py for tasks to queue
[2023-10-16T21:04:14.137-0400] {logging_mixin.py:151} INFO - [2023-10-16T21:04:14.137-0400] {dagbag.py:536} INFO - Filling up the DagBag from /Users/kniu91/opt/anaconda3/envs/fftool_conda/lib/python3.11/site-packages/airflow/example_dags/example_short_circuit_operator.py
[2023-10-16T21:04:14.159-0400] {processor.py:839} INFO - DAG(s) dict_keys(['example_short_circuit_operator']) retrieved from /Users/kniu91/opt/anaconda3/envs/fftool_conda/lib/python3.11/site-packages/airflow/example_dags/example_short_circuit_operator.py
[2023-10-16T21:04:14.437-0400] {logging_mixin.py:151} INFO - [2023-10-16T21:04:14.437-0400] {manager.py:499} INFO - Created Permission View: %s
[2023-10-16T21:04:14.441-0400] {logging_mixin.py:151} INFO - [2023-10-16T21:04:14.441-0400] {manager.py:499} INFO - Created Permission View: %s
[2023-10-16T21:04:14.444-0400] {logging_mixin.py:151} INFO - [2023-10-16T21:04:14.444-0400] {manager.py:499} INFO - Created Permission View: %s
[2023-10-16T21:04:14.444-0400] {logging_mixin.py:151} INFO - [2023-10-16T21:04:14.444-0400] {dag.py:2941} INFO - Sync 1 DAGs
[2023-10-16T21:04:14.449-0400] {logging_mixin.py:151} INFO - [2023-10-16T21:04:14.449-0400] {dag.py:2963} INFO - Creating ORM DAG for example_short_circuit_operator
[2023-10-16T21:04:14.453-0400] {logging_mixin.py:151} INFO - [2023-10-16T21:04:14.453-0400] {dag.py:3722} INFO - Setting next_dagrun for example_short_circuit_operator to 2023-10-16T01:04:14.452990+00:00, run_after=2023-10-17T01:04:14.452990+00:00
[2023-10-16T21:04:14.462-0400] {processor.py:179} INFO - Processing /Users/kniu91/opt/anaconda3/envs/fftool_conda/lib/python3.11/site-packages/airflow/example_dags/example_short_circuit_operator.py took 0.327 seconds
[2023-10-16T21:05:39.161-0400] {processor.py:157} INFO - Started process (PID=20471) to work on /Users/kniu91/opt/anaconda3/envs/fftool_conda/lib/python3.11/site-packages/airflow/example_dags/example_short_circuit_operator.py
[2023-10-16T21:05:39.163-0400] {processor.py:829} INFO - Processing file /Users/kniu91/opt/anaconda3/envs/fftool_conda/lib/python3.11/site-packages/airflow/example_dags/example_short_circuit_operator.py for tasks to queue
[2023-10-16T21:05:39.163-0400] {logging_mixin.py:151} INFO - [2023-10-16T21:05:39.163-0400] {dagbag.py:536} INFO - Filling up the DagBag from /Users/kniu91/opt/anaconda3/envs/fftool_conda/lib/python3.11/site-packages/airflow/example_dags/example_short_circuit_operator.py
[2023-10-16T21:05:39.184-0400] {processor.py:839} INFO - DAG(s) dict_keys(['example_short_circuit_operator']) retrieved from /Users/kniu91/opt/anaconda3/envs/fftool_conda/lib/python3.11/site-packages/airflow/example_dags/example_short_circuit_operator.py
[2023-10-16T21:05:39.274-0400] {logging_mixin.py:151} INFO - [2023-10-16T21:05:39.274-0400] {dag.py:2941} INFO - Sync 1 DAGs
[2023-10-16T21:05:39.281-0400] {logging_mixin.py:151} INFO - [2023-10-16T21:05:39.281-0400] {dag.py:3722} INFO - Setting next_dagrun for example_short_circuit_operator to 2023-10-16T01:05:39.281798+00:00, run_after=2023-10-17T01:05:39.281798+00:00
[2023-10-16T21:05:39.291-0400] {processor.py:179} INFO - Processing /Users/kniu91/opt/anaconda3/envs/fftool_conda/lib/python3.11/site-packages/airflow/example_dags/example_short_circuit_operator.py took 0.130 seconds
[2023-10-16T21:07:13.928-0400] {processor.py:157} INFO - Started process (PID=20579) to work on /Users/kniu91/opt/anaconda3/envs/fftool_conda/lib/python3.11/site-packages/airflow/example_dags/example_short_circuit_operator.py
[2023-10-16T21:07:13.930-0400] {processor.py:829} INFO - Processing file /Users/kniu91/opt/anaconda3/envs/fftool_conda/lib/python3.11/site-packages/airflow/example_dags/example_short_circuit_operator.py for tasks to queue
[2023-10-16T21:07:13.930-0400] {logging_mixin.py:151} INFO - [2023-10-16T21:07:13.930-0400] {dagbag.py:536} INFO - Filling up the DagBag from /Users/kniu91/opt/anaconda3/envs/fftool_conda/lib/python3.11/site-packages/airflow/example_dags/example_short_circuit_operator.py
[2023-10-16T21:07:13.952-0400] {processor.py:839} INFO - DAG(s) dict_keys(['example_short_circuit_operator']) retrieved from /Users/kniu91/opt/anaconda3/envs/fftool_conda/lib/python3.11/site-packages/airflow/example_dags/example_short_circuit_operator.py
[2023-10-16T21:07:14.046-0400] {logging_mixin.py:151} INFO - [2023-10-16T21:07:14.045-0400] {dag.py:2941} INFO - Sync 1 DAGs
[2023-10-16T21:07:14.053-0400] {logging_mixin.py:151} INFO - [2023-10-16T21:07:14.053-0400] {dag.py:3722} INFO - Setting next_dagrun for example_short_circuit_operator to 2023-10-16T01:07:14.053725+00:00, run_after=2023-10-17T01:07:14.053725+00:00
[2023-10-16T21:07:14.063-0400] {processor.py:179} INFO - Processing /Users/kniu91/opt/anaconda3/envs/fftool_conda/lib/python3.11/site-packages/airflow/example_dags/example_short_circuit_operator.py took 0.135 seconds
[2023-10-16T21:09:05.078-0400] {processor.py:157} INFO - Started process (PID=20680) to work on /Users/kniu91/opt/anaconda3/envs/fftool_conda/lib/python3.11/site-packages/airflow/example_dags/example_short_circuit_operator.py
[2023-10-16T21:09:05.080-0400] {processor.py:829} INFO - Processing file /Users/kniu91/opt/anaconda3/envs/fftool_conda/lib/python3.11/site-packages/airflow/example_dags/example_short_circuit_operator.py for tasks to queue
[2023-10-16T21:09:05.080-0400] {logging_mixin.py:151} INFO - [2023-10-16T21:09:05.080-0400] {dagbag.py:536} INFO - Filling up the DagBag from /Users/kniu91/opt/anaconda3/envs/fftool_conda/lib/python3.11/site-packages/airflow/example_dags/example_short_circuit_operator.py
[2023-10-16T21:09:05.101-0400] {processor.py:839} INFO - DAG(s) dict_keys(['example_short_circuit_operator']) retrieved from /Users/kniu91/opt/anaconda3/envs/fftool_conda/lib/python3.11/site-packages/airflow/example_dags/example_short_circuit_operator.py
[2023-10-16T21:09:05.194-0400] {logging_mixin.py:151} INFO - [2023-10-16T21:09:05.194-0400] {dag.py:2941} INFO - Sync 1 DAGs
[2023-10-16T21:09:05.202-0400] {logging_mixin.py:151} INFO - [2023-10-16T21:09:05.202-0400] {dag.py:3722} INFO - Setting next_dagrun for example_short_circuit_operator to 2023-10-16T01:09:05.202222+00:00, run_after=2023-10-17T01:09:05.202222+00:00
[2023-10-16T21:09:05.211-0400] {processor.py:179} INFO - Processing /Users/kniu91/opt/anaconda3/envs/fftool_conda/lib/python3.11/site-packages/airflow/example_dags/example_short_circuit_operator.py took 0.134 seconds
[2023-10-16T21:10:46.439-0400] {processor.py:157} INFO - Started process (PID=20786) to work on /Users/kniu91/opt/anaconda3/envs/fftool_conda/lib/python3.11/site-packages/airflow/example_dags/example_short_circuit_operator.py
[2023-10-16T21:10:46.441-0400] {processor.py:829} INFO - Processing file /Users/kniu91/opt/anaconda3/envs/fftool_conda/lib/python3.11/site-packages/airflow/example_dags/example_short_circuit_operator.py for tasks to queue
[2023-10-16T21:10:46.442-0400] {logging_mixin.py:151} INFO - [2023-10-16T21:10:46.442-0400] {dagbag.py:536} INFO - Filling up the DagBag from /Users/kniu91/opt/anaconda3/envs/fftool_conda/lib/python3.11/site-packages/airflow/example_dags/example_short_circuit_operator.py
[2023-10-16T21:10:46.463-0400] {processor.py:839} INFO - DAG(s) dict_keys(['example_short_circuit_operator']) retrieved from /Users/kniu91/opt/anaconda3/envs/fftool_conda/lib/python3.11/site-packages/airflow/example_dags/example_short_circuit_operator.py
[2023-10-16T21:10:46.554-0400] {logging_mixin.py:151} INFO - [2023-10-16T21:10:46.554-0400] {dag.py:2941} INFO - Sync 1 DAGs
[2023-10-16T21:10:46.561-0400] {logging_mixin.py:151} INFO - [2023-10-16T21:10:46.561-0400] {dag.py:3722} INFO - Setting next_dagrun for example_short_circuit_operator to 2023-10-16T01:10:46.561540+00:00, run_after=2023-10-17T01:10:46.561540+00:00
[2023-10-16T21:10:46.571-0400] {processor.py:179} INFO - Processing /Users/kniu91/opt/anaconda3/envs/fftool_conda/lib/python3.11/site-packages/airflow/example_dags/example_short_circuit_operator.py took 0.132 seconds
[2023-10-16T21:12:08.256-0400] {processor.py:157} INFO - Started process (PID=20843) to work on /Users/kniu91/opt/anaconda3/envs/fftool_conda/lib/python3.11/site-packages/airflow/example_dags/example_short_circuit_operator.py
[2023-10-16T21:12:08.259-0400] {processor.py:829} INFO - Processing file /Users/kniu91/opt/anaconda3/envs/fftool_conda/lib/python3.11/site-packages/airflow/example_dags/example_short_circuit_operator.py for tasks to queue
[2023-10-16T21:12:08.259-0400] {logging_mixin.py:151} INFO - [2023-10-16T21:12:08.259-0400] {dagbag.py:536} INFO - Filling up the DagBag from /Users/kniu91/opt/anaconda3/envs/fftool_conda/lib/python3.11/site-packages/airflow/example_dags/example_short_circuit_operator.py
[2023-10-16T21:12:08.280-0400] {processor.py:839} INFO - DAG(s) dict_keys(['example_short_circuit_operator']) retrieved from /Users/kniu91/opt/anaconda3/envs/fftool_conda/lib/python3.11/site-packages/airflow/example_dags/example_short_circuit_operator.py
[2023-10-16T21:12:08.371-0400] {logging_mixin.py:151} INFO - [2023-10-16T21:12:08.371-0400] {dag.py:2941} INFO - Sync 1 DAGs
[2023-10-16T21:12:08.379-0400] {logging_mixin.py:151} INFO - [2023-10-16T21:12:08.379-0400] {dag.py:3722} INFO - Setting next_dagrun for example_short_circuit_operator to 2023-10-16T01:12:08.379260+00:00, run_after=2023-10-17T01:12:08.379260+00:00
[2023-10-16T21:12:08.388-0400] {processor.py:179} INFO - Processing /Users/kniu91/opt/anaconda3/envs/fftool_conda/lib/python3.11/site-packages/airflow/example_dags/example_short_circuit_operator.py took 0.132 seconds
