[2023-10-16T21:03:56.365-0400] {processor.py:157} INFO - Started process (PID=20356) to work on /Users/kniu91/opt/anaconda3/envs/fftool_conda/lib/python3.11/site-packages/airflow/example_dags/example_xcom.py
[2023-10-16T21:03:56.367-0400] {processor.py:829} INFO - Processing file /Users/kniu91/opt/anaconda3/envs/fftool_conda/lib/python3.11/site-packages/airflow/example_dags/example_xcom.py for tasks to queue
[2023-10-16T21:03:56.367-0400] {logging_mixin.py:151} INFO - [2023-10-16T21:03:56.367-0400] {dagbag.py:536} INFO - Filling up the DagBag from /Users/kniu91/opt/anaconda3/envs/fftool_conda/lib/python3.11/site-packages/airflow/example_dags/example_xcom.py
[2023-10-16T21:03:56.397-0400] {processor.py:839} INFO - DAG(s) dict_keys(['example_xcom']) retrieved from /Users/kniu91/opt/anaconda3/envs/fftool_conda/lib/python3.11/site-packages/airflow/example_dags/example_xcom.py
[2023-10-16T21:03:56.675-0400] {logging_mixin.py:151} INFO - [2023-10-16T21:03:56.675-0400] {manager.py:499} INFO - Created Permission View: %s
[2023-10-16T21:03:56.679-0400] {logging_mixin.py:151} INFO - [2023-10-16T21:03:56.679-0400] {manager.py:499} INFO - Created Permission View: %s
[2023-10-16T21:03:56.681-0400] {logging_mixin.py:151} INFO - [2023-10-16T21:03:56.681-0400] {manager.py:499} INFO - Created Permission View: %s
[2023-10-16T21:03:56.681-0400] {logging_mixin.py:151} INFO - [2023-10-16T21:03:56.681-0400] {dag.py:2941} INFO - Sync 1 DAGs
[2023-10-16T21:03:56.687-0400] {logging_mixin.py:151} INFO - [2023-10-16T21:03:56.687-0400] {dag.py:2963} INFO - Creating ORM DAG for example_xcom
[2023-10-16T21:03:56.690-0400] {logging_mixin.py:151} INFO - [2023-10-16T21:03:56.690-0400] {dag.py:3722} INFO - Setting next_dagrun for example_xcom to 2021-01-01T00:00:00+00:00, run_after=2021-01-01T00:00:00+00:00
[2023-10-16T21:03:56.699-0400] {processor.py:179} INFO - Processing /Users/kniu91/opt/anaconda3/envs/fftool_conda/lib/python3.11/site-packages/airflow/example_dags/example_xcom.py took 0.335 seconds
[2023-10-16T21:05:24.894-0400] {processor.py:157} INFO - Started process (PID=20450) to work on /Users/kniu91/opt/anaconda3/envs/fftool_conda/lib/python3.11/site-packages/airflow/example_dags/example_xcom.py
[2023-10-16T21:05:24.897-0400] {processor.py:829} INFO - Processing file /Users/kniu91/opt/anaconda3/envs/fftool_conda/lib/python3.11/site-packages/airflow/example_dags/example_xcom.py for tasks to queue
[2023-10-16T21:05:24.897-0400] {logging_mixin.py:151} INFO - [2023-10-16T21:05:24.897-0400] {dagbag.py:536} INFO - Filling up the DagBag from /Users/kniu91/opt/anaconda3/envs/fftool_conda/lib/python3.11/site-packages/airflow/example_dags/example_xcom.py
[2023-10-16T21:05:24.926-0400] {processor.py:839} INFO - DAG(s) dict_keys(['example_xcom']) retrieved from /Users/kniu91/opt/anaconda3/envs/fftool_conda/lib/python3.11/site-packages/airflow/example_dags/example_xcom.py
[2023-10-16T21:05:25.013-0400] {logging_mixin.py:151} INFO - [2023-10-16T21:05:25.013-0400] {dag.py:2941} INFO - Sync 1 DAGs
[2023-10-16T21:05:25.021-0400] {logging_mixin.py:151} INFO - [2023-10-16T21:05:25.020-0400] {dag.py:3722} INFO - Setting next_dagrun for example_xcom to 2021-01-01T00:00:00+00:00, run_after=2021-01-01T00:00:00+00:00
[2023-10-16T21:05:25.030-0400] {processor.py:179} INFO - Processing /Users/kniu91/opt/anaconda3/envs/fftool_conda/lib/python3.11/site-packages/airflow/example_dags/example_xcom.py took 0.136 seconds
[2023-10-16T21:06:17.190-0400] {processor.py:157} INFO - Started process (PID=20516) to work on /Users/kniu91/opt/anaconda3/envs/fftool_conda/lib/python3.11/site-packages/airflow/example_dags/example_xcom.py
[2023-10-16T21:06:17.192-0400] {processor.py:829} INFO - Processing file /Users/kniu91/opt/anaconda3/envs/fftool_conda/lib/python3.11/site-packages/airflow/example_dags/example_xcom.py for tasks to queue
[2023-10-16T21:06:17.192-0400] {logging_mixin.py:151} INFO - [2023-10-16T21:06:17.192-0400] {dagbag.py:536} INFO - Filling up the DagBag from /Users/kniu91/opt/anaconda3/envs/fftool_conda/lib/python3.11/site-packages/airflow/example_dags/example_xcom.py
[2023-10-16T21:06:17.222-0400] {processor.py:839} INFO - DAG(s) dict_keys(['example_xcom']) retrieved from /Users/kniu91/opt/anaconda3/envs/fftool_conda/lib/python3.11/site-packages/airflow/example_dags/example_xcom.py
[2023-10-16T21:06:17.313-0400] {logging_mixin.py:151} INFO - [2023-10-16T21:06:17.313-0400] {dag.py:2941} INFO - Sync 1 DAGs
[2023-10-16T21:06:17.321-0400] {logging_mixin.py:151} INFO - [2023-10-16T21:06:17.321-0400] {dag.py:3722} INFO - Setting next_dagrun for example_xcom to 2021-01-01T00:00:00+00:00, run_after=2021-01-01T00:00:00+00:00
[2023-10-16T21:06:17.331-0400] {processor.py:179} INFO - Processing /Users/kniu91/opt/anaconda3/envs/fftool_conda/lib/python3.11/site-packages/airflow/example_dags/example_xcom.py took 0.142 seconds
[2023-10-16T21:06:55.828-0400] {processor.py:157} INFO - Started process (PID=20559) to work on /Users/kniu91/opt/anaconda3/envs/fftool_conda/lib/python3.11/site-packages/airflow/example_dags/example_xcom.py
[2023-10-16T21:06:55.830-0400] {processor.py:829} INFO - Processing file /Users/kniu91/opt/anaconda3/envs/fftool_conda/lib/python3.11/site-packages/airflow/example_dags/example_xcom.py for tasks to queue
[2023-10-16T21:06:55.831-0400] {logging_mixin.py:151} INFO - [2023-10-16T21:06:55.830-0400] {dagbag.py:536} INFO - Filling up the DagBag from /Users/kniu91/opt/anaconda3/envs/fftool_conda/lib/python3.11/site-packages/airflow/example_dags/example_xcom.py
[2023-10-16T21:06:55.861-0400] {processor.py:839} INFO - DAG(s) dict_keys(['example_xcom']) retrieved from /Users/kniu91/opt/anaconda3/envs/fftool_conda/lib/python3.11/site-packages/airflow/example_dags/example_xcom.py
[2023-10-16T21:06:55.951-0400] {logging_mixin.py:151} INFO - [2023-10-16T21:06:55.951-0400] {dag.py:2941} INFO - Sync 1 DAGs
[2023-10-16T21:06:55.958-0400] {logging_mixin.py:151} INFO - [2023-10-16T21:06:55.958-0400] {dag.py:3722} INFO - Setting next_dagrun for example_xcom to 2021-01-01T00:00:00+00:00, run_after=2021-01-01T00:00:00+00:00
[2023-10-16T21:06:55.968-0400] {processor.py:179} INFO - Processing /Users/kniu91/opt/anaconda3/envs/fftool_conda/lib/python3.11/site-packages/airflow/example_dags/example_xcom.py took 0.140 seconds
[2023-10-16T21:08:21.425-0400] {processor.py:157} INFO - Started process (PID=20635) to work on /Users/kniu91/opt/anaconda3/envs/fftool_conda/lib/python3.11/site-packages/airflow/example_dags/example_xcom.py
[2023-10-16T21:08:21.427-0400] {processor.py:829} INFO - Processing file /Users/kniu91/opt/anaconda3/envs/fftool_conda/lib/python3.11/site-packages/airflow/example_dags/example_xcom.py for tasks to queue
[2023-10-16T21:08:21.427-0400] {logging_mixin.py:151} INFO - [2023-10-16T21:08:21.427-0400] {dagbag.py:536} INFO - Filling up the DagBag from /Users/kniu91/opt/anaconda3/envs/fftool_conda/lib/python3.11/site-packages/airflow/example_dags/example_xcom.py
[2023-10-16T21:08:21.459-0400] {processor.py:839} INFO - DAG(s) dict_keys(['example_xcom']) retrieved from /Users/kniu91/opt/anaconda3/envs/fftool_conda/lib/python3.11/site-packages/airflow/example_dags/example_xcom.py
[2023-10-16T21:08:21.548-0400] {logging_mixin.py:151} INFO - [2023-10-16T21:08:21.547-0400] {dag.py:2941} INFO - Sync 1 DAGs
[2023-10-16T21:08:21.555-0400] {logging_mixin.py:151} INFO - [2023-10-16T21:08:21.555-0400] {dag.py:3722} INFO - Setting next_dagrun for example_xcom to 2021-01-01T00:00:00+00:00, run_after=2021-01-01T00:00:00+00:00
[2023-10-16T21:08:21.564-0400] {processor.py:179} INFO - Processing /Users/kniu91/opt/anaconda3/envs/fftool_conda/lib/python3.11/site-packages/airflow/example_dags/example_xcom.py took 0.139 seconds
[2023-10-16T21:08:48.582-0400] {processor.py:157} INFO - Started process (PID=20668) to work on /Users/kniu91/opt/anaconda3/envs/fftool_conda/lib/python3.11/site-packages/airflow/example_dags/example_xcom.py
[2023-10-16T21:08:48.584-0400] {processor.py:829} INFO - Processing file /Users/kniu91/opt/anaconda3/envs/fftool_conda/lib/python3.11/site-packages/airflow/example_dags/example_xcom.py for tasks to queue
[2023-10-16T21:08:48.585-0400] {logging_mixin.py:151} INFO - [2023-10-16T21:08:48.585-0400] {dagbag.py:536} INFO - Filling up the DagBag from /Users/kniu91/opt/anaconda3/envs/fftool_conda/lib/python3.11/site-packages/airflow/example_dags/example_xcom.py
[2023-10-16T21:08:48.616-0400] {processor.py:839} INFO - DAG(s) dict_keys(['example_xcom']) retrieved from /Users/kniu91/opt/anaconda3/envs/fftool_conda/lib/python3.11/site-packages/airflow/example_dags/example_xcom.py
[2023-10-16T21:08:48.707-0400] {logging_mixin.py:151} INFO - [2023-10-16T21:08:48.707-0400] {dag.py:2941} INFO - Sync 1 DAGs
[2023-10-16T21:08:48.715-0400] {logging_mixin.py:151} INFO - [2023-10-16T21:08:48.715-0400] {dag.py:3722} INFO - Setting next_dagrun for example_xcom to 2021-01-01T00:00:00+00:00, run_after=2021-01-01T00:00:00+00:00
[2023-10-16T21:08:48.725-0400] {processor.py:179} INFO - Processing /Users/kniu91/opt/anaconda3/envs/fftool_conda/lib/python3.11/site-packages/airflow/example_dags/example_xcom.py took 0.143 seconds
[2023-10-16T21:10:29.934-0400] {processor.py:157} INFO - Started process (PID=20776) to work on /Users/kniu91/opt/anaconda3/envs/fftool_conda/lib/python3.11/site-packages/airflow/example_dags/example_xcom.py
[2023-10-16T21:10:29.937-0400] {processor.py:829} INFO - Processing file /Users/kniu91/opt/anaconda3/envs/fftool_conda/lib/python3.11/site-packages/airflow/example_dags/example_xcom.py for tasks to queue
[2023-10-16T21:10:29.937-0400] {logging_mixin.py:151} INFO - [2023-10-16T21:10:29.937-0400] {dagbag.py:536} INFO - Filling up the DagBag from /Users/kniu91/opt/anaconda3/envs/fftool_conda/lib/python3.11/site-packages/airflow/example_dags/example_xcom.py
[2023-10-16T21:10:29.971-0400] {processor.py:839} INFO - DAG(s) dict_keys(['example_xcom']) retrieved from /Users/kniu91/opt/anaconda3/envs/fftool_conda/lib/python3.11/site-packages/airflow/example_dags/example_xcom.py
[2023-10-16T21:10:30.063-0400] {logging_mixin.py:151} INFO - [2023-10-16T21:10:30.063-0400] {dag.py:2941} INFO - Sync 1 DAGs
[2023-10-16T21:10:30.071-0400] {logging_mixin.py:151} INFO - [2023-10-16T21:10:30.071-0400] {dag.py:3722} INFO - Setting next_dagrun for example_xcom to 2021-01-01T00:00:00+00:00, run_after=2021-01-01T00:00:00+00:00
[2023-10-16T21:10:30.080-0400] {processor.py:179} INFO - Processing /Users/kniu91/opt/anaconda3/envs/fftool_conda/lib/python3.11/site-packages/airflow/example_dags/example_xcom.py took 0.146 seconds
[2023-10-16T21:11:53.022-0400] {processor.py:157} INFO - Started process (PID=20833) to work on /Users/kniu91/opt/anaconda3/envs/fftool_conda/lib/python3.11/site-packages/airflow/example_dags/example_xcom.py
[2023-10-16T21:11:53.024-0400] {processor.py:829} INFO - Processing file /Users/kniu91/opt/anaconda3/envs/fftool_conda/lib/python3.11/site-packages/airflow/example_dags/example_xcom.py for tasks to queue
[2023-10-16T21:11:53.024-0400] {logging_mixin.py:151} INFO - [2023-10-16T21:11:53.024-0400] {dagbag.py:536} INFO - Filling up the DagBag from /Users/kniu91/opt/anaconda3/envs/fftool_conda/lib/python3.11/site-packages/airflow/example_dags/example_xcom.py
[2023-10-16T21:11:53.053-0400] {processor.py:839} INFO - DAG(s) dict_keys(['example_xcom']) retrieved from /Users/kniu91/opt/anaconda3/envs/fftool_conda/lib/python3.11/site-packages/airflow/example_dags/example_xcom.py
[2023-10-16T21:11:53.140-0400] {logging_mixin.py:151} INFO - [2023-10-16T21:11:53.140-0400] {dag.py:2941} INFO - Sync 1 DAGs
[2023-10-16T21:11:53.147-0400] {logging_mixin.py:151} INFO - [2023-10-16T21:11:53.147-0400] {dag.py:3722} INFO - Setting next_dagrun for example_xcom to 2021-01-01T00:00:00+00:00, run_after=2021-01-01T00:00:00+00:00
[2023-10-16T21:11:53.157-0400] {processor.py:179} INFO - Processing /Users/kniu91/opt/anaconda3/envs/fftool_conda/lib/python3.11/site-packages/airflow/example_dags/example_xcom.py took 0.135 seconds
