[2023-10-16T21:04:35.025-0400] {processor.py:157} INFO - Started process (PID=20392) to work on /Users/kniu91/opt/anaconda3/envs/fftool_conda/lib/python3.11/site-packages/airflow/example_dags/example_nested_branch_dag.py
[2023-10-16T21:04:35.027-0400] {processor.py:829} INFO - Processing file /Users/kniu91/opt/anaconda3/envs/fftool_conda/lib/python3.11/site-packages/airflow/example_dags/example_nested_branch_dag.py for tasks to queue
[2023-10-16T21:04:35.028-0400] {logging_mixin.py:151} INFO - [2023-10-16T21:04:35.028-0400] {dagbag.py:536} INFO - Filling up the DagBag from /Users/kniu91/opt/anaconda3/envs/fftool_conda/lib/python3.11/site-packages/airflow/example_dags/example_nested_branch_dag.py
[2023-10-16T21:04:35.059-0400] {processor.py:839} INFO - DAG(s) dict_keys(['example_nested_branch_dag']) retrieved from /Users/kniu91/opt/anaconda3/envs/fftool_conda/lib/python3.11/site-packages/airflow/example_dags/example_nested_branch_dag.py
[2023-10-16T21:04:35.340-0400] {logging_mixin.py:151} INFO - [2023-10-16T21:04:35.339-0400] {manager.py:499} INFO - Created Permission View: %s
[2023-10-16T21:04:35.344-0400] {logging_mixin.py:151} INFO - [2023-10-16T21:04:35.344-0400] {manager.py:499} INFO - Created Permission View: %s
[2023-10-16T21:04:35.346-0400] {logging_mixin.py:151} INFO - [2023-10-16T21:04:35.346-0400] {manager.py:499} INFO - Created Permission View: %s
[2023-10-16T21:04:35.347-0400] {logging_mixin.py:151} INFO - [2023-10-16T21:04:35.346-0400] {dag.py:2941} INFO - Sync 1 DAGs
[2023-10-16T21:04:35.352-0400] {logging_mixin.py:151} INFO - [2023-10-16T21:04:35.352-0400] {dag.py:2963} INFO - Creating ORM DAG for example_nested_branch_dag
[2023-10-16T21:04:35.356-0400] {logging_mixin.py:151} INFO - [2023-10-16T21:04:35.356-0400] {dag.py:3722} INFO - Setting next_dagrun for example_nested_branch_dag to 2023-10-16T00:00:00+00:00, run_after=2023-10-17T00:00:00+00:00
[2023-10-16T21:04:35.364-0400] {processor.py:179} INFO - Processing /Users/kniu91/opt/anaconda3/envs/fftool_conda/lib/python3.11/site-packages/airflow/example_dags/example_nested_branch_dag.py took 0.340 seconds
[2023-10-16T21:05:57.846-0400] {processor.py:157} INFO - Started process (PID=20496) to work on /Users/kniu91/opt/anaconda3/envs/fftool_conda/lib/python3.11/site-packages/airflow/example_dags/example_nested_branch_dag.py
[2023-10-16T21:05:57.849-0400] {processor.py:829} INFO - Processing file /Users/kniu91/opt/anaconda3/envs/fftool_conda/lib/python3.11/site-packages/airflow/example_dags/example_nested_branch_dag.py for tasks to queue
[2023-10-16T21:05:57.849-0400] {logging_mixin.py:151} INFO - [2023-10-16T21:05:57.849-0400] {dagbag.py:536} INFO - Filling up the DagBag from /Users/kniu91/opt/anaconda3/envs/fftool_conda/lib/python3.11/site-packages/airflow/example_dags/example_nested_branch_dag.py
[2023-10-16T21:05:57.880-0400] {processor.py:839} INFO - DAG(s) dict_keys(['example_nested_branch_dag']) retrieved from /Users/kniu91/opt/anaconda3/envs/fftool_conda/lib/python3.11/site-packages/airflow/example_dags/example_nested_branch_dag.py
[2023-10-16T21:05:57.973-0400] {logging_mixin.py:151} INFO - [2023-10-16T21:05:57.972-0400] {dag.py:2941} INFO - Sync 1 DAGs
[2023-10-16T21:05:57.982-0400] {logging_mixin.py:151} INFO - [2023-10-16T21:05:57.982-0400] {dag.py:3722} INFO - Setting next_dagrun for example_nested_branch_dag to 2023-10-16T00:00:00+00:00, run_after=2023-10-17T00:00:00+00:00
[2023-10-16T21:05:57.992-0400] {processor.py:179} INFO - Processing /Users/kniu91/opt/anaconda3/envs/fftool_conda/lib/python3.11/site-packages/airflow/example_dags/example_nested_branch_dag.py took 0.146 seconds
[2023-10-16T21:07:32.922-0400] {processor.py:157} INFO - Started process (PID=20593) to work on /Users/kniu91/opt/anaconda3/envs/fftool_conda/lib/python3.11/site-packages/airflow/example_dags/example_nested_branch_dag.py
[2023-10-16T21:07:32.924-0400] {processor.py:829} INFO - Processing file /Users/kniu91/opt/anaconda3/envs/fftool_conda/lib/python3.11/site-packages/airflow/example_dags/example_nested_branch_dag.py for tasks to queue
[2023-10-16T21:07:32.924-0400] {logging_mixin.py:151} INFO - [2023-10-16T21:07:32.924-0400] {dagbag.py:536} INFO - Filling up the DagBag from /Users/kniu91/opt/anaconda3/envs/fftool_conda/lib/python3.11/site-packages/airflow/example_dags/example_nested_branch_dag.py
[2023-10-16T21:07:32.954-0400] {processor.py:839} INFO - DAG(s) dict_keys(['example_nested_branch_dag']) retrieved from /Users/kniu91/opt/anaconda3/envs/fftool_conda/lib/python3.11/site-packages/airflow/example_dags/example_nested_branch_dag.py
[2023-10-16T21:07:33.041-0400] {logging_mixin.py:151} INFO - [2023-10-16T21:07:33.041-0400] {dag.py:2941} INFO - Sync 1 DAGs
[2023-10-16T21:07:33.049-0400] {logging_mixin.py:151} INFO - [2023-10-16T21:07:33.049-0400] {dag.py:3722} INFO - Setting next_dagrun for example_nested_branch_dag to 2023-10-16T00:00:00+00:00, run_after=2023-10-17T00:00:00+00:00
[2023-10-16T21:07:33.074-0400] {processor.py:179} INFO - Processing /Users/kniu91/opt/anaconda3/envs/fftool_conda/lib/python3.11/site-packages/airflow/example_dags/example_nested_branch_dag.py took 0.152 seconds
[2023-10-16T21:11:04.684-0400] {processor.py:157} INFO - Started process (PID=20796) to work on /Users/kniu91/opt/anaconda3/envs/fftool_conda/lib/python3.11/site-packages/airflow/example_dags/example_nested_branch_dag.py
[2023-10-16T21:11:04.686-0400] {processor.py:829} INFO - Processing file /Users/kniu91/opt/anaconda3/envs/fftool_conda/lib/python3.11/site-packages/airflow/example_dags/example_nested_branch_dag.py for tasks to queue
[2023-10-16T21:11:04.687-0400] {logging_mixin.py:151} INFO - [2023-10-16T21:11:04.687-0400] {dagbag.py:536} INFO - Filling up the DagBag from /Users/kniu91/opt/anaconda3/envs/fftool_conda/lib/python3.11/site-packages/airflow/example_dags/example_nested_branch_dag.py
[2023-10-16T21:11:04.717-0400] {processor.py:839} INFO - DAG(s) dict_keys(['example_nested_branch_dag']) retrieved from /Users/kniu91/opt/anaconda3/envs/fftool_conda/lib/python3.11/site-packages/airflow/example_dags/example_nested_branch_dag.py
[2023-10-16T21:11:04.804-0400] {logging_mixin.py:151} INFO - [2023-10-16T21:11:04.804-0400] {dag.py:2941} INFO - Sync 1 DAGs
[2023-10-16T21:11:04.814-0400] {logging_mixin.py:151} INFO - [2023-10-16T21:11:04.814-0400] {dag.py:3722} INFO - Setting next_dagrun for example_nested_branch_dag to 2023-10-16T00:00:00+00:00, run_after=2023-10-17T00:00:00+00:00
[2023-10-16T21:11:04.824-0400] {processor.py:179} INFO - Processing /Users/kniu91/opt/anaconda3/envs/fftool_conda/lib/python3.11/site-packages/airflow/example_dags/example_nested_branch_dag.py took 0.140 seconds
[2023-10-16T21:12:26.737-0400] {processor.py:157} INFO - Started process (PID=20853) to work on /Users/kniu91/opt/anaconda3/envs/fftool_conda/lib/python3.11/site-packages/airflow/example_dags/example_nested_branch_dag.py
[2023-10-16T21:12:26.739-0400] {processor.py:829} INFO - Processing file /Users/kniu91/opt/anaconda3/envs/fftool_conda/lib/python3.11/site-packages/airflow/example_dags/example_nested_branch_dag.py for tasks to queue
[2023-10-16T21:12:26.739-0400] {logging_mixin.py:151} INFO - [2023-10-16T21:12:26.739-0400] {dagbag.py:536} INFO - Filling up the DagBag from /Users/kniu91/opt/anaconda3/envs/fftool_conda/lib/python3.11/site-packages/airflow/example_dags/example_nested_branch_dag.py
[2023-10-16T21:12:26.768-0400] {processor.py:839} INFO - DAG(s) dict_keys(['example_nested_branch_dag']) retrieved from /Users/kniu91/opt/anaconda3/envs/fftool_conda/lib/python3.11/site-packages/airflow/example_dags/example_nested_branch_dag.py
[2023-10-16T21:12:26.855-0400] {logging_mixin.py:151} INFO - [2023-10-16T21:12:26.855-0400] {dag.py:2941} INFO - Sync 1 DAGs
[2023-10-16T21:12:26.863-0400] {logging_mixin.py:151} INFO - [2023-10-16T21:12:26.863-0400] {dag.py:3722} INFO - Setting next_dagrun for example_nested_branch_dag to 2023-10-16T00:00:00+00:00, run_after=2023-10-17T00:00:00+00:00
[2023-10-16T21:12:26.872-0400] {processor.py:179} INFO - Processing /Users/kniu91/opt/anaconda3/envs/fftool_conda/lib/python3.11/site-packages/airflow/example_dags/example_nested_branch_dag.py took 0.136 seconds
