[2023-10-16T21:04:54.784-0400] {processor.py:157} INFO - Started process (PID=20403) to work on /Users/kniu91/opt/anaconda3/envs/fftool_conda/lib/python3.11/site-packages/airflow/example_dags/example_branch_python_dop_operator_3.py
[2023-10-16T21:04:54.791-0400] {processor.py:829} INFO - Processing file /Users/kniu91/opt/anaconda3/envs/fftool_conda/lib/python3.11/site-packages/airflow/example_dags/example_branch_python_dop_operator_3.py for tasks to queue
[2023-10-16T21:04:54.792-0400] {logging_mixin.py:151} INFO - [2023-10-16T21:04:54.791-0400] {dagbag.py:536} INFO - Filling up the DagBag from /Users/kniu91/opt/anaconda3/envs/fftool_conda/lib/python3.11/site-packages/airflow/example_dags/example_branch_python_dop_operator_3.py
[2023-10-16T21:04:54.825-0400] {processor.py:839} INFO - DAG(s) dict_keys(['example_branch_dop_operator_v3']) retrieved from /Users/kniu91/opt/anaconda3/envs/fftool_conda/lib/python3.11/site-packages/airflow/example_dags/example_branch_python_dop_operator_3.py
[2023-10-16T21:04:55.110-0400] {logging_mixin.py:151} INFO - [2023-10-16T21:04:55.109-0400] {manager.py:499} INFO - Created Permission View: %s
[2023-10-16T21:04:55.114-0400] {logging_mixin.py:151} INFO - [2023-10-16T21:04:55.114-0400] {manager.py:499} INFO - Created Permission View: %s
[2023-10-16T21:04:55.116-0400] {logging_mixin.py:151} INFO - [2023-10-16T21:04:55.116-0400] {manager.py:499} INFO - Created Permission View: %s
[2023-10-16T21:04:55.117-0400] {logging_mixin.py:151} INFO - [2023-10-16T21:04:55.116-0400] {dag.py:2941} INFO - Sync 1 DAGs
[2023-10-16T21:04:55.124-0400] {logging_mixin.py:151} INFO - [2023-10-16T21:04:55.124-0400] {dag.py:2963} INFO - Creating ORM DAG for example_branch_dop_operator_v3
[2023-10-16T21:04:55.133-0400] {logging_mixin.py:151} INFO - [2023-10-16T21:04:55.132-0400] {dag.py:3722} INFO - Setting next_dagrun for example_branch_dop_operator_v3 to 2023-10-17T01:03:00+00:00, run_after=2023-10-17T01:04:00+00:00
[2023-10-16T21:04:55.143-0400] {processor.py:179} INFO - Processing /Users/kniu91/opt/anaconda3/envs/fftool_conda/lib/python3.11/site-packages/airflow/example_dags/example_branch_python_dop_operator_3.py took 0.360 seconds
[2023-10-16T21:07:52.075-0400] {processor.py:157} INFO - Started process (PID=20604) to work on /Users/kniu91/opt/anaconda3/envs/fftool_conda/lib/python3.11/site-packages/airflow/example_dags/example_branch_python_dop_operator_3.py
[2023-10-16T21:07:52.077-0400] {processor.py:829} INFO - Processing file /Users/kniu91/opt/anaconda3/envs/fftool_conda/lib/python3.11/site-packages/airflow/example_dags/example_branch_python_dop_operator_3.py for tasks to queue
[2023-10-16T21:07:52.077-0400] {logging_mixin.py:151} INFO - [2023-10-16T21:07:52.077-0400] {dagbag.py:536} INFO - Filling up the DagBag from /Users/kniu91/opt/anaconda3/envs/fftool_conda/lib/python3.11/site-packages/airflow/example_dags/example_branch_python_dop_operator_3.py
[2023-10-16T21:07:52.107-0400] {processor.py:839} INFO - DAG(s) dict_keys(['example_branch_dop_operator_v3']) retrieved from /Users/kniu91/opt/anaconda3/envs/fftool_conda/lib/python3.11/site-packages/airflow/example_dags/example_branch_python_dop_operator_3.py
[2023-10-16T21:07:52.192-0400] {logging_mixin.py:151} INFO - [2023-10-16T21:07:52.192-0400] {dag.py:2941} INFO - Sync 1 DAGs
[2023-10-16T21:07:52.202-0400] {logging_mixin.py:151} INFO - [2023-10-16T21:07:52.202-0400] {dag.py:3722} INFO - Setting next_dagrun for example_branch_dop_operator_v3 to 2023-10-17T01:06:00+00:00, run_after=2023-10-17T01:07:00+00:00
[2023-10-16T21:07:52.211-0400] {processor.py:179} INFO - Processing /Users/kniu91/opt/anaconda3/envs/fftool_conda/lib/python3.11/site-packages/airflow/example_dags/example_branch_python_dop_operator_3.py took 0.137 seconds
[2023-10-16T21:11:23.702-0400] {processor.py:157} INFO - Started process (PID=20815) to work on /Users/kniu91/opt/anaconda3/envs/fftool_conda/lib/python3.11/site-packages/airflow/example_dags/example_branch_python_dop_operator_3.py
[2023-10-16T21:11:23.704-0400] {processor.py:829} INFO - Processing file /Users/kniu91/opt/anaconda3/envs/fftool_conda/lib/python3.11/site-packages/airflow/example_dags/example_branch_python_dop_operator_3.py for tasks to queue
[2023-10-16T21:11:23.704-0400] {logging_mixin.py:151} INFO - [2023-10-16T21:11:23.704-0400] {dagbag.py:536} INFO - Filling up the DagBag from /Users/kniu91/opt/anaconda3/envs/fftool_conda/lib/python3.11/site-packages/airflow/example_dags/example_branch_python_dop_operator_3.py
[2023-10-16T21:11:23.738-0400] {processor.py:839} INFO - DAG(s) dict_keys(['example_branch_dop_operator_v3']) retrieved from /Users/kniu91/opt/anaconda3/envs/fftool_conda/lib/python3.11/site-packages/airflow/example_dags/example_branch_python_dop_operator_3.py
[2023-10-16T21:11:23.829-0400] {logging_mixin.py:151} INFO - [2023-10-16T21:11:23.829-0400] {dag.py:2941} INFO - Sync 1 DAGs
[2023-10-16T21:11:23.840-0400] {logging_mixin.py:151} INFO - [2023-10-16T21:11:23.839-0400] {dag.py:3722} INFO - Setting next_dagrun for example_branch_dop_operator_v3 to 2023-10-17T01:10:00+00:00, run_after=2023-10-17T01:11:00+00:00
[2023-10-16T21:11:23.850-0400] {processor.py:179} INFO - Processing /Users/kniu91/opt/anaconda3/envs/fftool_conda/lib/python3.11/site-packages/airflow/example_dags/example_branch_python_dop_operator_3.py took 0.148 seconds
