[2023-10-16T21:04:02.502-0400] {processor.py:157} INFO - Started process (PID=20361) to work on /Users/kniu91/opt/anaconda3/envs/fftool_conda/lib/python3.11/site-packages/airflow/example_dags/example_time_delta_sensor_async.py
[2023-10-16T21:04:02.504-0400] {processor.py:829} INFO - Processing file /Users/kniu91/opt/anaconda3/envs/fftool_conda/lib/python3.11/site-packages/airflow/example_dags/example_time_delta_sensor_async.py for tasks to queue
[2023-10-16T21:04:02.504-0400] {logging_mixin.py:151} INFO - [2023-10-16T21:04:02.504-0400] {dagbag.py:536} INFO - Filling up the DagBag from /Users/kniu91/opt/anaconda3/envs/fftool_conda/lib/python3.11/site-packages/airflow/example_dags/example_time_delta_sensor_async.py
[2023-10-16T21:04:02.518-0400] {processor.py:839} INFO - DAG(s) dict_keys(['example_time_delta_sensor_async']) retrieved from /Users/kniu91/opt/anaconda3/envs/fftool_conda/lib/python3.11/site-packages/airflow/example_dags/example_time_delta_sensor_async.py
[2023-10-16T21:04:02.826-0400] {logging_mixin.py:151} INFO - [2023-10-16T21:04:02.826-0400] {manager.py:499} INFO - Created Permission View: %s
[2023-10-16T21:04:02.830-0400] {logging_mixin.py:151} INFO - [2023-10-16T21:04:02.830-0400] {manager.py:499} INFO - Created Permission View: %s
[2023-10-16T21:04:02.832-0400] {logging_mixin.py:151} INFO - [2023-10-16T21:04:02.832-0400] {manager.py:499} INFO - Created Permission View: %s
[2023-10-16T21:04:02.832-0400] {logging_mixin.py:151} INFO - [2023-10-16T21:04:02.832-0400] {dag.py:2941} INFO - Sync 1 DAGs
[2023-10-16T21:04:02.837-0400] {logging_mixin.py:151} INFO - [2023-10-16T21:04:02.837-0400] {dag.py:2963} INFO - Creating ORM DAG for example_time_delta_sensor_async
[2023-10-16T21:04:02.837-0400] {logging_mixin.py:151} INFO - [2023-10-16T21:04:02.837-0400] {dag.py:3722} INFO - Setting next_dagrun for example_time_delta_sensor_async to None, run_after=None
[2023-10-16T21:04:02.847-0400] {processor.py:179} INFO - Processing /Users/kniu91/opt/anaconda3/envs/fftool_conda/lib/python3.11/site-packages/airflow/example_dags/example_time_delta_sensor_async.py took 0.345 seconds
[2023-10-16T21:05:29.342-0400] {processor.py:157} INFO - Started process (PID=20458) to work on /Users/kniu91/opt/anaconda3/envs/fftool_conda/lib/python3.11/site-packages/airflow/example_dags/example_time_delta_sensor_async.py
[2023-10-16T21:05:29.345-0400] {processor.py:829} INFO - Processing file /Users/kniu91/opt/anaconda3/envs/fftool_conda/lib/python3.11/site-packages/airflow/example_dags/example_time_delta_sensor_async.py for tasks to queue
[2023-10-16T21:05:29.345-0400] {logging_mixin.py:151} INFO - [2023-10-16T21:05:29.345-0400] {dagbag.py:536} INFO - Filling up the DagBag from /Users/kniu91/opt/anaconda3/envs/fftool_conda/lib/python3.11/site-packages/airflow/example_dags/example_time_delta_sensor_async.py
[2023-10-16T21:05:29.359-0400] {processor.py:839} INFO - DAG(s) dict_keys(['example_time_delta_sensor_async']) retrieved from /Users/kniu91/opt/anaconda3/envs/fftool_conda/lib/python3.11/site-packages/airflow/example_dags/example_time_delta_sensor_async.py
[2023-10-16T21:05:29.456-0400] {logging_mixin.py:151} INFO - [2023-10-16T21:05:29.456-0400] {dag.py:2941} INFO - Sync 1 DAGs
[2023-10-16T21:05:29.461-0400] {logging_mixin.py:151} INFO - [2023-10-16T21:05:29.461-0400] {dag.py:3722} INFO - Setting next_dagrun for example_time_delta_sensor_async to None, run_after=None
[2023-10-16T21:05:29.473-0400] {processor.py:179} INFO - Processing /Users/kniu91/opt/anaconda3/envs/fftool_conda/lib/python3.11/site-packages/airflow/example_dags/example_time_delta_sensor_async.py took 0.131 seconds
[2023-10-16T21:06:22.945-0400] {processor.py:157} INFO - Started process (PID=20519) to work on /Users/kniu91/opt/anaconda3/envs/fftool_conda/lib/python3.11/site-packages/airflow/example_dags/example_time_delta_sensor_async.py
[2023-10-16T21:06:22.947-0400] {processor.py:829} INFO - Processing file /Users/kniu91/opt/anaconda3/envs/fftool_conda/lib/python3.11/site-packages/airflow/example_dags/example_time_delta_sensor_async.py for tasks to queue
[2023-10-16T21:06:22.948-0400] {logging_mixin.py:151} INFO - [2023-10-16T21:06:22.948-0400] {dagbag.py:536} INFO - Filling up the DagBag from /Users/kniu91/opt/anaconda3/envs/fftool_conda/lib/python3.11/site-packages/airflow/example_dags/example_time_delta_sensor_async.py
[2023-10-16T21:06:22.962-0400] {processor.py:839} INFO - DAG(s) dict_keys(['example_time_delta_sensor_async']) retrieved from /Users/kniu91/opt/anaconda3/envs/fftool_conda/lib/python3.11/site-packages/airflow/example_dags/example_time_delta_sensor_async.py
[2023-10-16T21:06:23.062-0400] {logging_mixin.py:151} INFO - [2023-10-16T21:06:23.062-0400] {dag.py:2941} INFO - Sync 1 DAGs
[2023-10-16T21:06:23.067-0400] {logging_mixin.py:151} INFO - [2023-10-16T21:06:23.067-0400] {dag.py:3722} INFO - Setting next_dagrun for example_time_delta_sensor_async to None, run_after=None
[2023-10-16T21:06:23.077-0400] {processor.py:179} INFO - Processing /Users/kniu91/opt/anaconda3/envs/fftool_conda/lib/python3.11/site-packages/airflow/example_dags/example_time_delta_sensor_async.py took 0.132 seconds
[2023-10-16T21:07:02.030-0400] {processor.py:157} INFO - Started process (PID=20572) to work on /Users/kniu91/opt/anaconda3/envs/fftool_conda/lib/python3.11/site-packages/airflow/example_dags/example_time_delta_sensor_async.py
[2023-10-16T21:07:02.033-0400] {processor.py:829} INFO - Processing file /Users/kniu91/opt/anaconda3/envs/fftool_conda/lib/python3.11/site-packages/airflow/example_dags/example_time_delta_sensor_async.py for tasks to queue
[2023-10-16T21:07:02.033-0400] {logging_mixin.py:151} INFO - [2023-10-16T21:07:02.033-0400] {dagbag.py:536} INFO - Filling up the DagBag from /Users/kniu91/opt/anaconda3/envs/fftool_conda/lib/python3.11/site-packages/airflow/example_dags/example_time_delta_sensor_async.py
[2023-10-16T21:07:02.048-0400] {processor.py:839} INFO - DAG(s) dict_keys(['example_time_delta_sensor_async']) retrieved from /Users/kniu91/opt/anaconda3/envs/fftool_conda/lib/python3.11/site-packages/airflow/example_dags/example_time_delta_sensor_async.py
[2023-10-16T21:07:02.142-0400] {logging_mixin.py:151} INFO - [2023-10-16T21:07:02.141-0400] {dag.py:2941} INFO - Sync 1 DAGs
[2023-10-16T21:07:02.146-0400] {logging_mixin.py:151} INFO - [2023-10-16T21:07:02.146-0400] {dag.py:3722} INFO - Setting next_dagrun for example_time_delta_sensor_async to None, run_after=None
[2023-10-16T21:07:02.156-0400] {processor.py:179} INFO - Processing /Users/kniu91/opt/anaconda3/envs/fftool_conda/lib/python3.11/site-packages/airflow/example_dags/example_time_delta_sensor_async.py took 0.126 seconds
[2023-10-16T21:08:54.213-0400] {processor.py:157} INFO - Started process (PID=20673) to work on /Users/kniu91/opt/anaconda3/envs/fftool_conda/lib/python3.11/site-packages/airflow/example_dags/example_time_delta_sensor_async.py
[2023-10-16T21:08:54.216-0400] {processor.py:829} INFO - Processing file /Users/kniu91/opt/anaconda3/envs/fftool_conda/lib/python3.11/site-packages/airflow/example_dags/example_time_delta_sensor_async.py for tasks to queue
[2023-10-16T21:08:54.216-0400] {logging_mixin.py:151} INFO - [2023-10-16T21:08:54.216-0400] {dagbag.py:536} INFO - Filling up the DagBag from /Users/kniu91/opt/anaconda3/envs/fftool_conda/lib/python3.11/site-packages/airflow/example_dags/example_time_delta_sensor_async.py
[2023-10-16T21:08:54.229-0400] {processor.py:839} INFO - DAG(s) dict_keys(['example_time_delta_sensor_async']) retrieved from /Users/kniu91/opt/anaconda3/envs/fftool_conda/lib/python3.11/site-packages/airflow/example_dags/example_time_delta_sensor_async.py
[2023-10-16T21:08:54.323-0400] {logging_mixin.py:151} INFO - [2023-10-16T21:08:54.323-0400] {dag.py:2941} INFO - Sync 1 DAGs
[2023-10-16T21:08:54.328-0400] {logging_mixin.py:151} INFO - [2023-10-16T21:08:54.327-0400] {dag.py:3722} INFO - Setting next_dagrun for example_time_delta_sensor_async to None, run_after=None
[2023-10-16T21:08:54.337-0400] {processor.py:179} INFO - Processing /Users/kniu91/opt/anaconda3/envs/fftool_conda/lib/python3.11/site-packages/airflow/example_dags/example_time_delta_sensor_async.py took 0.124 seconds
[2023-10-16T21:10:35.552-0400] {processor.py:157} INFO - Started process (PID=20780) to work on /Users/kniu91/opt/anaconda3/envs/fftool_conda/lib/python3.11/site-packages/airflow/example_dags/example_time_delta_sensor_async.py
[2023-10-16T21:10:35.554-0400] {processor.py:829} INFO - Processing file /Users/kniu91/opt/anaconda3/envs/fftool_conda/lib/python3.11/site-packages/airflow/example_dags/example_time_delta_sensor_async.py for tasks to queue
[2023-10-16T21:10:35.554-0400] {logging_mixin.py:151} INFO - [2023-10-16T21:10:35.554-0400] {dagbag.py:536} INFO - Filling up the DagBag from /Users/kniu91/opt/anaconda3/envs/fftool_conda/lib/python3.11/site-packages/airflow/example_dags/example_time_delta_sensor_async.py
[2023-10-16T21:10:35.567-0400] {processor.py:839} INFO - DAG(s) dict_keys(['example_time_delta_sensor_async']) retrieved from /Users/kniu91/opt/anaconda3/envs/fftool_conda/lib/python3.11/site-packages/airflow/example_dags/example_time_delta_sensor_async.py
[2023-10-16T21:10:35.676-0400] {logging_mixin.py:151} INFO - [2023-10-16T21:10:35.676-0400] {dag.py:2941} INFO - Sync 1 DAGs
[2023-10-16T21:10:35.681-0400] {logging_mixin.py:151} INFO - [2023-10-16T21:10:35.681-0400] {dag.py:3722} INFO - Setting next_dagrun for example_time_delta_sensor_async to None, run_after=None
[2023-10-16T21:10:35.690-0400] {processor.py:179} INFO - Processing /Users/kniu91/opt/anaconda3/envs/fftool_conda/lib/python3.11/site-packages/airflow/example_dags/example_time_delta_sensor_async.py took 0.139 seconds
[2023-10-16T21:11:58.649-0400] {processor.py:157} INFO - Started process (PID=20836) to work on /Users/kniu91/opt/anaconda3/envs/fftool_conda/lib/python3.11/site-packages/airflow/example_dags/example_time_delta_sensor_async.py
[2023-10-16T21:11:58.651-0400] {processor.py:829} INFO - Processing file /Users/kniu91/opt/anaconda3/envs/fftool_conda/lib/python3.11/site-packages/airflow/example_dags/example_time_delta_sensor_async.py for tasks to queue
[2023-10-16T21:11:58.651-0400] {logging_mixin.py:151} INFO - [2023-10-16T21:11:58.651-0400] {dagbag.py:536} INFO - Filling up the DagBag from /Users/kniu91/opt/anaconda3/envs/fftool_conda/lib/python3.11/site-packages/airflow/example_dags/example_time_delta_sensor_async.py
[2023-10-16T21:11:58.665-0400] {processor.py:839} INFO - DAG(s) dict_keys(['example_time_delta_sensor_async']) retrieved from /Users/kniu91/opt/anaconda3/envs/fftool_conda/lib/python3.11/site-packages/airflow/example_dags/example_time_delta_sensor_async.py
[2023-10-16T21:11:58.758-0400] {logging_mixin.py:151} INFO - [2023-10-16T21:11:58.758-0400] {dag.py:2941} INFO - Sync 1 DAGs
[2023-10-16T21:11:58.763-0400] {logging_mixin.py:151} INFO - [2023-10-16T21:11:58.763-0400] {dag.py:3722} INFO - Setting next_dagrun for example_time_delta_sensor_async to None, run_after=None
[2023-10-16T21:11:58.772-0400] {processor.py:179} INFO - Processing /Users/kniu91/opt/anaconda3/envs/fftool_conda/lib/python3.11/site-packages/airflow/example_dags/example_time_delta_sensor_async.py took 0.124 seconds
