[2023-10-16T21:04:00.374-0400] {processor.py:157} INFO - Started process (PID=20360) to work on /Users/kniu91/opt/anaconda3/envs/fftool_conda/lib/python3.11/site-packages/airflow/example_dags/example_trigger_controller_dag.py
[2023-10-16T21:04:00.376-0400] {processor.py:829} INFO - Processing file /Users/kniu91/opt/anaconda3/envs/fftool_conda/lib/python3.11/site-packages/airflow/example_dags/example_trigger_controller_dag.py for tasks to queue
[2023-10-16T21:04:00.376-0400] {logging_mixin.py:151} INFO - [2023-10-16T21:04:00.376-0400] {dagbag.py:536} INFO - Filling up the DagBag from /Users/kniu91/opt/anaconda3/envs/fftool_conda/lib/python3.11/site-packages/airflow/example_dags/example_trigger_controller_dag.py
[2023-10-16T21:04:00.391-0400] {processor.py:839} INFO - DAG(s) dict_keys(['example_trigger_controller_dag']) retrieved from /Users/kniu91/opt/anaconda3/envs/fftool_conda/lib/python3.11/site-packages/airflow/example_dags/example_trigger_controller_dag.py
[2023-10-16T21:04:00.674-0400] {logging_mixin.py:151} INFO - [2023-10-16T21:04:00.673-0400] {manager.py:499} INFO - Created Permission View: %s
[2023-10-16T21:04:00.678-0400] {logging_mixin.py:151} INFO - [2023-10-16T21:04:00.678-0400] {manager.py:499} INFO - Created Permission View: %s
[2023-10-16T21:04:00.680-0400] {logging_mixin.py:151} INFO - [2023-10-16T21:04:00.680-0400] {manager.py:499} INFO - Created Permission View: %s
[2023-10-16T21:04:00.680-0400] {logging_mixin.py:151} INFO - [2023-10-16T21:04:00.680-0400] {dag.py:2941} INFO - Sync 1 DAGs
[2023-10-16T21:04:00.685-0400] {logging_mixin.py:151} INFO - [2023-10-16T21:04:00.685-0400] {dag.py:2963} INFO - Creating ORM DAG for example_trigger_controller_dag
[2023-10-16T21:04:00.688-0400] {logging_mixin.py:151} INFO - [2023-10-16T21:04:00.688-0400] {dag.py:3722} INFO - Setting next_dagrun for example_trigger_controller_dag to 2021-01-01T00:00:00+00:00, run_after=2021-01-01T00:00:00+00:00
[2023-10-16T21:04:00.696-0400] {processor.py:179} INFO - Processing /Users/kniu91/opt/anaconda3/envs/fftool_conda/lib/python3.11/site-packages/airflow/example_dags/example_trigger_controller_dag.py took 0.323 seconds
[2023-10-16T21:05:28.228-0400] {processor.py:157} INFO - Started process (PID=20454) to work on /Users/kniu91/opt/anaconda3/envs/fftool_conda/lib/python3.11/site-packages/airflow/example_dags/example_trigger_controller_dag.py
[2023-10-16T21:05:28.231-0400] {processor.py:829} INFO - Processing file /Users/kniu91/opt/anaconda3/envs/fftool_conda/lib/python3.11/site-packages/airflow/example_dags/example_trigger_controller_dag.py for tasks to queue
[2023-10-16T21:05:28.231-0400] {logging_mixin.py:151} INFO - [2023-10-16T21:05:28.231-0400] {dagbag.py:536} INFO - Filling up the DagBag from /Users/kniu91/opt/anaconda3/envs/fftool_conda/lib/python3.11/site-packages/airflow/example_dags/example_trigger_controller_dag.py
[2023-10-16T21:05:28.245-0400] {processor.py:839} INFO - DAG(s) dict_keys(['example_trigger_controller_dag']) retrieved from /Users/kniu91/opt/anaconda3/envs/fftool_conda/lib/python3.11/site-packages/airflow/example_dags/example_trigger_controller_dag.py
[2023-10-16T21:05:28.333-0400] {logging_mixin.py:151} INFO - [2023-10-16T21:05:28.332-0400] {dag.py:2941} INFO - Sync 1 DAGs
[2023-10-16T21:05:28.341-0400] {logging_mixin.py:151} INFO - [2023-10-16T21:05:28.341-0400] {dag.py:3722} INFO - Setting next_dagrun for example_trigger_controller_dag to 2021-01-01T00:00:00+00:00, run_after=2021-01-01T00:00:00+00:00
[2023-10-16T21:05:28.350-0400] {processor.py:179} INFO - Processing /Users/kniu91/opt/anaconda3/envs/fftool_conda/lib/python3.11/site-packages/airflow/example_dags/example_trigger_controller_dag.py took 0.123 seconds
[2023-10-16T21:06:21.051-0400] {processor.py:157} INFO - Started process (PID=20518) to work on /Users/kniu91/opt/anaconda3/envs/fftool_conda/lib/python3.11/site-packages/airflow/example_dags/example_trigger_controller_dag.py
[2023-10-16T21:06:21.053-0400] {processor.py:829} INFO - Processing file /Users/kniu91/opt/anaconda3/envs/fftool_conda/lib/python3.11/site-packages/airflow/example_dags/example_trigger_controller_dag.py for tasks to queue
[2023-10-16T21:06:21.054-0400] {logging_mixin.py:151} INFO - [2023-10-16T21:06:21.054-0400] {dagbag.py:536} INFO - Filling up the DagBag from /Users/kniu91/opt/anaconda3/envs/fftool_conda/lib/python3.11/site-packages/airflow/example_dags/example_trigger_controller_dag.py
[2023-10-16T21:06:21.068-0400] {processor.py:839} INFO - DAG(s) dict_keys(['example_trigger_controller_dag']) retrieved from /Users/kniu91/opt/anaconda3/envs/fftool_conda/lib/python3.11/site-packages/airflow/example_dags/example_trigger_controller_dag.py
[2023-10-16T21:06:21.158-0400] {logging_mixin.py:151} INFO - [2023-10-16T21:06:21.158-0400] {dag.py:2941} INFO - Sync 1 DAGs
[2023-10-16T21:06:21.166-0400] {logging_mixin.py:151} INFO - [2023-10-16T21:06:21.166-0400] {dag.py:3722} INFO - Setting next_dagrun for example_trigger_controller_dag to 2021-01-01T00:00:00+00:00, run_after=2021-01-01T00:00:00+00:00
[2023-10-16T21:06:21.175-0400] {processor.py:179} INFO - Processing /Users/kniu91/opt/anaconda3/envs/fftool_conda/lib/python3.11/site-packages/airflow/example_dags/example_trigger_controller_dag.py took 0.124 seconds
[2023-10-16T21:06:59.782-0400] {processor.py:157} INFO - Started process (PID=20568) to work on /Users/kniu91/opt/anaconda3/envs/fftool_conda/lib/python3.11/site-packages/airflow/example_dags/example_trigger_controller_dag.py
[2023-10-16T21:06:59.784-0400] {processor.py:829} INFO - Processing file /Users/kniu91/opt/anaconda3/envs/fftool_conda/lib/python3.11/site-packages/airflow/example_dags/example_trigger_controller_dag.py for tasks to queue
[2023-10-16T21:06:59.784-0400] {logging_mixin.py:151} INFO - [2023-10-16T21:06:59.784-0400] {dagbag.py:536} INFO - Filling up the DagBag from /Users/kniu91/opt/anaconda3/envs/fftool_conda/lib/python3.11/site-packages/airflow/example_dags/example_trigger_controller_dag.py
[2023-10-16T21:06:59.801-0400] {processor.py:839} INFO - DAG(s) dict_keys(['example_trigger_controller_dag']) retrieved from /Users/kniu91/opt/anaconda3/envs/fftool_conda/lib/python3.11/site-packages/airflow/example_dags/example_trigger_controller_dag.py
[2023-10-16T21:06:59.901-0400] {logging_mixin.py:151} INFO - [2023-10-16T21:06:59.901-0400] {dag.py:2941} INFO - Sync 1 DAGs
[2023-10-16T21:06:59.911-0400] {logging_mixin.py:151} INFO - [2023-10-16T21:06:59.911-0400] {dag.py:3722} INFO - Setting next_dagrun for example_trigger_controller_dag to 2021-01-01T00:00:00+00:00, run_after=2021-01-01T00:00:00+00:00
[2023-10-16T21:06:59.921-0400] {processor.py:179} INFO - Processing /Users/kniu91/opt/anaconda3/envs/fftool_conda/lib/python3.11/site-packages/airflow/example_dags/example_trigger_controller_dag.py took 0.140 seconds
[2023-10-16T21:08:52.354-0400] {processor.py:157} INFO - Started process (PID=20671) to work on /Users/kniu91/opt/anaconda3/envs/fftool_conda/lib/python3.11/site-packages/airflow/example_dags/example_trigger_controller_dag.py
[2023-10-16T21:08:52.357-0400] {processor.py:829} INFO - Processing file /Users/kniu91/opt/anaconda3/envs/fftool_conda/lib/python3.11/site-packages/airflow/example_dags/example_trigger_controller_dag.py for tasks to queue
[2023-10-16T21:08:52.357-0400] {logging_mixin.py:151} INFO - [2023-10-16T21:08:52.357-0400] {dagbag.py:536} INFO - Filling up the DagBag from /Users/kniu91/opt/anaconda3/envs/fftool_conda/lib/python3.11/site-packages/airflow/example_dags/example_trigger_controller_dag.py
[2023-10-16T21:08:52.371-0400] {processor.py:839} INFO - DAG(s) dict_keys(['example_trigger_controller_dag']) retrieved from /Users/kniu91/opt/anaconda3/envs/fftool_conda/lib/python3.11/site-packages/airflow/example_dags/example_trigger_controller_dag.py
[2023-10-16T21:08:52.458-0400] {logging_mixin.py:151} INFO - [2023-10-16T21:08:52.458-0400] {dag.py:2941} INFO - Sync 1 DAGs
[2023-10-16T21:08:52.466-0400] {logging_mixin.py:151} INFO - [2023-10-16T21:08:52.466-0400] {dag.py:3722} INFO - Setting next_dagrun for example_trigger_controller_dag to 2021-01-01T00:00:00+00:00, run_after=2021-01-01T00:00:00+00:00
[2023-10-16T21:08:52.475-0400] {processor.py:179} INFO - Processing /Users/kniu91/opt/anaconda3/envs/fftool_conda/lib/python3.11/site-packages/airflow/example_dags/example_trigger_controller_dag.py took 0.121 seconds
[2023-10-16T21:10:33.701-0400] {processor.py:157} INFO - Started process (PID=20779) to work on /Users/kniu91/opt/anaconda3/envs/fftool_conda/lib/python3.11/site-packages/airflow/example_dags/example_trigger_controller_dag.py
[2023-10-16T21:10:33.703-0400] {processor.py:829} INFO - Processing file /Users/kniu91/opt/anaconda3/envs/fftool_conda/lib/python3.11/site-packages/airflow/example_dags/example_trigger_controller_dag.py for tasks to queue
[2023-10-16T21:10:33.703-0400] {logging_mixin.py:151} INFO - [2023-10-16T21:10:33.703-0400] {dagbag.py:536} INFO - Filling up the DagBag from /Users/kniu91/opt/anaconda3/envs/fftool_conda/lib/python3.11/site-packages/airflow/example_dags/example_trigger_controller_dag.py
[2023-10-16T21:10:33.717-0400] {processor.py:839} INFO - DAG(s) dict_keys(['example_trigger_controller_dag']) retrieved from /Users/kniu91/opt/anaconda3/envs/fftool_conda/lib/python3.11/site-packages/airflow/example_dags/example_trigger_controller_dag.py
[2023-10-16T21:10:33.803-0400] {logging_mixin.py:151} INFO - [2023-10-16T21:10:33.803-0400] {dag.py:2941} INFO - Sync 1 DAGs
[2023-10-16T21:10:33.811-0400] {logging_mixin.py:151} INFO - [2023-10-16T21:10:33.811-0400] {dag.py:3722} INFO - Setting next_dagrun for example_trigger_controller_dag to 2021-01-01T00:00:00+00:00, run_after=2021-01-01T00:00:00+00:00
[2023-10-16T21:10:33.820-0400] {processor.py:179} INFO - Processing /Users/kniu91/opt/anaconda3/envs/fftool_conda/lib/python3.11/site-packages/airflow/example_dags/example_trigger_controller_dag.py took 0.119 seconds
[2023-10-16T21:11:56.797-0400] {processor.py:157} INFO - Started process (PID=20835) to work on /Users/kniu91/opt/anaconda3/envs/fftool_conda/lib/python3.11/site-packages/airflow/example_dags/example_trigger_controller_dag.py
[2023-10-16T21:11:56.799-0400] {processor.py:829} INFO - Processing file /Users/kniu91/opt/anaconda3/envs/fftool_conda/lib/python3.11/site-packages/airflow/example_dags/example_trigger_controller_dag.py for tasks to queue
[2023-10-16T21:11:56.800-0400] {logging_mixin.py:151} INFO - [2023-10-16T21:11:56.799-0400] {dagbag.py:536} INFO - Filling up the DagBag from /Users/kniu91/opt/anaconda3/envs/fftool_conda/lib/python3.11/site-packages/airflow/example_dags/example_trigger_controller_dag.py
[2023-10-16T21:11:56.814-0400] {processor.py:839} INFO - DAG(s) dict_keys(['example_trigger_controller_dag']) retrieved from /Users/kniu91/opt/anaconda3/envs/fftool_conda/lib/python3.11/site-packages/airflow/example_dags/example_trigger_controller_dag.py
[2023-10-16T21:11:56.900-0400] {logging_mixin.py:151} INFO - [2023-10-16T21:11:56.900-0400] {dag.py:2941} INFO - Sync 1 DAGs
[2023-10-16T21:11:56.908-0400] {logging_mixin.py:151} INFO - [2023-10-16T21:11:56.908-0400] {dag.py:3722} INFO - Setting next_dagrun for example_trigger_controller_dag to 2021-01-01T00:00:00+00:00, run_after=2021-01-01T00:00:00+00:00
[2023-10-16T21:11:56.918-0400] {processor.py:179} INFO - Processing /Users/kniu91/opt/anaconda3/envs/fftool_conda/lib/python3.11/site-packages/airflow/example_dags/example_trigger_controller_dag.py took 0.121 seconds
