[2023-10-16T21:04:04.643-0400] {processor.py:157} INFO - Started process (PID=20364) to work on /Users/kniu91/opt/anaconda3/envs/fftool_conda/lib/python3.11/site-packages/airflow/example_dags/example_task_group_decorator.py
[2023-10-16T21:04:04.645-0400] {processor.py:829} INFO - Processing file /Users/kniu91/opt/anaconda3/envs/fftool_conda/lib/python3.11/site-packages/airflow/example_dags/example_task_group_decorator.py for tasks to queue
[2023-10-16T21:04:04.645-0400] {logging_mixin.py:151} INFO - [2023-10-16T21:04:04.645-0400] {dagbag.py:536} INFO - Filling up the DagBag from /Users/kniu91/opt/anaconda3/envs/fftool_conda/lib/python3.11/site-packages/airflow/example_dags/example_task_group_decorator.py
[2023-10-16T21:04:04.681-0400] {processor.py:839} INFO - DAG(s) dict_keys(['example_task_group_decorator']) retrieved from /Users/kniu91/opt/anaconda3/envs/fftool_conda/lib/python3.11/site-packages/airflow/example_dags/example_task_group_decorator.py
[2023-10-16T21:04:04.974-0400] {logging_mixin.py:151} INFO - [2023-10-16T21:04:04.974-0400] {manager.py:499} INFO - Created Permission View: %s
[2023-10-16T21:04:04.979-0400] {logging_mixin.py:151} INFO - [2023-10-16T21:04:04.979-0400] {manager.py:499} INFO - Created Permission View: %s
[2023-10-16T21:04:04.981-0400] {logging_mixin.py:151} INFO - [2023-10-16T21:04:04.981-0400] {manager.py:499} INFO - Created Permission View: %s
[2023-10-16T21:04:04.981-0400] {logging_mixin.py:151} INFO - [2023-10-16T21:04:04.981-0400] {dag.py:2941} INFO - Sync 1 DAGs
[2023-10-16T21:04:04.987-0400] {logging_mixin.py:151} INFO - [2023-10-16T21:04:04.987-0400] {dag.py:2963} INFO - Creating ORM DAG for example_task_group_decorator
[2023-10-16T21:04:04.991-0400] {logging_mixin.py:151} INFO - [2023-10-16T21:04:04.991-0400] {dag.py:3722} INFO - Setting next_dagrun for example_task_group_decorator to 2023-10-16T01:04:04.990940+00:00, run_after=2023-10-17T01:04:04.990940+00:00
[2023-10-16T21:04:04.999-0400] {processor.py:179} INFO - Processing /Users/kniu91/opt/anaconda3/envs/fftool_conda/lib/python3.11/site-packages/airflow/example_dags/example_task_group_decorator.py took 0.357 seconds
[2023-10-16T21:05:31.263-0400] {processor.py:157} INFO - Started process (PID=20460) to work on /Users/kniu91/opt/anaconda3/envs/fftool_conda/lib/python3.11/site-packages/airflow/example_dags/example_task_group_decorator.py
[2023-10-16T21:05:31.266-0400] {processor.py:829} INFO - Processing file /Users/kniu91/opt/anaconda3/envs/fftool_conda/lib/python3.11/site-packages/airflow/example_dags/example_task_group_decorator.py for tasks to queue
[2023-10-16T21:05:31.266-0400] {logging_mixin.py:151} INFO - [2023-10-16T21:05:31.266-0400] {dagbag.py:536} INFO - Filling up the DagBag from /Users/kniu91/opt/anaconda3/envs/fftool_conda/lib/python3.11/site-packages/airflow/example_dags/example_task_group_decorator.py
[2023-10-16T21:05:31.300-0400] {processor.py:839} INFO - DAG(s) dict_keys(['example_task_group_decorator']) retrieved from /Users/kniu91/opt/anaconda3/envs/fftool_conda/lib/python3.11/site-packages/airflow/example_dags/example_task_group_decorator.py
[2023-10-16T21:05:31.392-0400] {logging_mixin.py:151} INFO - [2023-10-16T21:05:31.392-0400] {dag.py:2941} INFO - Sync 1 DAGs
[2023-10-16T21:05:31.400-0400] {logging_mixin.py:151} INFO - [2023-10-16T21:05:31.400-0400] {dag.py:3722} INFO - Setting next_dagrun for example_task_group_decorator to 2023-10-16T01:05:31.400217+00:00, run_after=2023-10-17T01:05:31.400217+00:00
[2023-10-16T21:05:31.411-0400] {processor.py:179} INFO - Processing /Users/kniu91/opt/anaconda3/envs/fftool_conda/lib/python3.11/site-packages/airflow/example_dags/example_task_group_decorator.py took 0.148 seconds
[2023-10-16T21:07:04.376-0400] {processor.py:157} INFO - Started process (PID=20574) to work on /Users/kniu91/opt/anaconda3/envs/fftool_conda/lib/python3.11/site-packages/airflow/example_dags/example_task_group_decorator.py
[2023-10-16T21:07:04.378-0400] {processor.py:829} INFO - Processing file /Users/kniu91/opt/anaconda3/envs/fftool_conda/lib/python3.11/site-packages/airflow/example_dags/example_task_group_decorator.py for tasks to queue
[2023-10-16T21:07:04.379-0400] {logging_mixin.py:151} INFO - [2023-10-16T21:07:04.379-0400] {dagbag.py:536} INFO - Filling up the DagBag from /Users/kniu91/opt/anaconda3/envs/fftool_conda/lib/python3.11/site-packages/airflow/example_dags/example_task_group_decorator.py
[2023-10-16T21:07:04.434-0400] {processor.py:839} INFO - DAG(s) dict_keys(['example_task_group_decorator']) retrieved from /Users/kniu91/opt/anaconda3/envs/fftool_conda/lib/python3.11/site-packages/airflow/example_dags/example_task_group_decorator.py
[2023-10-16T21:07:04.532-0400] {logging_mixin.py:151} INFO - [2023-10-16T21:07:04.532-0400] {dag.py:2941} INFO - Sync 1 DAGs
[2023-10-16T21:07:04.540-0400] {logging_mixin.py:151} INFO - [2023-10-16T21:07:04.540-0400] {dag.py:3722} INFO - Setting next_dagrun for example_task_group_decorator to 2023-10-16T01:07:04.540578+00:00, run_after=2023-10-17T01:07:04.540578+00:00
[2023-10-16T21:07:04.551-0400] {processor.py:179} INFO - Processing /Users/kniu91/opt/anaconda3/envs/fftool_conda/lib/python3.11/site-packages/airflow/example_dags/example_task_group_decorator.py took 0.175 seconds
[2023-10-16T21:08:56.093-0400] {processor.py:157} INFO - Started process (PID=20674) to work on /Users/kniu91/opt/anaconda3/envs/fftool_conda/lib/python3.11/site-packages/airflow/example_dags/example_task_group_decorator.py
[2023-10-16T21:08:56.095-0400] {processor.py:829} INFO - Processing file /Users/kniu91/opt/anaconda3/envs/fftool_conda/lib/python3.11/site-packages/airflow/example_dags/example_task_group_decorator.py for tasks to queue
[2023-10-16T21:08:56.095-0400] {logging_mixin.py:151} INFO - [2023-10-16T21:08:56.095-0400] {dagbag.py:536} INFO - Filling up the DagBag from /Users/kniu91/opt/anaconda3/envs/fftool_conda/lib/python3.11/site-packages/airflow/example_dags/example_task_group_decorator.py
[2023-10-16T21:08:56.126-0400] {processor.py:839} INFO - DAG(s) dict_keys(['example_task_group_decorator']) retrieved from /Users/kniu91/opt/anaconda3/envs/fftool_conda/lib/python3.11/site-packages/airflow/example_dags/example_task_group_decorator.py
[2023-10-16T21:08:56.215-0400] {logging_mixin.py:151} INFO - [2023-10-16T21:08:56.214-0400] {dag.py:2941} INFO - Sync 1 DAGs
[2023-10-16T21:08:56.222-0400] {logging_mixin.py:151} INFO - [2023-10-16T21:08:56.222-0400] {dag.py:3722} INFO - Setting next_dagrun for example_task_group_decorator to 2023-10-16T01:08:56.222401+00:00, run_after=2023-10-17T01:08:56.222401+00:00
[2023-10-16T21:08:56.231-0400] {processor.py:179} INFO - Processing /Users/kniu91/opt/anaconda3/envs/fftool_conda/lib/python3.11/site-packages/airflow/example_dags/example_task_group_decorator.py took 0.139 seconds
[2023-10-16T21:10:37.446-0400] {processor.py:157} INFO - Started process (PID=20781) to work on /Users/kniu91/opt/anaconda3/envs/fftool_conda/lib/python3.11/site-packages/airflow/example_dags/example_task_group_decorator.py
[2023-10-16T21:10:37.448-0400] {processor.py:829} INFO - Processing file /Users/kniu91/opt/anaconda3/envs/fftool_conda/lib/python3.11/site-packages/airflow/example_dags/example_task_group_decorator.py for tasks to queue
[2023-10-16T21:10:37.448-0400] {logging_mixin.py:151} INFO - [2023-10-16T21:10:37.448-0400] {dagbag.py:536} INFO - Filling up the DagBag from /Users/kniu91/opt/anaconda3/envs/fftool_conda/lib/python3.11/site-packages/airflow/example_dags/example_task_group_decorator.py
[2023-10-16T21:10:37.481-0400] {processor.py:839} INFO - DAG(s) dict_keys(['example_task_group_decorator']) retrieved from /Users/kniu91/opt/anaconda3/envs/fftool_conda/lib/python3.11/site-packages/airflow/example_dags/example_task_group_decorator.py
[2023-10-16T21:10:37.570-0400] {logging_mixin.py:151} INFO - [2023-10-16T21:10:37.570-0400] {dag.py:2941} INFO - Sync 1 DAGs
[2023-10-16T21:10:37.578-0400] {logging_mixin.py:151} INFO - [2023-10-16T21:10:37.578-0400] {dag.py:3722} INFO - Setting next_dagrun for example_task_group_decorator to 2023-10-16T01:10:37.578273+00:00, run_after=2023-10-17T01:10:37.578273+00:00
[2023-10-16T21:10:37.587-0400] {processor.py:179} INFO - Processing /Users/kniu91/opt/anaconda3/envs/fftool_conda/lib/python3.11/site-packages/airflow/example_dags/example_task_group_decorator.py took 0.142 seconds
[2023-10-16T21:12:00.155-0400] {processor.py:157} INFO - Started process (PID=20837) to work on /Users/kniu91/opt/anaconda3/envs/fftool_conda/lib/python3.11/site-packages/airflow/example_dags/example_task_group_decorator.py
[2023-10-16T21:12:00.157-0400] {processor.py:829} INFO - Processing file /Users/kniu91/opt/anaconda3/envs/fftool_conda/lib/python3.11/site-packages/airflow/example_dags/example_task_group_decorator.py for tasks to queue
[2023-10-16T21:12:00.157-0400] {logging_mixin.py:151} INFO - [2023-10-16T21:12:00.157-0400] {dagbag.py:536} INFO - Filling up the DagBag from /Users/kniu91/opt/anaconda3/envs/fftool_conda/lib/python3.11/site-packages/airflow/example_dags/example_task_group_decorator.py
[2023-10-16T21:12:00.190-0400] {processor.py:839} INFO - DAG(s) dict_keys(['example_task_group_decorator']) retrieved from /Users/kniu91/opt/anaconda3/envs/fftool_conda/lib/python3.11/site-packages/airflow/example_dags/example_task_group_decorator.py
[2023-10-16T21:12:00.282-0400] {logging_mixin.py:151} INFO - [2023-10-16T21:12:00.282-0400] {dag.py:2941} INFO - Sync 1 DAGs
[2023-10-16T21:12:00.290-0400] {logging_mixin.py:151} INFO - [2023-10-16T21:12:00.290-0400] {dag.py:3722} INFO - Setting next_dagrun for example_task_group_decorator to 2023-10-16T01:12:00.290352+00:00, run_after=2023-10-17T01:12:00.290352+00:00
[2023-10-16T21:12:00.300-0400] {processor.py:179} INFO - Processing /Users/kniu91/opt/anaconda3/envs/fftool_conda/lib/python3.11/site-packages/airflow/example_dags/example_task_group_decorator.py took 0.145 seconds
