[2023-10-16T21:04:38.028-0400] {processor.py:157} INFO - Started process (PID=20394) to work on /Users/kniu91/opt/anaconda3/envs/fftool_conda/lib/python3.11/site-packages/airflow/example_dags/example_latest_only_with_trigger.py
[2023-10-16T21:04:38.031-0400] {processor.py:829} INFO - Processing file /Users/kniu91/opt/anaconda3/envs/fftool_conda/lib/python3.11/site-packages/airflow/example_dags/example_latest_only_with_trigger.py for tasks to queue
[2023-10-16T21:04:38.031-0400] {logging_mixin.py:151} INFO - [2023-10-16T21:04:38.031-0400] {dagbag.py:536} INFO - Filling up the DagBag from /Users/kniu91/opt/anaconda3/envs/fftool_conda/lib/python3.11/site-packages/airflow/example_dags/example_latest_only_with_trigger.py
[2023-10-16T21:04:38.046-0400] {processor.py:839} INFO - DAG(s) dict_keys(['latest_only_with_trigger']) retrieved from /Users/kniu91/opt/anaconda3/envs/fftool_conda/lib/python3.11/site-packages/airflow/example_dags/example_latest_only_with_trigger.py
[2023-10-16T21:04:38.333-0400] {logging_mixin.py:151} INFO - [2023-10-16T21:04:38.333-0400] {manager.py:499} INFO - Created Permission View: %s
[2023-10-16T21:04:38.337-0400] {logging_mixin.py:151} INFO - [2023-10-16T21:04:38.337-0400] {manager.py:499} INFO - Created Permission View: %s
[2023-10-16T21:04:38.340-0400] {logging_mixin.py:151} INFO - [2023-10-16T21:04:38.340-0400] {manager.py:499} INFO - Created Permission View: %s
[2023-10-16T21:04:38.340-0400] {logging_mixin.py:151} INFO - [2023-10-16T21:04:38.340-0400] {dag.py:2941} INFO - Sync 1 DAGs
[2023-10-16T21:04:38.345-0400] {logging_mixin.py:151} INFO - [2023-10-16T21:04:38.345-0400] {dag.py:2963} INFO - Creating ORM DAG for latest_only_with_trigger
[2023-10-16T21:04:38.348-0400] {logging_mixin.py:151} INFO - [2023-10-16T21:04:38.348-0400] {dag.py:3722} INFO - Setting next_dagrun for latest_only_with_trigger to 2023-10-16T21:04:38.348568+00:00, run_after=2023-10-17T01:04:38.348568+00:00
[2023-10-16T21:04:38.357-0400] {processor.py:179} INFO - Processing /Users/kniu91/opt/anaconda3/envs/fftool_conda/lib/python3.11/site-packages/airflow/example_dags/example_latest_only_with_trigger.py took 0.329 seconds
[2023-10-16T21:06:24.803-0400] {processor.py:157} INFO - Started process (PID=20520) to work on /Users/kniu91/opt/anaconda3/envs/fftool_conda/lib/python3.11/site-packages/airflow/example_dags/example_latest_only_with_trigger.py
[2023-10-16T21:06:24.805-0400] {processor.py:829} INFO - Processing file /Users/kniu91/opt/anaconda3/envs/fftool_conda/lib/python3.11/site-packages/airflow/example_dags/example_latest_only_with_trigger.py for tasks to queue
[2023-10-16T21:06:24.805-0400] {logging_mixin.py:151} INFO - [2023-10-16T21:06:24.805-0400] {dagbag.py:536} INFO - Filling up the DagBag from /Users/kniu91/opt/anaconda3/envs/fftool_conda/lib/python3.11/site-packages/airflow/example_dags/example_latest_only_with_trigger.py
[2023-10-16T21:06:24.819-0400] {processor.py:839} INFO - DAG(s) dict_keys(['latest_only_with_trigger']) retrieved from /Users/kniu91/opt/anaconda3/envs/fftool_conda/lib/python3.11/site-packages/airflow/example_dags/example_latest_only_with_trigger.py
[2023-10-16T21:06:24.908-0400] {logging_mixin.py:151} INFO - [2023-10-16T21:06:24.907-0400] {dag.py:2941} INFO - Sync 1 DAGs
[2023-10-16T21:06:24.916-0400] {logging_mixin.py:151} INFO - [2023-10-16T21:06:24.915-0400] {dag.py:3722} INFO - Setting next_dagrun for latest_only_with_trigger to 2023-10-16T21:06:24.915863+00:00, run_after=2023-10-17T01:06:24.915863+00:00
[2023-10-16T21:06:24.925-0400] {processor.py:179} INFO - Processing /Users/kniu91/opt/anaconda3/envs/fftool_conda/lib/python3.11/site-packages/airflow/example_dags/example_latest_only_with_trigger.py took 0.123 seconds
[2023-10-16T21:07:36.648-0400] {processor.py:157} INFO - Started process (PID=20595) to work on /Users/kniu91/opt/anaconda3/envs/fftool_conda/lib/python3.11/site-packages/airflow/example_dags/example_latest_only_with_trigger.py
[2023-10-16T21:07:36.650-0400] {processor.py:829} INFO - Processing file /Users/kniu91/opt/anaconda3/envs/fftool_conda/lib/python3.11/site-packages/airflow/example_dags/example_latest_only_with_trigger.py for tasks to queue
[2023-10-16T21:07:36.651-0400] {logging_mixin.py:151} INFO - [2023-10-16T21:07:36.650-0400] {dagbag.py:536} INFO - Filling up the DagBag from /Users/kniu91/opt/anaconda3/envs/fftool_conda/lib/python3.11/site-packages/airflow/example_dags/example_latest_only_with_trigger.py
[2023-10-16T21:07:36.664-0400] {processor.py:839} INFO - DAG(s) dict_keys(['latest_only_with_trigger']) retrieved from /Users/kniu91/opt/anaconda3/envs/fftool_conda/lib/python3.11/site-packages/airflow/example_dags/example_latest_only_with_trigger.py
[2023-10-16T21:07:36.752-0400] {logging_mixin.py:151} INFO - [2023-10-16T21:07:36.751-0400] {dag.py:2941} INFO - Sync 1 DAGs
[2023-10-16T21:07:36.760-0400] {logging_mixin.py:151} INFO - [2023-10-16T21:07:36.760-0400] {dag.py:3722} INFO - Setting next_dagrun for latest_only_with_trigger to 2023-10-16T21:07:36.759985+00:00, run_after=2023-10-17T01:07:36.759985+00:00
[2023-10-16T21:07:36.769-0400] {processor.py:179} INFO - Processing /Users/kniu91/opt/anaconda3/envs/fftool_conda/lib/python3.11/site-packages/airflow/example_dags/example_latest_only_with_trigger.py took 0.121 seconds
[2023-10-16T21:11:08.099-0400] {processor.py:157} INFO - Started process (PID=20800) to work on /Users/kniu91/opt/anaconda3/envs/fftool_conda/lib/python3.11/site-packages/airflow/example_dags/example_latest_only_with_trigger.py
[2023-10-16T21:11:08.101-0400] {processor.py:829} INFO - Processing file /Users/kniu91/opt/anaconda3/envs/fftool_conda/lib/python3.11/site-packages/airflow/example_dags/example_latest_only_with_trigger.py for tasks to queue
[2023-10-16T21:11:08.101-0400] {logging_mixin.py:151} INFO - [2023-10-16T21:11:08.101-0400] {dagbag.py:536} INFO - Filling up the DagBag from /Users/kniu91/opt/anaconda3/envs/fftool_conda/lib/python3.11/site-packages/airflow/example_dags/example_latest_only_with_trigger.py
[2023-10-16T21:11:08.115-0400] {processor.py:839} INFO - DAG(s) dict_keys(['latest_only_with_trigger']) retrieved from /Users/kniu91/opt/anaconda3/envs/fftool_conda/lib/python3.11/site-packages/airflow/example_dags/example_latest_only_with_trigger.py
[2023-10-16T21:11:08.205-0400] {logging_mixin.py:151} INFO - [2023-10-16T21:11:08.204-0400] {dag.py:2941} INFO - Sync 1 DAGs
[2023-10-16T21:11:08.213-0400] {logging_mixin.py:151} INFO - [2023-10-16T21:11:08.213-0400] {dag.py:3722} INFO - Setting next_dagrun for latest_only_with_trigger to 2023-10-16T21:11:08.213167+00:00, run_after=2023-10-17T01:11:08.213167+00:00
[2023-10-16T21:11:08.223-0400] {processor.py:179} INFO - Processing /Users/kniu91/opt/anaconda3/envs/fftool_conda/lib/python3.11/site-packages/airflow/example_dags/example_latest_only_with_trigger.py took 0.124 seconds
