[2023-10-16T21:04:46.858-0400] {processor.py:157} INFO - Started process (PID=20399) to work on /Users/kniu91/opt/anaconda3/envs/fftool_conda/lib/python3.11/site-packages/airflow/example_dags/example_dynamic_task_mapping.py
[2023-10-16T21:04:46.860-0400] {processor.py:829} INFO - Processing file /Users/kniu91/opt/anaconda3/envs/fftool_conda/lib/python3.11/site-packages/airflow/example_dags/example_dynamic_task_mapping.py for tasks to queue
[2023-10-16T21:04:46.860-0400] {logging_mixin.py:151} INFO - [2023-10-16T21:04:46.860-0400] {dagbag.py:536} INFO - Filling up the DagBag from /Users/kniu91/opt/anaconda3/envs/fftool_conda/lib/python3.11/site-packages/airflow/example_dags/example_dynamic_task_mapping.py
[2023-10-16T21:04:46.889-0400] {processor.py:839} INFO - DAG(s) dict_keys(['example_dynamic_task_mapping']) retrieved from /Users/kniu91/opt/anaconda3/envs/fftool_conda/lib/python3.11/site-packages/airflow/example_dags/example_dynamic_task_mapping.py
[2023-10-16T21:04:47.167-0400] {logging_mixin.py:151} INFO - [2023-10-16T21:04:47.166-0400] {manager.py:499} INFO - Created Permission View: %s
[2023-10-16T21:04:47.171-0400] {logging_mixin.py:151} INFO - [2023-10-16T21:04:47.171-0400] {manager.py:499} INFO - Created Permission View: %s
[2023-10-16T21:04:47.173-0400] {logging_mixin.py:151} INFO - [2023-10-16T21:04:47.173-0400] {manager.py:499} INFO - Created Permission View: %s
[2023-10-16T21:04:47.174-0400] {logging_mixin.py:151} INFO - [2023-10-16T21:04:47.173-0400] {dag.py:2941} INFO - Sync 1 DAGs
[2023-10-16T21:04:47.179-0400] {logging_mixin.py:151} INFO - [2023-10-16T21:04:47.179-0400] {dag.py:2963} INFO - Creating ORM DAG for example_dynamic_task_mapping
[2023-10-16T21:04:47.182-0400] {logging_mixin.py:151} INFO - [2023-10-16T21:04:47.182-0400] {dag.py:3722} INFO - Setting next_dagrun for example_dynamic_task_mapping to 2022-03-04T00:00:00+00:00, run_after=2022-03-05T00:00:00+00:00
[2023-10-16T21:04:47.190-0400] {processor.py:179} INFO - Processing /Users/kniu91/opt/anaconda3/envs/fftool_conda/lib/python3.11/site-packages/airflow/example_dags/example_dynamic_task_mapping.py took 0.332 seconds
[2023-10-16T21:06:32.536-0400] {processor.py:157} INFO - Started process (PID=20525) to work on /Users/kniu91/opt/anaconda3/envs/fftool_conda/lib/python3.11/site-packages/airflow/example_dags/example_dynamic_task_mapping.py
[2023-10-16T21:06:32.538-0400] {processor.py:829} INFO - Processing file /Users/kniu91/opt/anaconda3/envs/fftool_conda/lib/python3.11/site-packages/airflow/example_dags/example_dynamic_task_mapping.py for tasks to queue
[2023-10-16T21:06:32.538-0400] {logging_mixin.py:151} INFO - [2023-10-16T21:06:32.538-0400] {dagbag.py:536} INFO - Filling up the DagBag from /Users/kniu91/opt/anaconda3/envs/fftool_conda/lib/python3.11/site-packages/airflow/example_dags/example_dynamic_task_mapping.py
[2023-10-16T21:06:32.567-0400] {processor.py:839} INFO - DAG(s) dict_keys(['example_dynamic_task_mapping']) retrieved from /Users/kniu91/opt/anaconda3/envs/fftool_conda/lib/python3.11/site-packages/airflow/example_dags/example_dynamic_task_mapping.py
[2023-10-16T21:06:32.653-0400] {logging_mixin.py:151} INFO - [2023-10-16T21:06:32.653-0400] {dag.py:2941} INFO - Sync 1 DAGs
[2023-10-16T21:06:32.661-0400] {logging_mixin.py:151} INFO - [2023-10-16T21:06:32.661-0400] {dag.py:3722} INFO - Setting next_dagrun for example_dynamic_task_mapping to 2022-03-04T00:00:00+00:00, run_after=2022-03-05T00:00:00+00:00
[2023-10-16T21:06:32.670-0400] {processor.py:179} INFO - Processing /Users/kniu91/opt/anaconda3/envs/fftool_conda/lib/python3.11/site-packages/airflow/example_dags/example_dynamic_task_mapping.py took 0.134 seconds
[2023-10-16T21:07:45.082-0400] {processor.py:157} INFO - Started process (PID=20600) to work on /Users/kniu91/opt/anaconda3/envs/fftool_conda/lib/python3.11/site-packages/airflow/example_dags/example_dynamic_task_mapping.py
[2023-10-16T21:07:45.084-0400] {processor.py:829} INFO - Processing file /Users/kniu91/opt/anaconda3/envs/fftool_conda/lib/python3.11/site-packages/airflow/example_dags/example_dynamic_task_mapping.py for tasks to queue
[2023-10-16T21:07:45.084-0400] {logging_mixin.py:151} INFO - [2023-10-16T21:07:45.084-0400] {dagbag.py:536} INFO - Filling up the DagBag from /Users/kniu91/opt/anaconda3/envs/fftool_conda/lib/python3.11/site-packages/airflow/example_dags/example_dynamic_task_mapping.py
[2023-10-16T21:07:45.112-0400] {processor.py:839} INFO - DAG(s) dict_keys(['example_dynamic_task_mapping']) retrieved from /Users/kniu91/opt/anaconda3/envs/fftool_conda/lib/python3.11/site-packages/airflow/example_dags/example_dynamic_task_mapping.py
[2023-10-16T21:07:45.197-0400] {logging_mixin.py:151} INFO - [2023-10-16T21:07:45.197-0400] {dag.py:2941} INFO - Sync 1 DAGs
[2023-10-16T21:07:45.205-0400] {logging_mixin.py:151} INFO - [2023-10-16T21:07:45.205-0400] {dag.py:3722} INFO - Setting next_dagrun for example_dynamic_task_mapping to 2022-03-04T00:00:00+00:00, run_after=2022-03-05T00:00:00+00:00
[2023-10-16T21:07:45.214-0400] {processor.py:179} INFO - Processing /Users/kniu91/opt/anaconda3/envs/fftool_conda/lib/python3.11/site-packages/airflow/example_dags/example_dynamic_task_mapping.py took 0.133 seconds
[2023-10-16T21:11:16.765-0400] {processor.py:157} INFO - Started process (PID=20810) to work on /Users/kniu91/opt/anaconda3/envs/fftool_conda/lib/python3.11/site-packages/airflow/example_dags/example_dynamic_task_mapping.py
[2023-10-16T21:11:16.767-0400] {processor.py:829} INFO - Processing file /Users/kniu91/opt/anaconda3/envs/fftool_conda/lib/python3.11/site-packages/airflow/example_dags/example_dynamic_task_mapping.py for tasks to queue
[2023-10-16T21:11:16.767-0400] {logging_mixin.py:151} INFO - [2023-10-16T21:11:16.767-0400] {dagbag.py:536} INFO - Filling up the DagBag from /Users/kniu91/opt/anaconda3/envs/fftool_conda/lib/python3.11/site-packages/airflow/example_dags/example_dynamic_task_mapping.py
[2023-10-16T21:11:16.795-0400] {processor.py:839} INFO - DAG(s) dict_keys(['example_dynamic_task_mapping']) retrieved from /Users/kniu91/opt/anaconda3/envs/fftool_conda/lib/python3.11/site-packages/airflow/example_dags/example_dynamic_task_mapping.py
[2023-10-16T21:11:16.882-0400] {logging_mixin.py:151} INFO - [2023-10-16T21:11:16.881-0400] {dag.py:2941} INFO - Sync 1 DAGs
[2023-10-16T21:11:16.889-0400] {logging_mixin.py:151} INFO - [2023-10-16T21:11:16.889-0400] {dag.py:3722} INFO - Setting next_dagrun for example_dynamic_task_mapping to 2022-03-04T00:00:00+00:00, run_after=2022-03-05T00:00:00+00:00
[2023-10-16T21:11:16.898-0400] {processor.py:179} INFO - Processing /Users/kniu91/opt/anaconda3/envs/fftool_conda/lib/python3.11/site-packages/airflow/example_dags/example_dynamic_task_mapping.py took 0.134 seconds
