[2023-10-16T21:04:08.556-0400] {processor.py:157} INFO - Started process (PID=20366) to work on /Users/kniu91/opt/anaconda3/envs/fftool_conda/lib/python3.11/site-packages/airflow/example_dags/example_subdag_operator.py
[2023-10-16T21:04:08.558-0400] {processor.py:829} INFO - Processing file /Users/kniu91/opt/anaconda3/envs/fftool_conda/lib/python3.11/site-packages/airflow/example_dags/example_subdag_operator.py for tasks to queue
[2023-10-16T21:04:08.558-0400] {logging_mixin.py:151} INFO - [2023-10-16T21:04:08.558-0400] {dagbag.py:536} INFO - Filling up the DagBag from /Users/kniu91/opt/anaconda3/envs/fftool_conda/lib/python3.11/site-packages/airflow/example_dags/example_subdag_operator.py
[2023-10-16T21:04:08.628-0400] {processor.py:839} INFO - DAG(s) dict_keys(['example_subdag_operator.section-1', 'example_subdag_operator.section-2', 'example_subdag_operator']) retrieved from /Users/kniu91/opt/anaconda3/envs/fftool_conda/lib/python3.11/site-packages/airflow/example_dags/example_subdag_operator.py
[2023-10-16T21:04:08.944-0400] {logging_mixin.py:151} INFO - [2023-10-16T21:04:08.944-0400] {manager.py:499} INFO - Created Permission View: %s
[2023-10-16T21:04:08.948-0400] {logging_mixin.py:151} INFO - [2023-10-16T21:04:08.948-0400] {manager.py:499} INFO - Created Permission View: %s
[2023-10-16T21:04:08.950-0400] {logging_mixin.py:151} INFO - [2023-10-16T21:04:08.950-0400] {manager.py:499} INFO - Created Permission View: %s
[2023-10-16T21:04:08.951-0400] {logging_mixin.py:151} INFO - [2023-10-16T21:04:08.950-0400] {dag.py:2941} INFO - Sync 3 DAGs
[2023-10-16T21:04:08.955-0400] {logging_mixin.py:151} INFO - [2023-10-16T21:04:08.955-0400] {dag.py:2963} INFO - Creating ORM DAG for example_subdag_operator
[2023-10-16T21:04:08.955-0400] {logging_mixin.py:151} INFO - [2023-10-16T21:04:08.955-0400] {dag.py:2963} INFO - Creating ORM DAG for example_subdag_operator.section-2
[2023-10-16T21:04:08.956-0400] {logging_mixin.py:151} INFO - [2023-10-16T21:04:08.955-0400] {dag.py:2963} INFO - Creating ORM DAG for example_subdag_operator.section-1
[2023-10-16T21:04:08.959-0400] {logging_mixin.py:151} INFO - [2023-10-16T21:04:08.959-0400] {dag.py:3722} INFO - Setting next_dagrun for example_subdag_operator to 2022-01-01T00:00:00+00:00, run_after=2022-01-01T00:00:00+00:00
[2023-10-16T21:04:08.959-0400] {logging_mixin.py:151} INFO - [2023-10-16T21:04:08.959-0400] {dag.py:3722} INFO - Setting next_dagrun for example_subdag_operator.section-1 to None, run_after=None
[2023-10-16T21:04:08.959-0400] {logging_mixin.py:151} INFO - [2023-10-16T21:04:08.959-0400] {dag.py:3722} INFO - Setting next_dagrun for example_subdag_operator.section-2 to None, run_after=None
[2023-10-16T21:04:08.962-0400] {logging_mixin.py:151} INFO - [2023-10-16T21:04:08.962-0400] {dag.py:2941} INFO - Sync 2 DAGs
[2023-10-16T21:04:08.964-0400] {logging_mixin.py:151} INFO - [2023-10-16T21:04:08.964-0400] {dag.py:3722} INFO - Setting next_dagrun for example_subdag_operator.section-1 to None, run_after=None
[2023-10-16T21:04:08.966-0400] {logging_mixin.py:151} INFO - [2023-10-16T21:04:08.966-0400] {dag.py:3722} INFO - Setting next_dagrun for example_subdag_operator.section-2 to None, run_after=None
[2023-10-16T21:04:08.972-0400] {processor.py:179} INFO - Processing /Users/kniu91/opt/anaconda3/envs/fftool_conda/lib/python3.11/site-packages/airflow/example_dags/example_subdag_operator.py took 0.417 seconds
[2023-10-16T21:05:35.090-0400] {processor.py:157} INFO - Started process (PID=20465) to work on /Users/kniu91/opt/anaconda3/envs/fftool_conda/lib/python3.11/site-packages/airflow/example_dags/example_subdag_operator.py
[2023-10-16T21:05:35.092-0400] {processor.py:829} INFO - Processing file /Users/kniu91/opt/anaconda3/envs/fftool_conda/lib/python3.11/site-packages/airflow/example_dags/example_subdag_operator.py for tasks to queue
[2023-10-16T21:05:35.092-0400] {logging_mixin.py:151} INFO - [2023-10-16T21:05:35.092-0400] {dagbag.py:536} INFO - Filling up the DagBag from /Users/kniu91/opt/anaconda3/envs/fftool_conda/lib/python3.11/site-packages/airflow/example_dags/example_subdag_operator.py
[2023-10-16T21:05:35.162-0400] {processor.py:839} INFO - DAG(s) dict_keys(['example_subdag_operator.section-1', 'example_subdag_operator.section-2', 'example_subdag_operator']) retrieved from /Users/kniu91/opt/anaconda3/envs/fftool_conda/lib/python3.11/site-packages/airflow/example_dags/example_subdag_operator.py
[2023-10-16T21:05:35.207-0400] {logging_mixin.py:151} INFO - [2023-10-16T21:05:35.207-0400] {dag.py:2941} INFO - Sync 3 DAGs
[2023-10-16T21:05:35.215-0400] {logging_mixin.py:151} INFO - [2023-10-16T21:05:35.215-0400] {dag.py:3722} INFO - Setting next_dagrun for example_subdag_operator to 2022-01-01T00:00:00+00:00, run_after=2022-01-01T00:00:00+00:00
[2023-10-16T21:05:35.216-0400] {logging_mixin.py:151} INFO - [2023-10-16T21:05:35.216-0400] {dag.py:3722} INFO - Setting next_dagrun for example_subdag_operator.section-1 to None, run_after=None
[2023-10-16T21:05:35.217-0400] {logging_mixin.py:151} INFO - [2023-10-16T21:05:35.217-0400] {dag.py:3722} INFO - Setting next_dagrun for example_subdag_operator.section-2 to None, run_after=None
[2023-10-16T21:05:35.219-0400] {logging_mixin.py:151} INFO - [2023-10-16T21:05:35.219-0400] {dag.py:2941} INFO - Sync 2 DAGs
[2023-10-16T21:05:35.221-0400] {logging_mixin.py:151} INFO - [2023-10-16T21:05:35.221-0400] {dag.py:3722} INFO - Setting next_dagrun for example_subdag_operator.section-1 to None, run_after=None
[2023-10-16T21:05:35.221-0400] {logging_mixin.py:151} INFO - [2023-10-16T21:05:35.221-0400] {dag.py:3722} INFO - Setting next_dagrun for example_subdag_operator.section-2 to None, run_after=None
[2023-10-16T21:05:35.228-0400] {processor.py:179} INFO - Processing /Users/kniu91/opt/anaconda3/envs/fftool_conda/lib/python3.11/site-packages/airflow/example_dags/example_subdag_operator.py took 0.139 seconds
[2023-10-16T21:07:08.351-0400] {processor.py:157} INFO - Started process (PID=20576) to work on /Users/kniu91/opt/anaconda3/envs/fftool_conda/lib/python3.11/site-packages/airflow/example_dags/example_subdag_operator.py
[2023-10-16T21:07:08.353-0400] {processor.py:829} INFO - Processing file /Users/kniu91/opt/anaconda3/envs/fftool_conda/lib/python3.11/site-packages/airflow/example_dags/example_subdag_operator.py for tasks to queue
[2023-10-16T21:07:08.354-0400] {logging_mixin.py:151} INFO - [2023-10-16T21:07:08.354-0400] {dagbag.py:536} INFO - Filling up the DagBag from /Users/kniu91/opt/anaconda3/envs/fftool_conda/lib/python3.11/site-packages/airflow/example_dags/example_subdag_operator.py
[2023-10-16T21:07:08.432-0400] {processor.py:839} INFO - DAG(s) dict_keys(['example_subdag_operator.section-1', 'example_subdag_operator.section-2', 'example_subdag_operator']) retrieved from /Users/kniu91/opt/anaconda3/envs/fftool_conda/lib/python3.11/site-packages/airflow/example_dags/example_subdag_operator.py
[2023-10-16T21:07:08.483-0400] {logging_mixin.py:151} INFO - [2023-10-16T21:07:08.482-0400] {dag.py:2941} INFO - Sync 3 DAGs
[2023-10-16T21:07:08.491-0400] {logging_mixin.py:151} INFO - [2023-10-16T21:07:08.491-0400] {dag.py:3722} INFO - Setting next_dagrun for example_subdag_operator to 2022-01-01T00:00:00+00:00, run_after=2022-01-01T00:00:00+00:00
[2023-10-16T21:07:08.492-0400] {logging_mixin.py:151} INFO - [2023-10-16T21:07:08.492-0400] {dag.py:3722} INFO - Setting next_dagrun for example_subdag_operator.section-1 to None, run_after=None
[2023-10-16T21:07:08.493-0400] {logging_mixin.py:151} INFO - [2023-10-16T21:07:08.493-0400] {dag.py:3722} INFO - Setting next_dagrun for example_subdag_operator.section-2 to None, run_after=None
[2023-10-16T21:07:08.496-0400] {logging_mixin.py:151} INFO - [2023-10-16T21:07:08.496-0400] {dag.py:2941} INFO - Sync 2 DAGs
[2023-10-16T21:07:08.498-0400] {logging_mixin.py:151} INFO - [2023-10-16T21:07:08.498-0400] {dag.py:3722} INFO - Setting next_dagrun for example_subdag_operator.section-1 to None, run_after=None
[2023-10-16T21:07:08.498-0400] {logging_mixin.py:151} INFO - [2023-10-16T21:07:08.498-0400] {dag.py:3722} INFO - Setting next_dagrun for example_subdag_operator.section-2 to None, run_after=None
[2023-10-16T21:07:08.505-0400] {processor.py:179} INFO - Processing /Users/kniu91/opt/anaconda3/envs/fftool_conda/lib/python3.11/site-packages/airflow/example_dags/example_subdag_operator.py took 0.154 seconds
[2023-10-16T21:08:59.879-0400] {processor.py:157} INFO - Started process (PID=20677) to work on /Users/kniu91/opt/anaconda3/envs/fftool_conda/lib/python3.11/site-packages/airflow/example_dags/example_subdag_operator.py
[2023-10-16T21:08:59.881-0400] {processor.py:829} INFO - Processing file /Users/kniu91/opt/anaconda3/envs/fftool_conda/lib/python3.11/site-packages/airflow/example_dags/example_subdag_operator.py for tasks to queue
[2023-10-16T21:08:59.881-0400] {logging_mixin.py:151} INFO - [2023-10-16T21:08:59.881-0400] {dagbag.py:536} INFO - Filling up the DagBag from /Users/kniu91/opt/anaconda3/envs/fftool_conda/lib/python3.11/site-packages/airflow/example_dags/example_subdag_operator.py
[2023-10-16T21:08:59.950-0400] {processor.py:839} INFO - DAG(s) dict_keys(['example_subdag_operator.section-1', 'example_subdag_operator.section-2', 'example_subdag_operator']) retrieved from /Users/kniu91/opt/anaconda3/envs/fftool_conda/lib/python3.11/site-packages/airflow/example_dags/example_subdag_operator.py
[2023-10-16T21:08:59.995-0400] {logging_mixin.py:151} INFO - [2023-10-16T21:08:59.995-0400] {dag.py:2941} INFO - Sync 3 DAGs
[2023-10-16T21:09:00.003-0400] {logging_mixin.py:151} INFO - [2023-10-16T21:09:00.003-0400] {dag.py:3722} INFO - Setting next_dagrun for example_subdag_operator to 2022-01-01T00:00:00+00:00, run_after=2022-01-01T00:00:00+00:00
[2023-10-16T21:09:00.005-0400] {logging_mixin.py:151} INFO - [2023-10-16T21:09:00.005-0400] {dag.py:3722} INFO - Setting next_dagrun for example_subdag_operator.section-1 to None, run_after=None
[2023-10-16T21:09:00.005-0400] {logging_mixin.py:151} INFO - [2023-10-16T21:09:00.005-0400] {dag.py:3722} INFO - Setting next_dagrun for example_subdag_operator.section-2 to None, run_after=None
[2023-10-16T21:09:00.007-0400] {logging_mixin.py:151} INFO - [2023-10-16T21:09:00.007-0400] {dag.py:2941} INFO - Sync 2 DAGs
[2023-10-16T21:09:00.009-0400] {logging_mixin.py:151} INFO - [2023-10-16T21:09:00.009-0400] {dag.py:3722} INFO - Setting next_dagrun for example_subdag_operator.section-1 to None, run_after=None
[2023-10-16T21:09:00.009-0400] {logging_mixin.py:151} INFO - [2023-10-16T21:09:00.009-0400] {dag.py:3722} INFO - Setting next_dagrun for example_subdag_operator.section-2 to None, run_after=None
[2023-10-16T21:09:00.016-0400] {processor.py:179} INFO - Processing /Users/kniu91/opt/anaconda3/envs/fftool_conda/lib/python3.11/site-packages/airflow/example_dags/example_subdag_operator.py took 0.137 seconds
[2023-10-16T21:10:41.257-0400] {processor.py:157} INFO - Started process (PID=20783) to work on /Users/kniu91/opt/anaconda3/envs/fftool_conda/lib/python3.11/site-packages/airflow/example_dags/example_subdag_operator.py
[2023-10-16T21:10:41.259-0400] {processor.py:829} INFO - Processing file /Users/kniu91/opt/anaconda3/envs/fftool_conda/lib/python3.11/site-packages/airflow/example_dags/example_subdag_operator.py for tasks to queue
[2023-10-16T21:10:41.259-0400] {logging_mixin.py:151} INFO - [2023-10-16T21:10:41.259-0400] {dagbag.py:536} INFO - Filling up the DagBag from /Users/kniu91/opt/anaconda3/envs/fftool_conda/lib/python3.11/site-packages/airflow/example_dags/example_subdag_operator.py
[2023-10-16T21:10:41.327-0400] {processor.py:839} INFO - DAG(s) dict_keys(['example_subdag_operator.section-1', 'example_subdag_operator.section-2', 'example_subdag_operator']) retrieved from /Users/kniu91/opt/anaconda3/envs/fftool_conda/lib/python3.11/site-packages/airflow/example_dags/example_subdag_operator.py
[2023-10-16T21:10:41.372-0400] {logging_mixin.py:151} INFO - [2023-10-16T21:10:41.372-0400] {dag.py:2941} INFO - Sync 3 DAGs
[2023-10-16T21:10:41.380-0400] {logging_mixin.py:151} INFO - [2023-10-16T21:10:41.380-0400] {dag.py:3722} INFO - Setting next_dagrun for example_subdag_operator to 2022-01-01T00:00:00+00:00, run_after=2022-01-01T00:00:00+00:00
[2023-10-16T21:10:41.382-0400] {logging_mixin.py:151} INFO - [2023-10-16T21:10:41.381-0400] {dag.py:3722} INFO - Setting next_dagrun for example_subdag_operator.section-1 to None, run_after=None
[2023-10-16T21:10:41.382-0400] {logging_mixin.py:151} INFO - [2023-10-16T21:10:41.382-0400] {dag.py:3722} INFO - Setting next_dagrun for example_subdag_operator.section-2 to None, run_after=None
[2023-10-16T21:10:41.384-0400] {logging_mixin.py:151} INFO - [2023-10-16T21:10:41.384-0400] {dag.py:2941} INFO - Sync 2 DAGs
[2023-10-16T21:10:41.386-0400] {logging_mixin.py:151} INFO - [2023-10-16T21:10:41.386-0400] {dag.py:3722} INFO - Setting next_dagrun for example_subdag_operator.section-1 to None, run_after=None
[2023-10-16T21:10:41.386-0400] {logging_mixin.py:151} INFO - [2023-10-16T21:10:41.386-0400] {dag.py:3722} INFO - Setting next_dagrun for example_subdag_operator.section-2 to None, run_after=None
[2023-10-16T21:10:41.393-0400] {processor.py:179} INFO - Processing /Users/kniu91/opt/anaconda3/envs/fftool_conda/lib/python3.11/site-packages/airflow/example_dags/example_subdag_operator.py took 0.136 seconds
[2023-10-16T21:12:02.625-0400] {processor.py:157} INFO - Started process (PID=20839) to work on /Users/kniu91/opt/anaconda3/envs/fftool_conda/lib/python3.11/site-packages/airflow/example_dags/example_subdag_operator.py
[2023-10-16T21:12:02.627-0400] {processor.py:829} INFO - Processing file /Users/kniu91/opt/anaconda3/envs/fftool_conda/lib/python3.11/site-packages/airflow/example_dags/example_subdag_operator.py for tasks to queue
[2023-10-16T21:12:02.627-0400] {logging_mixin.py:151} INFO - [2023-10-16T21:12:02.627-0400] {dagbag.py:536} INFO - Filling up the DagBag from /Users/kniu91/opt/anaconda3/envs/fftool_conda/lib/python3.11/site-packages/airflow/example_dags/example_subdag_operator.py
[2023-10-16T21:12:02.713-0400] {processor.py:839} INFO - DAG(s) dict_keys(['example_subdag_operator.section-1', 'example_subdag_operator.section-2', 'example_subdag_operator']) retrieved from /Users/kniu91/opt/anaconda3/envs/fftool_conda/lib/python3.11/site-packages/airflow/example_dags/example_subdag_operator.py
[2023-10-16T21:12:02.759-0400] {logging_mixin.py:151} INFO - [2023-10-16T21:12:02.758-0400] {dag.py:2941} INFO - Sync 3 DAGs
[2023-10-16T21:12:02.767-0400] {logging_mixin.py:151} INFO - [2023-10-16T21:12:02.766-0400] {dag.py:3722} INFO - Setting next_dagrun for example_subdag_operator to 2022-01-01T00:00:00+00:00, run_after=2022-01-01T00:00:00+00:00
[2023-10-16T21:12:02.768-0400] {logging_mixin.py:151} INFO - [2023-10-16T21:12:02.768-0400] {dag.py:3722} INFO - Setting next_dagrun for example_subdag_operator.section-1 to None, run_after=None
[2023-10-16T21:12:02.768-0400] {logging_mixin.py:151} INFO - [2023-10-16T21:12:02.768-0400] {dag.py:3722} INFO - Setting next_dagrun for example_subdag_operator.section-2 to None, run_after=None
[2023-10-16T21:12:02.771-0400] {logging_mixin.py:151} INFO - [2023-10-16T21:12:02.771-0400] {dag.py:2941} INFO - Sync 2 DAGs
[2023-10-16T21:12:02.772-0400] {logging_mixin.py:151} INFO - [2023-10-16T21:12:02.772-0400] {dag.py:3722} INFO - Setting next_dagrun for example_subdag_operator.section-1 to None, run_after=None
[2023-10-16T21:12:02.772-0400] {logging_mixin.py:151} INFO - [2023-10-16T21:12:02.772-0400] {dag.py:3722} INFO - Setting next_dagrun for example_subdag_operator.section-2 to None, run_after=None
[2023-10-16T21:12:02.779-0400] {processor.py:179} INFO - Processing /Users/kniu91/opt/anaconda3/envs/fftool_conda/lib/python3.11/site-packages/airflow/example_dags/example_subdag_operator.py took 0.154 seconds
