[2023-10-16T21:05:05.087-0400] {processor.py:157} INFO - Started process (PID=20412) to work on /Users/kniu91/opt/anaconda3/envs/fftool_conda/lib/python3.11/site-packages/airflow/example_dags/example_branch_datetime_operator.py
[2023-10-16T21:05:05.089-0400] {processor.py:829} INFO - Processing file /Users/kniu91/opt/anaconda3/envs/fftool_conda/lib/python3.11/site-packages/airflow/example_dags/example_branch_datetime_operator.py for tasks to queue
[2023-10-16T21:05:05.090-0400] {logging_mixin.py:151} INFO - [2023-10-16T21:05:05.089-0400] {dagbag.py:536} INFO - Filling up the DagBag from /Users/kniu91/opt/anaconda3/envs/fftool_conda/lib/python3.11/site-packages/airflow/example_dags/example_branch_datetime_operator.py
[2023-10-16T21:05:05.107-0400] {processor.py:839} INFO - DAG(s) dict_keys(['example_branch_datetime_operator_3', 'example_branch_datetime_operator', 'example_branch_datetime_operator_2']) retrieved from /Users/kniu91/opt/anaconda3/envs/fftool_conda/lib/python3.11/site-packages/airflow/example_dags/example_branch_datetime_operator.py
[2023-10-16T21:05:05.387-0400] {logging_mixin.py:151} INFO - [2023-10-16T21:05:05.386-0400] {manager.py:499} INFO - Created Permission View: %s
[2023-10-16T21:05:05.391-0400] {logging_mixin.py:151} INFO - [2023-10-16T21:05:05.390-0400] {manager.py:499} INFO - Created Permission View: %s
[2023-10-16T21:05:05.393-0400] {logging_mixin.py:151} INFO - [2023-10-16T21:05:05.393-0400] {manager.py:499} INFO - Created Permission View: %s
[2023-10-16T21:05:05.398-0400] {logging_mixin.py:151} INFO - [2023-10-16T21:05:05.398-0400] {manager.py:499} INFO - Created Permission View: %s
[2023-10-16T21:05:05.401-0400] {logging_mixin.py:151} INFO - [2023-10-16T21:05:05.401-0400] {manager.py:499} INFO - Created Permission View: %s
[2023-10-16T21:05:05.403-0400] {logging_mixin.py:151} INFO - [2023-10-16T21:05:05.403-0400] {manager.py:499} INFO - Created Permission View: %s
[2023-10-16T21:05:05.408-0400] {logging_mixin.py:151} INFO - [2023-10-16T21:05:05.408-0400] {manager.py:499} INFO - Created Permission View: %s
[2023-10-16T21:05:05.411-0400] {logging_mixin.py:151} INFO - [2023-10-16T21:05:05.411-0400] {manager.py:499} INFO - Created Permission View: %s
[2023-10-16T21:05:05.413-0400] {logging_mixin.py:151} INFO - [2023-10-16T21:05:05.413-0400] {manager.py:499} INFO - Created Permission View: %s
[2023-10-16T21:05:05.413-0400] {logging_mixin.py:151} INFO - [2023-10-16T21:05:05.413-0400] {dag.py:2941} INFO - Sync 3 DAGs
[2023-10-16T21:05:05.417-0400] {logging_mixin.py:151} INFO - [2023-10-16T21:05:05.417-0400] {dag.py:2963} INFO - Creating ORM DAG for example_branch_datetime_operator_2
[2023-10-16T21:05:05.418-0400] {logging_mixin.py:151} INFO - [2023-10-16T21:05:05.418-0400] {dag.py:2963} INFO - Creating ORM DAG for example_branch_datetime_operator_3
[2023-10-16T21:05:05.418-0400] {logging_mixin.py:151} INFO - [2023-10-16T21:05:05.418-0400] {dag.py:2963} INFO - Creating ORM DAG for example_branch_datetime_operator
[2023-10-16T21:05:05.422-0400] {logging_mixin.py:151} INFO - [2023-10-16T21:05:05.422-0400] {dag.py:3722} INFO - Setting next_dagrun for example_branch_datetime_operator to 2023-10-16T00:00:00+00:00, run_after=2023-10-17T00:00:00+00:00
[2023-10-16T21:05:05.423-0400] {logging_mixin.py:151} INFO - [2023-10-16T21:05:05.423-0400] {dag.py:3722} INFO - Setting next_dagrun for example_branch_datetime_operator_2 to 2023-10-16T00:00:00+00:00, run_after=2023-10-17T00:00:00+00:00
[2023-10-16T21:05:05.424-0400] {logging_mixin.py:151} INFO - [2023-10-16T21:05:05.424-0400] {dag.py:3722} INFO - Setting next_dagrun for example_branch_datetime_operator_3 to 2023-10-16T00:00:00+00:00, run_after=2023-10-17T00:00:00+00:00
[2023-10-16T21:05:05.432-0400] {processor.py:179} INFO - Processing /Users/kniu91/opt/anaconda3/envs/fftool_conda/lib/python3.11/site-packages/airflow/example_dags/example_branch_datetime_operator.py took 0.345 seconds
[2023-10-16T21:08:01.068-0400] {processor.py:157} INFO - Started process (PID=20618) to work on /Users/kniu91/opt/anaconda3/envs/fftool_conda/lib/python3.11/site-packages/airflow/example_dags/example_branch_datetime_operator.py
[2023-10-16T21:08:01.071-0400] {processor.py:829} INFO - Processing file /Users/kniu91/opt/anaconda3/envs/fftool_conda/lib/python3.11/site-packages/airflow/example_dags/example_branch_datetime_operator.py for tasks to queue
[2023-10-16T21:08:01.071-0400] {logging_mixin.py:151} INFO - [2023-10-16T21:08:01.071-0400] {dagbag.py:536} INFO - Filling up the DagBag from /Users/kniu91/opt/anaconda3/envs/fftool_conda/lib/python3.11/site-packages/airflow/example_dags/example_branch_datetime_operator.py
[2023-10-16T21:08:01.087-0400] {processor.py:839} INFO - DAG(s) dict_keys(['example_branch_datetime_operator', 'example_branch_datetime_operator_2', 'example_branch_datetime_operator_3']) retrieved from /Users/kniu91/opt/anaconda3/envs/fftool_conda/lib/python3.11/site-packages/airflow/example_dags/example_branch_datetime_operator.py
[2023-10-16T21:08:01.178-0400] {logging_mixin.py:151} INFO - [2023-10-16T21:08:01.178-0400] {dag.py:2941} INFO - Sync 3 DAGs
[2023-10-16T21:08:01.187-0400] {logging_mixin.py:151} INFO - [2023-10-16T21:08:01.187-0400] {dag.py:3722} INFO - Setting next_dagrun for example_branch_datetime_operator to 2023-10-16T00:00:00+00:00, run_after=2023-10-17T00:00:00+00:00
[2023-10-16T21:08:01.189-0400] {logging_mixin.py:151} INFO - [2023-10-16T21:08:01.189-0400] {dag.py:3722} INFO - Setting next_dagrun for example_branch_datetime_operator_2 to 2023-10-16T00:00:00+00:00, run_after=2023-10-17T00:00:00+00:00
[2023-10-16T21:08:01.190-0400] {logging_mixin.py:151} INFO - [2023-10-16T21:08:01.190-0400] {dag.py:3722} INFO - Setting next_dagrun for example_branch_datetime_operator_3 to 2023-10-16T00:00:00+00:00, run_after=2023-10-17T00:00:00+00:00
[2023-10-16T21:08:01.198-0400] {processor.py:179} INFO - Processing /Users/kniu91/opt/anaconda3/envs/fftool_conda/lib/python3.11/site-packages/airflow/example_dags/example_branch_datetime_operator.py took 0.130 seconds
[2023-10-16T21:11:32.653-0400] {processor.py:157} INFO - Started process (PID=20821) to work on /Users/kniu91/opt/anaconda3/envs/fftool_conda/lib/python3.11/site-packages/airflow/example_dags/example_branch_datetime_operator.py
[2023-10-16T21:11:32.655-0400] {processor.py:829} INFO - Processing file /Users/kniu91/opt/anaconda3/envs/fftool_conda/lib/python3.11/site-packages/airflow/example_dags/example_branch_datetime_operator.py for tasks to queue
[2023-10-16T21:11:32.656-0400] {logging_mixin.py:151} INFO - [2023-10-16T21:11:32.655-0400] {dagbag.py:536} INFO - Filling up the DagBag from /Users/kniu91/opt/anaconda3/envs/fftool_conda/lib/python3.11/site-packages/airflow/example_dags/example_branch_datetime_operator.py
[2023-10-16T21:11:32.672-0400] {processor.py:839} INFO - DAG(s) dict_keys(['example_branch_datetime_operator_2', 'example_branch_datetime_operator', 'example_branch_datetime_operator_3']) retrieved from /Users/kniu91/opt/anaconda3/envs/fftool_conda/lib/python3.11/site-packages/airflow/example_dags/example_branch_datetime_operator.py
[2023-10-16T21:11:32.763-0400] {logging_mixin.py:151} INFO - [2023-10-16T21:11:32.763-0400] {dag.py:2941} INFO - Sync 3 DAGs
[2023-10-16T21:11:32.772-0400] {logging_mixin.py:151} INFO - [2023-10-16T21:11:32.772-0400] {dag.py:3722} INFO - Setting next_dagrun for example_branch_datetime_operator to 2023-10-16T00:00:00+00:00, run_after=2023-10-17T00:00:00+00:00
[2023-10-16T21:11:32.774-0400] {logging_mixin.py:151} INFO - [2023-10-16T21:11:32.774-0400] {dag.py:3722} INFO - Setting next_dagrun for example_branch_datetime_operator_2 to 2023-10-16T00:00:00+00:00, run_after=2023-10-17T00:00:00+00:00
[2023-10-16T21:11:32.775-0400] {logging_mixin.py:151} INFO - [2023-10-16T21:11:32.775-0400] {dag.py:3722} INFO - Setting next_dagrun for example_branch_datetime_operator_3 to 2023-10-16T00:00:00+00:00, run_after=2023-10-17T00:00:00+00:00
[2023-10-16T21:11:32.783-0400] {processor.py:179} INFO - Processing /Users/kniu91/opt/anaconda3/envs/fftool_conda/lib/python3.11/site-packages/airflow/example_dags/example_branch_datetime_operator.py took 0.131 seconds
