[2023-10-16T21:04:56.362-0400] {processor.py:157} INFO - Started process (PID=20404) to work on /Users/kniu91/opt/anaconda3/envs/fftool_conda/lib/python3.11/site-packages/airflow/example_dags/example_branch_operator_decorator.py
[2023-10-16T21:04:56.364-0400] {processor.py:829} INFO - Processing file /Users/kniu91/opt/anaconda3/envs/fftool_conda/lib/python3.11/site-packages/airflow/example_dags/example_branch_operator_decorator.py for tasks to queue
[2023-10-16T21:04:56.364-0400] {logging_mixin.py:151} INFO - [2023-10-16T21:04:56.364-0400] {dagbag.py:536} INFO - Filling up the DagBag from /Users/kniu91/opt/anaconda3/envs/fftool_conda/lib/python3.11/site-packages/airflow/example_dags/example_branch_operator_decorator.py
[2023-10-16T21:04:56.395-0400] {processor.py:839} INFO - DAG(s) dict_keys(['example_branch_python_operator_decorator']) retrieved from /Users/kniu91/opt/anaconda3/envs/fftool_conda/lib/python3.11/site-packages/airflow/example_dags/example_branch_operator_decorator.py
[2023-10-16T21:04:56.682-0400] {logging_mixin.py:151} INFO - [2023-10-16T21:04:56.681-0400] {manager.py:499} INFO - Created Permission View: %s
[2023-10-16T21:04:56.686-0400] {logging_mixin.py:151} INFO - [2023-10-16T21:04:56.686-0400] {manager.py:499} INFO - Created Permission View: %s
[2023-10-16T21:04:56.688-0400] {logging_mixin.py:151} INFO - [2023-10-16T21:04:56.688-0400] {manager.py:499} INFO - Created Permission View: %s
[2023-10-16T21:04:56.689-0400] {logging_mixin.py:151} INFO - [2023-10-16T21:04:56.688-0400] {dag.py:2941} INFO - Sync 1 DAGs
[2023-10-16T21:04:56.694-0400] {logging_mixin.py:151} INFO - [2023-10-16T21:04:56.694-0400] {dag.py:2963} INFO - Creating ORM DAG for example_branch_python_operator_decorator
[2023-10-16T21:04:56.698-0400] {logging_mixin.py:151} INFO - [2023-10-16T21:04:56.698-0400] {dag.py:3722} INFO - Setting next_dagrun for example_branch_python_operator_decorator to 2023-10-16T00:00:00+00:00, run_after=2023-10-17T00:00:00+00:00
[2023-10-16T21:04:56.707-0400] {processor.py:179} INFO - Processing /Users/kniu91/opt/anaconda3/envs/fftool_conda/lib/python3.11/site-packages/airflow/example_dags/example_branch_operator_decorator.py took 0.346 seconds
[2023-10-16T21:07:53.948-0400] {processor.py:157} INFO - Started process (PID=20605) to work on /Users/kniu91/opt/anaconda3/envs/fftool_conda/lib/python3.11/site-packages/airflow/example_dags/example_branch_operator_decorator.py
[2023-10-16T21:07:53.950-0400] {processor.py:829} INFO - Processing file /Users/kniu91/opt/anaconda3/envs/fftool_conda/lib/python3.11/site-packages/airflow/example_dags/example_branch_operator_decorator.py for tasks to queue
[2023-10-16T21:07:53.950-0400] {logging_mixin.py:151} INFO - [2023-10-16T21:07:53.950-0400] {dagbag.py:536} INFO - Filling up the DagBag from /Users/kniu91/opt/anaconda3/envs/fftool_conda/lib/python3.11/site-packages/airflow/example_dags/example_branch_operator_decorator.py
[2023-10-16T21:07:53.980-0400] {processor.py:839} INFO - DAG(s) dict_keys(['example_branch_python_operator_decorator']) retrieved from /Users/kniu91/opt/anaconda3/envs/fftool_conda/lib/python3.11/site-packages/airflow/example_dags/example_branch_operator_decorator.py
[2023-10-16T21:07:54.076-0400] {logging_mixin.py:151} INFO - [2023-10-16T21:07:54.076-0400] {dag.py:2941} INFO - Sync 1 DAGs
[2023-10-16T21:07:54.085-0400] {logging_mixin.py:151} INFO - [2023-10-16T21:07:54.085-0400] {dag.py:3722} INFO - Setting next_dagrun for example_branch_python_operator_decorator to 2023-10-16T00:00:00+00:00, run_after=2023-10-17T00:00:00+00:00
[2023-10-16T21:07:54.094-0400] {processor.py:179} INFO - Processing /Users/kniu91/opt/anaconda3/envs/fftool_conda/lib/python3.11/site-packages/airflow/example_dags/example_branch_operator_decorator.py took 0.147 seconds
[2023-10-16T21:11:25.612-0400] {processor.py:157} INFO - Started process (PID=20816) to work on /Users/kniu91/opt/anaconda3/envs/fftool_conda/lib/python3.11/site-packages/airflow/example_dags/example_branch_operator_decorator.py
[2023-10-16T21:11:25.614-0400] {processor.py:829} INFO - Processing file /Users/kniu91/opt/anaconda3/envs/fftool_conda/lib/python3.11/site-packages/airflow/example_dags/example_branch_operator_decorator.py for tasks to queue
[2023-10-16T21:11:25.614-0400] {logging_mixin.py:151} INFO - [2023-10-16T21:11:25.614-0400] {dagbag.py:536} INFO - Filling up the DagBag from /Users/kniu91/opt/anaconda3/envs/fftool_conda/lib/python3.11/site-packages/airflow/example_dags/example_branch_operator_decorator.py
[2023-10-16T21:11:25.646-0400] {processor.py:839} INFO - DAG(s) dict_keys(['example_branch_python_operator_decorator']) retrieved from /Users/kniu91/opt/anaconda3/envs/fftool_conda/lib/python3.11/site-packages/airflow/example_dags/example_branch_operator_decorator.py
[2023-10-16T21:11:25.742-0400] {logging_mixin.py:151} INFO - [2023-10-16T21:11:25.741-0400] {dag.py:2941} INFO - Sync 1 DAGs
[2023-10-16T21:11:25.751-0400] {logging_mixin.py:151} INFO - [2023-10-16T21:11:25.751-0400] {dag.py:3722} INFO - Setting next_dagrun for example_branch_python_operator_decorator to 2023-10-16T00:00:00+00:00, run_after=2023-10-17T00:00:00+00:00
[2023-10-16T21:11:25.761-0400] {processor.py:179} INFO - Processing /Users/kniu91/opt/anaconda3/envs/fftool_conda/lib/python3.11/site-packages/airflow/example_dags/example_branch_operator_decorator.py took 0.149 seconds
