[2023-10-16T21:04:41.771-0400] {processor.py:157} INFO - Started process (PID=20396) to work on /Users/kniu91/opt/anaconda3/envs/fftool_conda/lib/python3.11/site-packages/airflow/example_dags/example_kubernetes_executor.py
[2023-10-16T21:04:41.773-0400] {processor.py:829} INFO - Processing file /Users/kniu91/opt/anaconda3/envs/fftool_conda/lib/python3.11/site-packages/airflow/example_dags/example_kubernetes_executor.py for tasks to queue
[2023-10-16T21:04:41.773-0400] {logging_mixin.py:151} INFO - [2023-10-16T21:04:41.773-0400] {dagbag.py:536} INFO - Filling up the DagBag from /Users/kniu91/opt/anaconda3/envs/fftool_conda/lib/python3.11/site-packages/airflow/example_dags/example_kubernetes_executor.py
[2023-10-16T21:04:41.799-0400] {logging_mixin.py:151} INFO - [2023-10-16T21:04:41.799-0400] {example_kubernetes_executor.py:38} WARNING - The example_kubernetes_executor example DAG requires the kubernetes provider. Please install it with: pip install apache-airflow[cncf.kubernetes]
[2023-10-16T21:04:41.799-0400] {processor.py:841} WARNING - No viable dags retrieved from /Users/kniu91/opt/anaconda3/envs/fftool_conda/lib/python3.11/site-packages/airflow/example_dags/example_kubernetes_executor.py
[2023-10-16T21:04:41.849-0400] {processor.py:179} INFO - Processing /Users/kniu91/opt/anaconda3/envs/fftool_conda/lib/python3.11/site-packages/airflow/example_dags/example_kubernetes_executor.py took 0.079 seconds
[2023-10-16T21:06:28.126-0400] {processor.py:157} INFO - Started process (PID=20522) to work on /Users/kniu91/opt/anaconda3/envs/fftool_conda/lib/python3.11/site-packages/airflow/example_dags/example_kubernetes_executor.py
[2023-10-16T21:06:28.128-0400] {processor.py:829} INFO - Processing file /Users/kniu91/opt/anaconda3/envs/fftool_conda/lib/python3.11/site-packages/airflow/example_dags/example_kubernetes_executor.py for tasks to queue
[2023-10-16T21:06:28.128-0400] {logging_mixin.py:151} INFO - [2023-10-16T21:06:28.128-0400] {dagbag.py:536} INFO - Filling up the DagBag from /Users/kniu91/opt/anaconda3/envs/fftool_conda/lib/python3.11/site-packages/airflow/example_dags/example_kubernetes_executor.py
[2023-10-16T21:06:28.153-0400] {logging_mixin.py:151} INFO - [2023-10-16T21:06:28.153-0400] {example_kubernetes_executor.py:38} WARNING - The example_kubernetes_executor example DAG requires the kubernetes provider. Please install it with: pip install apache-airflow[cncf.kubernetes]
[2023-10-16T21:06:28.153-0400] {processor.py:841} WARNING - No viable dags retrieved from /Users/kniu91/opt/anaconda3/envs/fftool_conda/lib/python3.11/site-packages/airflow/example_dags/example_kubernetes_executor.py
[2023-10-16T21:06:28.204-0400] {processor.py:179} INFO - Processing /Users/kniu91/opt/anaconda3/envs/fftool_conda/lib/python3.11/site-packages/airflow/example_dags/example_kubernetes_executor.py took 0.078 seconds
[2023-10-16T21:07:40.367-0400] {processor.py:157} INFO - Started process (PID=20597) to work on /Users/kniu91/opt/anaconda3/envs/fftool_conda/lib/python3.11/site-packages/airflow/example_dags/example_kubernetes_executor.py
[2023-10-16T21:07:40.370-0400] {processor.py:829} INFO - Processing file /Users/kniu91/opt/anaconda3/envs/fftool_conda/lib/python3.11/site-packages/airflow/example_dags/example_kubernetes_executor.py for tasks to queue
[2023-10-16T21:07:40.370-0400] {logging_mixin.py:151} INFO - [2023-10-16T21:07:40.370-0400] {dagbag.py:536} INFO - Filling up the DagBag from /Users/kniu91/opt/anaconda3/envs/fftool_conda/lib/python3.11/site-packages/airflow/example_dags/example_kubernetes_executor.py
[2023-10-16T21:07:40.394-0400] {logging_mixin.py:151} INFO - [2023-10-16T21:07:40.394-0400] {example_kubernetes_executor.py:38} WARNING - The example_kubernetes_executor example DAG requires the kubernetes provider. Please install it with: pip install apache-airflow[cncf.kubernetes]
[2023-10-16T21:07:40.394-0400] {processor.py:841} WARNING - No viable dags retrieved from /Users/kniu91/opt/anaconda3/envs/fftool_conda/lib/python3.11/site-packages/airflow/example_dags/example_kubernetes_executor.py
[2023-10-16T21:07:40.445-0400] {processor.py:179} INFO - Processing /Users/kniu91/opt/anaconda3/envs/fftool_conda/lib/python3.11/site-packages/airflow/example_dags/example_kubernetes_executor.py took 0.078 seconds
[2023-10-16T21:11:11.919-0400] {processor.py:157} INFO - Started process (PID=20804) to work on /Users/kniu91/opt/anaconda3/envs/fftool_conda/lib/python3.11/site-packages/airflow/example_dags/example_kubernetes_executor.py
[2023-10-16T21:11:11.921-0400] {processor.py:829} INFO - Processing file /Users/kniu91/opt/anaconda3/envs/fftool_conda/lib/python3.11/site-packages/airflow/example_dags/example_kubernetes_executor.py for tasks to queue
[2023-10-16T21:11:11.921-0400] {logging_mixin.py:151} INFO - [2023-10-16T21:11:11.921-0400] {dagbag.py:536} INFO - Filling up the DagBag from /Users/kniu91/opt/anaconda3/envs/fftool_conda/lib/python3.11/site-packages/airflow/example_dags/example_kubernetes_executor.py
[2023-10-16T21:11:11.946-0400] {logging_mixin.py:151} INFO - [2023-10-16T21:11:11.946-0400] {example_kubernetes_executor.py:38} WARNING - The example_kubernetes_executor example DAG requires the kubernetes provider. Please install it with: pip install apache-airflow[cncf.kubernetes]
[2023-10-16T21:11:11.946-0400] {processor.py:841} WARNING - No viable dags retrieved from /Users/kniu91/opt/anaconda3/envs/fftool_conda/lib/python3.11/site-packages/airflow/example_dags/example_kubernetes_executor.py
[2023-10-16T21:11:11.996-0400] {processor.py:179} INFO - Processing /Users/kniu91/opt/anaconda3/envs/fftool_conda/lib/python3.11/site-packages/airflow/example_dags/example_kubernetes_executor.py took 0.077 seconds
