[2023-10-16T21:04:32.824-0400] {processor.py:157} INFO - Started process (PID=20391) to work on /Users/kniu91/opt/anaconda3/envs/fftool_conda/lib/python3.11/site-packages/airflow/example_dags/example_params_trigger_ui.py
[2023-10-16T21:04:32.826-0400] {processor.py:829} INFO - Processing file /Users/kniu91/opt/anaconda3/envs/fftool_conda/lib/python3.11/site-packages/airflow/example_dags/example_params_trigger_ui.py for tasks to queue
[2023-10-16T21:04:32.827-0400] {logging_mixin.py:151} INFO - [2023-10-16T21:04:32.827-0400] {dagbag.py:536} INFO - Filling up the DagBag from /Users/kniu91/opt/anaconda3/envs/fftool_conda/lib/python3.11/site-packages/airflow/example_dags/example_params_trigger_ui.py
[2023-10-16T21:04:32.883-0400] {processor.py:839} INFO - DAG(s) dict_keys(['example_params_trigger_ui']) retrieved from /Users/kniu91/opt/anaconda3/envs/fftool_conda/lib/python3.11/site-packages/airflow/example_dags/example_params_trigger_ui.py
[2023-10-16T21:04:33.169-0400] {logging_mixin.py:151} INFO - [2023-10-16T21:04:33.169-0400] {manager.py:499} INFO - Created Permission View: %s
[2023-10-16T21:04:33.173-0400] {logging_mixin.py:151} INFO - [2023-10-16T21:04:33.173-0400] {manager.py:499} INFO - Created Permission View: %s
[2023-10-16T21:04:33.176-0400] {logging_mixin.py:151} INFO - [2023-10-16T21:04:33.176-0400] {manager.py:499} INFO - Created Permission View: %s
[2023-10-16T21:04:33.176-0400] {logging_mixin.py:151} INFO - [2023-10-16T21:04:33.176-0400] {dag.py:2941} INFO - Sync 1 DAGs
[2023-10-16T21:04:33.182-0400] {logging_mixin.py:151} INFO - [2023-10-16T21:04:33.181-0400] {dag.py:2963} INFO - Creating ORM DAG for example_params_trigger_ui
[2023-10-16T21:04:33.182-0400] {logging_mixin.py:151} INFO - [2023-10-16T21:04:33.182-0400] {dag.py:3722} INFO - Setting next_dagrun for example_params_trigger_ui to None, run_after=None
[2023-10-16T21:04:33.191-0400] {processor.py:179} INFO - Processing /Users/kniu91/opt/anaconda3/envs/fftool_conda/lib/python3.11/site-packages/airflow/example_dags/example_params_trigger_ui.py took 0.368 seconds
[2023-10-16T21:05:55.973-0400] {processor.py:157} INFO - Started process (PID=20495) to work on /Users/kniu91/opt/anaconda3/envs/fftool_conda/lib/python3.11/site-packages/airflow/example_dags/example_params_trigger_ui.py
[2023-10-16T21:05:55.975-0400] {processor.py:829} INFO - Processing file /Users/kniu91/opt/anaconda3/envs/fftool_conda/lib/python3.11/site-packages/airflow/example_dags/example_params_trigger_ui.py for tasks to queue
[2023-10-16T21:05:55.975-0400] {logging_mixin.py:151} INFO - [2023-10-16T21:05:55.975-0400] {dagbag.py:536} INFO - Filling up the DagBag from /Users/kniu91/opt/anaconda3/envs/fftool_conda/lib/python3.11/site-packages/airflow/example_dags/example_params_trigger_ui.py
[2023-10-16T21:05:56.028-0400] {processor.py:839} INFO - DAG(s) dict_keys(['example_params_trigger_ui']) retrieved from /Users/kniu91/opt/anaconda3/envs/fftool_conda/lib/python3.11/site-packages/airflow/example_dags/example_params_trigger_ui.py
[2023-10-16T21:05:56.104-0400] {logging_mixin.py:151} INFO - [2023-10-16T21:05:56.104-0400] {dag.py:2941} INFO - Sync 1 DAGs
[2023-10-16T21:05:56.108-0400] {logging_mixin.py:151} INFO - [2023-10-16T21:05:56.108-0400] {dag.py:3722} INFO - Setting next_dagrun for example_params_trigger_ui to None, run_after=None
[2023-10-16T21:05:56.117-0400] {processor.py:179} INFO - Processing /Users/kniu91/opt/anaconda3/envs/fftool_conda/lib/python3.11/site-packages/airflow/example_dags/example_params_trigger_ui.py took 0.145 seconds
[2023-10-16T21:07:31.036-0400] {processor.py:157} INFO - Started process (PID=20592) to work on /Users/kniu91/opt/anaconda3/envs/fftool_conda/lib/python3.11/site-packages/airflow/example_dags/example_params_trigger_ui.py
[2023-10-16T21:07:31.038-0400] {processor.py:829} INFO - Processing file /Users/kniu91/opt/anaconda3/envs/fftool_conda/lib/python3.11/site-packages/airflow/example_dags/example_params_trigger_ui.py for tasks to queue
[2023-10-16T21:07:31.039-0400] {logging_mixin.py:151} INFO - [2023-10-16T21:07:31.039-0400] {dagbag.py:536} INFO - Filling up the DagBag from /Users/kniu91/opt/anaconda3/envs/fftool_conda/lib/python3.11/site-packages/airflow/example_dags/example_params_trigger_ui.py
[2023-10-16T21:07:31.091-0400] {processor.py:839} INFO - DAG(s) dict_keys(['example_params_trigger_ui']) retrieved from /Users/kniu91/opt/anaconda3/envs/fftool_conda/lib/python3.11/site-packages/airflow/example_dags/example_params_trigger_ui.py
[2023-10-16T21:07:31.170-0400] {logging_mixin.py:151} INFO - [2023-10-16T21:07:31.170-0400] {dag.py:2941} INFO - Sync 1 DAGs
[2023-10-16T21:07:31.174-0400] {logging_mixin.py:151} INFO - [2023-10-16T21:07:31.174-0400] {dag.py:3722} INFO - Setting next_dagrun for example_params_trigger_ui to None, run_after=None
[2023-10-16T21:07:31.184-0400] {processor.py:179} INFO - Processing /Users/kniu91/opt/anaconda3/envs/fftool_conda/lib/python3.11/site-packages/airflow/example_dags/example_params_trigger_ui.py took 0.148 seconds
[2023-10-16T21:11:02.787-0400] {processor.py:157} INFO - Started process (PID=20795) to work on /Users/kniu91/opt/anaconda3/envs/fftool_conda/lib/python3.11/site-packages/airflow/example_dags/example_params_trigger_ui.py
[2023-10-16T21:11:02.790-0400] {processor.py:829} INFO - Processing file /Users/kniu91/opt/anaconda3/envs/fftool_conda/lib/python3.11/site-packages/airflow/example_dags/example_params_trigger_ui.py for tasks to queue
[2023-10-16T21:11:02.790-0400] {logging_mixin.py:151} INFO - [2023-10-16T21:11:02.790-0400] {dagbag.py:536} INFO - Filling up the DagBag from /Users/kniu91/opt/anaconda3/envs/fftool_conda/lib/python3.11/site-packages/airflow/example_dags/example_params_trigger_ui.py
[2023-10-16T21:11:02.843-0400] {processor.py:839} INFO - DAG(s) dict_keys(['example_params_trigger_ui']) retrieved from /Users/kniu91/opt/anaconda3/envs/fftool_conda/lib/python3.11/site-packages/airflow/example_dags/example_params_trigger_ui.py
[2023-10-16T21:11:02.920-0400] {logging_mixin.py:151} INFO - [2023-10-16T21:11:02.919-0400] {dag.py:2941} INFO - Sync 1 DAGs
[2023-10-16T21:11:02.924-0400] {logging_mixin.py:151} INFO - [2023-10-16T21:11:02.924-0400] {dag.py:3722} INFO - Setting next_dagrun for example_params_trigger_ui to None, run_after=None
[2023-10-16T21:11:02.933-0400] {processor.py:179} INFO - Processing /Users/kniu91/opt/anaconda3/envs/fftool_conda/lib/python3.11/site-packages/airflow/example_dags/example_params_trigger_ui.py took 0.146 seconds
[2023-10-16T21:12:24.853-0400] {processor.py:157} INFO - Started process (PID=20852) to work on /Users/kniu91/opt/anaconda3/envs/fftool_conda/lib/python3.11/site-packages/airflow/example_dags/example_params_trigger_ui.py
[2023-10-16T21:12:24.855-0400] {processor.py:829} INFO - Processing file /Users/kniu91/opt/anaconda3/envs/fftool_conda/lib/python3.11/site-packages/airflow/example_dags/example_params_trigger_ui.py for tasks to queue
[2023-10-16T21:12:24.855-0400] {logging_mixin.py:151} INFO - [2023-10-16T21:12:24.855-0400] {dagbag.py:536} INFO - Filling up the DagBag from /Users/kniu91/opt/anaconda3/envs/fftool_conda/lib/python3.11/site-packages/airflow/example_dags/example_params_trigger_ui.py
[2023-10-16T21:12:24.907-0400] {processor.py:839} INFO - DAG(s) dict_keys(['example_params_trigger_ui']) retrieved from /Users/kniu91/opt/anaconda3/envs/fftool_conda/lib/python3.11/site-packages/airflow/example_dags/example_params_trigger_ui.py
[2023-10-16T21:12:24.982-0400] {logging_mixin.py:151} INFO - [2023-10-16T21:12:24.982-0400] {dag.py:2941} INFO - Sync 1 DAGs
[2023-10-16T21:12:24.986-0400] {logging_mixin.py:151} INFO - [2023-10-16T21:12:24.986-0400] {dag.py:3722} INFO - Setting next_dagrun for example_params_trigger_ui to None, run_after=None
[2023-10-16T21:12:24.996-0400] {processor.py:179} INFO - Processing /Users/kniu91/opt/anaconda3/envs/fftool_conda/lib/python3.11/site-packages/airflow/example_dags/example_params_trigger_ui.py took 0.144 seconds
