[2023-10-16T21:04:58.503-0400] {processor.py:157} INFO - Started process (PID=20405) to work on /Users/kniu91/opt/anaconda3/envs/fftool_conda/lib/python3.11/site-packages/airflow/example_dags/example_branch_operator.py
[2023-10-16T21:04:58.505-0400] {processor.py:829} INFO - Processing file /Users/kniu91/opt/anaconda3/envs/fftool_conda/lib/python3.11/site-packages/airflow/example_dags/example_branch_operator.py for tasks to queue
[2023-10-16T21:04:58.505-0400] {logging_mixin.py:151} INFO - [2023-10-16T21:04:58.505-0400] {dagbag.py:536} INFO - Filling up the DagBag from /Users/kniu91/opt/anaconda3/envs/fftool_conda/lib/python3.11/site-packages/airflow/example_dags/example_branch_operator.py
[2023-10-16T21:04:58.528-0400] {processor.py:839} INFO - DAG(s) dict_keys(['example_branch_operator']) retrieved from /Users/kniu91/opt/anaconda3/envs/fftool_conda/lib/python3.11/site-packages/airflow/example_dags/example_branch_operator.py
[2023-10-16T21:04:58.817-0400] {logging_mixin.py:151} INFO - [2023-10-16T21:04:58.817-0400] {manager.py:499} INFO - Created Permission View: %s
[2023-10-16T21:04:58.822-0400] {logging_mixin.py:151} INFO - [2023-10-16T21:04:58.822-0400] {manager.py:499} INFO - Created Permission View: %s
[2023-10-16T21:04:58.825-0400] {logging_mixin.py:151} INFO - [2023-10-16T21:04:58.824-0400] {manager.py:499} INFO - Created Permission View: %s
[2023-10-16T21:04:58.825-0400] {logging_mixin.py:151} INFO - [2023-10-16T21:04:58.825-0400] {dag.py:2941} INFO - Sync 1 DAGs
[2023-10-16T21:04:58.829-0400] {logging_mixin.py:151} INFO - [2023-10-16T21:04:58.829-0400] {dag.py:2963} INFO - Creating ORM DAG for example_branch_operator
[2023-10-16T21:04:58.835-0400] {logging_mixin.py:151} INFO - [2023-10-16T21:04:58.835-0400] {dag.py:3722} INFO - Setting next_dagrun for example_branch_operator to 2023-10-16T00:00:00+00:00, run_after=2023-10-17T00:00:00+00:00
[2023-10-16T21:04:58.844-0400] {processor.py:179} INFO - Processing /Users/kniu91/opt/anaconda3/envs/fftool_conda/lib/python3.11/site-packages/airflow/example_dags/example_branch_operator.py took 0.341 seconds
[2023-10-16T21:07:55.830-0400] {processor.py:157} INFO - Started process (PID=20606) to work on /Users/kniu91/opt/anaconda3/envs/fftool_conda/lib/python3.11/site-packages/airflow/example_dags/example_branch_operator.py
[2023-10-16T21:07:55.832-0400] {processor.py:829} INFO - Processing file /Users/kniu91/opt/anaconda3/envs/fftool_conda/lib/python3.11/site-packages/airflow/example_dags/example_branch_operator.py for tasks to queue
[2023-10-16T21:07:55.833-0400] {logging_mixin.py:151} INFO - [2023-10-16T21:07:55.832-0400] {dagbag.py:536} INFO - Filling up the DagBag from /Users/kniu91/opt/anaconda3/envs/fftool_conda/lib/python3.11/site-packages/airflow/example_dags/example_branch_operator.py
[2023-10-16T21:07:55.855-0400] {processor.py:839} INFO - DAG(s) dict_keys(['example_branch_operator']) retrieved from /Users/kniu91/opt/anaconda3/envs/fftool_conda/lib/python3.11/site-packages/airflow/example_dags/example_branch_operator.py
[2023-10-16T21:07:55.946-0400] {logging_mixin.py:151} INFO - [2023-10-16T21:07:55.945-0400] {dag.py:2941} INFO - Sync 1 DAGs
[2023-10-16T21:07:55.954-0400] {logging_mixin.py:151} INFO - [2023-10-16T21:07:55.954-0400] {dag.py:3722} INFO - Setting next_dagrun for example_branch_operator to 2023-10-16T00:00:00+00:00, run_after=2023-10-17T00:00:00+00:00
[2023-10-16T21:07:55.963-0400] {processor.py:179} INFO - Processing /Users/kniu91/opt/anaconda3/envs/fftool_conda/lib/python3.11/site-packages/airflow/example_dags/example_branch_operator.py took 0.134 seconds
[2023-10-16T21:11:27.511-0400] {processor.py:157} INFO - Started process (PID=20817) to work on /Users/kniu91/opt/anaconda3/envs/fftool_conda/lib/python3.11/site-packages/airflow/example_dags/example_branch_operator.py
[2023-10-16T21:11:27.513-0400] {processor.py:829} INFO - Processing file /Users/kniu91/opt/anaconda3/envs/fftool_conda/lib/python3.11/site-packages/airflow/example_dags/example_branch_operator.py for tasks to queue
[2023-10-16T21:11:27.513-0400] {logging_mixin.py:151} INFO - [2023-10-16T21:11:27.513-0400] {dagbag.py:536} INFO - Filling up the DagBag from /Users/kniu91/opt/anaconda3/envs/fftool_conda/lib/python3.11/site-packages/airflow/example_dags/example_branch_operator.py
[2023-10-16T21:11:27.536-0400] {processor.py:839} INFO - DAG(s) dict_keys(['example_branch_operator']) retrieved from /Users/kniu91/opt/anaconda3/envs/fftool_conda/lib/python3.11/site-packages/airflow/example_dags/example_branch_operator.py
[2023-10-16T21:11:27.628-0400] {logging_mixin.py:151} INFO - [2023-10-16T21:11:27.628-0400] {dag.py:2941} INFO - Sync 1 DAGs
[2023-10-16T21:11:27.636-0400] {logging_mixin.py:151} INFO - [2023-10-16T21:11:27.636-0400] {dag.py:3722} INFO - Setting next_dagrun for example_branch_operator to 2023-10-16T00:00:00+00:00, run_after=2023-10-17T00:00:00+00:00
[2023-10-16T21:11:27.646-0400] {processor.py:179} INFO - Processing /Users/kniu91/opt/anaconda3/envs/fftool_conda/lib/python3.11/site-packages/airflow/example_dags/example_branch_operator.py took 0.135 seconds
