[2023-10-16T21:04:30.629-0400] {processor.py:157} INFO - Started process (PID=20390) to work on /Users/kniu91/opt/anaconda3/envs/fftool_conda/lib/python3.11/site-packages/airflow/example_dags/example_params_ui_tutorial.py
[2023-10-16T21:04:30.631-0400] {processor.py:829} INFO - Processing file /Users/kniu91/opt/anaconda3/envs/fftool_conda/lib/python3.11/site-packages/airflow/example_dags/example_params_ui_tutorial.py for tasks to queue
[2023-10-16T21:04:30.632-0400] {logging_mixin.py:151} INFO - [2023-10-16T21:04:30.631-0400] {dagbag.py:536} INFO - Filling up the DagBag from /Users/kniu91/opt/anaconda3/envs/fftool_conda/lib/python3.11/site-packages/airflow/example_dags/example_params_ui_tutorial.py
[2023-10-16T21:04:30.691-0400] {processor.py:839} INFO - DAG(s) dict_keys(['example_params_ui_tutorial']) retrieved from /Users/kniu91/opt/anaconda3/envs/fftool_conda/lib/python3.11/site-packages/airflow/example_dags/example_params_ui_tutorial.py
[2023-10-16T21:04:30.960-0400] {logging_mixin.py:151} INFO - [2023-10-16T21:04:30.960-0400] {manager.py:499} INFO - Created Permission View: %s
[2023-10-16T21:04:30.964-0400] {logging_mixin.py:151} INFO - [2023-10-16T21:04:30.964-0400] {manager.py:499} INFO - Created Permission View: %s
[2023-10-16T21:04:30.967-0400] {logging_mixin.py:151} INFO - [2023-10-16T21:04:30.967-0400] {manager.py:499} INFO - Created Permission View: %s
[2023-10-16T21:04:30.967-0400] {logging_mixin.py:151} INFO - [2023-10-16T21:04:30.967-0400] {dag.py:2941} INFO - Sync 1 DAGs
[2023-10-16T21:04:30.972-0400] {logging_mixin.py:151} INFO - [2023-10-16T21:04:30.972-0400] {dag.py:2963} INFO - Creating ORM DAG for example_params_ui_tutorial
[2023-10-16T21:04:30.972-0400] {logging_mixin.py:151} INFO - [2023-10-16T21:04:30.972-0400] {dag.py:3722} INFO - Setting next_dagrun for example_params_ui_tutorial to None, run_after=None
[2023-10-16T21:04:30.981-0400] {processor.py:179} INFO - Processing /Users/kniu91/opt/anaconda3/envs/fftool_conda/lib/python3.11/site-packages/airflow/example_dags/example_params_ui_tutorial.py took 0.352 seconds
[2023-10-16T21:05:54.744-0400] {processor.py:157} INFO - Started process (PID=20490) to work on /Users/kniu91/opt/anaconda3/envs/fftool_conda/lib/python3.11/site-packages/airflow/example_dags/example_params_ui_tutorial.py
[2023-10-16T21:05:54.746-0400] {processor.py:829} INFO - Processing file /Users/kniu91/opt/anaconda3/envs/fftool_conda/lib/python3.11/site-packages/airflow/example_dags/example_params_ui_tutorial.py for tasks to queue
[2023-10-16T21:05:54.747-0400] {logging_mixin.py:151} INFO - [2023-10-16T21:05:54.747-0400] {dagbag.py:536} INFO - Filling up the DagBag from /Users/kniu91/opt/anaconda3/envs/fftool_conda/lib/python3.11/site-packages/airflow/example_dags/example_params_ui_tutorial.py
[2023-10-16T21:05:54.805-0400] {processor.py:839} INFO - DAG(s) dict_keys(['example_params_ui_tutorial']) retrieved from /Users/kniu91/opt/anaconda3/envs/fftool_conda/lib/python3.11/site-packages/airflow/example_dags/example_params_ui_tutorial.py
[2023-10-16T21:05:54.883-0400] {logging_mixin.py:151} INFO - [2023-10-16T21:05:54.882-0400] {dag.py:2941} INFO - Sync 1 DAGs
[2023-10-16T21:05:54.887-0400] {logging_mixin.py:151} INFO - [2023-10-16T21:05:54.887-0400] {dag.py:3722} INFO - Setting next_dagrun for example_params_ui_tutorial to None, run_after=None
[2023-10-16T21:05:54.896-0400] {processor.py:179} INFO - Processing /Users/kniu91/opt/anaconda3/envs/fftool_conda/lib/python3.11/site-packages/airflow/example_dags/example_params_ui_tutorial.py took 0.152 seconds
[2023-10-16T21:07:29.087-0400] {processor.py:157} INFO - Started process (PID=20591) to work on /Users/kniu91/opt/anaconda3/envs/fftool_conda/lib/python3.11/site-packages/airflow/example_dags/example_params_ui_tutorial.py
[2023-10-16T21:07:29.090-0400] {processor.py:829} INFO - Processing file /Users/kniu91/opt/anaconda3/envs/fftool_conda/lib/python3.11/site-packages/airflow/example_dags/example_params_ui_tutorial.py for tasks to queue
[2023-10-16T21:07:29.090-0400] {logging_mixin.py:151} INFO - [2023-10-16T21:07:29.090-0400] {dagbag.py:536} INFO - Filling up the DagBag from /Users/kniu91/opt/anaconda3/envs/fftool_conda/lib/python3.11/site-packages/airflow/example_dags/example_params_ui_tutorial.py
[2023-10-16T21:07:29.157-0400] {processor.py:839} INFO - DAG(s) dict_keys(['example_params_ui_tutorial']) retrieved from /Users/kniu91/opt/anaconda3/envs/fftool_conda/lib/python3.11/site-packages/airflow/example_dags/example_params_ui_tutorial.py
[2023-10-16T21:07:29.249-0400] {logging_mixin.py:151} INFO - [2023-10-16T21:07:29.249-0400] {dag.py:2941} INFO - Sync 1 DAGs
[2023-10-16T21:07:29.255-0400] {logging_mixin.py:151} INFO - [2023-10-16T21:07:29.254-0400] {dag.py:3722} INFO - Setting next_dagrun for example_params_ui_tutorial to None, run_after=None
[2023-10-16T21:07:29.267-0400] {processor.py:179} INFO - Processing /Users/kniu91/opt/anaconda3/envs/fftool_conda/lib/python3.11/site-packages/airflow/example_dags/example_params_ui_tutorial.py took 0.180 seconds
[2023-10-16T21:11:00.893-0400] {processor.py:157} INFO - Started process (PID=20794) to work on /Users/kniu91/opt/anaconda3/envs/fftool_conda/lib/python3.11/site-packages/airflow/example_dags/example_params_ui_tutorial.py
[2023-10-16T21:11:00.895-0400] {processor.py:829} INFO - Processing file /Users/kniu91/opt/anaconda3/envs/fftool_conda/lib/python3.11/site-packages/airflow/example_dags/example_params_ui_tutorial.py for tasks to queue
[2023-10-16T21:11:00.895-0400] {logging_mixin.py:151} INFO - [2023-10-16T21:11:00.895-0400] {dagbag.py:536} INFO - Filling up the DagBag from /Users/kniu91/opt/anaconda3/envs/fftool_conda/lib/python3.11/site-packages/airflow/example_dags/example_params_ui_tutorial.py
[2023-10-16T21:11:00.952-0400] {processor.py:839} INFO - DAG(s) dict_keys(['example_params_ui_tutorial']) retrieved from /Users/kniu91/opt/anaconda3/envs/fftool_conda/lib/python3.11/site-packages/airflow/example_dags/example_params_ui_tutorial.py
[2023-10-16T21:11:01.028-0400] {logging_mixin.py:151} INFO - [2023-10-16T21:11:01.028-0400] {dag.py:2941} INFO - Sync 1 DAGs
[2023-10-16T21:11:01.032-0400] {logging_mixin.py:151} INFO - [2023-10-16T21:11:01.032-0400] {dag.py:3722} INFO - Setting next_dagrun for example_params_ui_tutorial to None, run_after=None
[2023-10-16T21:11:01.042-0400] {processor.py:179} INFO - Processing /Users/kniu91/opt/anaconda3/envs/fftool_conda/lib/python3.11/site-packages/airflow/example_dags/example_params_ui_tutorial.py took 0.150 seconds
[2023-10-16T21:12:22.969-0400] {processor.py:157} INFO - Started process (PID=20851) to work on /Users/kniu91/opt/anaconda3/envs/fftool_conda/lib/python3.11/site-packages/airflow/example_dags/example_params_ui_tutorial.py
[2023-10-16T21:12:22.971-0400] {processor.py:829} INFO - Processing file /Users/kniu91/opt/anaconda3/envs/fftool_conda/lib/python3.11/site-packages/airflow/example_dags/example_params_ui_tutorial.py for tasks to queue
[2023-10-16T21:12:22.971-0400] {logging_mixin.py:151} INFO - [2023-10-16T21:12:22.971-0400] {dagbag.py:536} INFO - Filling up the DagBag from /Users/kniu91/opt/anaconda3/envs/fftool_conda/lib/python3.11/site-packages/airflow/example_dags/example_params_ui_tutorial.py
[2023-10-16T21:12:23.028-0400] {processor.py:839} INFO - DAG(s) dict_keys(['example_params_ui_tutorial']) retrieved from /Users/kniu91/opt/anaconda3/envs/fftool_conda/lib/python3.11/site-packages/airflow/example_dags/example_params_ui_tutorial.py
[2023-10-16T21:12:23.107-0400] {logging_mixin.py:151} INFO - [2023-10-16T21:12:23.106-0400] {dag.py:2941} INFO - Sync 1 DAGs
[2023-10-16T21:12:23.111-0400] {logging_mixin.py:151} INFO - [2023-10-16T21:12:23.111-0400] {dag.py:3722} INFO - Setting next_dagrun for example_params_ui_tutorial to None, run_after=None
[2023-10-16T21:12:23.120-0400] {processor.py:179} INFO - Processing /Users/kniu91/opt/anaconda3/envs/fftool_conda/lib/python3.11/site-packages/airflow/example_dags/example_params_ui_tutorial.py took 0.152 seconds
