[2023-10-16T21:04:20.492-0400] {processor.py:157} INFO - Started process (PID=20383) to work on /Users/kniu91/opt/anaconda3/envs/fftool_conda/lib/python3.11/site-packages/airflow/example_dags/example_setup_teardown.py
[2023-10-16T21:04:20.494-0400] {processor.py:829} INFO - Processing file /Users/kniu91/opt/anaconda3/envs/fftool_conda/lib/python3.11/site-packages/airflow/example_dags/example_setup_teardown.py for tasks to queue
[2023-10-16T21:04:20.495-0400] {logging_mixin.py:151} INFO - [2023-10-16T21:04:20.495-0400] {dagbag.py:536} INFO - Filling up the DagBag from /Users/kniu91/opt/anaconda3/envs/fftool_conda/lib/python3.11/site-packages/airflow/example_dags/example_setup_teardown.py
[2023-10-16T21:04:20.510-0400] {processor.py:839} INFO - DAG(s) dict_keys(['example_setup_teardown']) retrieved from /Users/kniu91/opt/anaconda3/envs/fftool_conda/lib/python3.11/site-packages/airflow/example_dags/example_setup_teardown.py
[2023-10-16T21:04:20.815-0400] {logging_mixin.py:151} INFO - [2023-10-16T21:04:20.815-0400] {manager.py:499} INFO - Created Permission View: %s
[2023-10-16T21:04:20.819-0400] {logging_mixin.py:151} INFO - [2023-10-16T21:04:20.819-0400] {manager.py:499} INFO - Created Permission View: %s
[2023-10-16T21:04:20.821-0400] {logging_mixin.py:151} INFO - [2023-10-16T21:04:20.821-0400] {manager.py:499} INFO - Created Permission View: %s
[2023-10-16T21:04:20.822-0400] {logging_mixin.py:151} INFO - [2023-10-16T21:04:20.821-0400] {dag.py:2941} INFO - Sync 1 DAGs
[2023-10-16T21:04:20.826-0400] {logging_mixin.py:151} INFO - [2023-10-16T21:04:20.826-0400] {dag.py:2963} INFO - Creating ORM DAG for example_setup_teardown
[2023-10-16T21:04:20.830-0400] {logging_mixin.py:151} INFO - [2023-10-16T21:04:20.830-0400] {dag.py:3722} INFO - Setting next_dagrun for example_setup_teardown to 2023-10-16T01:04:20.830211+00:00, run_after=2023-10-17T01:04:20.830211+00:00
[2023-10-16T21:04:20.838-0400] {processor.py:179} INFO - Processing /Users/kniu91/opt/anaconda3/envs/fftool_conda/lib/python3.11/site-packages/airflow/example_dags/example_setup_teardown.py took 0.346 seconds
[2023-10-16T21:05:45.117-0400] {processor.py:157} INFO - Started process (PID=20476) to work on /Users/kniu91/opt/anaconda3/envs/fftool_conda/lib/python3.11/site-packages/airflow/example_dags/example_setup_teardown.py
[2023-10-16T21:05:45.120-0400] {processor.py:829} INFO - Processing file /Users/kniu91/opt/anaconda3/envs/fftool_conda/lib/python3.11/site-packages/airflow/example_dags/example_setup_teardown.py for tasks to queue
[2023-10-16T21:05:45.120-0400] {logging_mixin.py:151} INFO - [2023-10-16T21:05:45.120-0400] {dagbag.py:536} INFO - Filling up the DagBag from /Users/kniu91/opt/anaconda3/envs/fftool_conda/lib/python3.11/site-packages/airflow/example_dags/example_setup_teardown.py
[2023-10-16T21:05:45.134-0400] {processor.py:839} INFO - DAG(s) dict_keys(['example_setup_teardown']) retrieved from /Users/kniu91/opt/anaconda3/envs/fftool_conda/lib/python3.11/site-packages/airflow/example_dags/example_setup_teardown.py
[2023-10-16T21:05:45.226-0400] {logging_mixin.py:151} INFO - [2023-10-16T21:05:45.226-0400] {dag.py:2941} INFO - Sync 1 DAGs
[2023-10-16T21:05:45.235-0400] {logging_mixin.py:151} INFO - [2023-10-16T21:05:45.235-0400] {dag.py:3722} INFO - Setting next_dagrun for example_setup_teardown to 2023-10-16T01:05:45.235096+00:00, run_after=2023-10-17T01:05:45.235096+00:00
[2023-10-16T21:05:45.245-0400] {processor.py:179} INFO - Processing /Users/kniu91/opt/anaconda3/envs/fftool_conda/lib/python3.11/site-packages/airflow/example_dags/example_setup_teardown.py took 0.127 seconds
[2023-10-16T21:07:19.885-0400] {processor.py:157} INFO - Started process (PID=20582) to work on /Users/kniu91/opt/anaconda3/envs/fftool_conda/lib/python3.11/site-packages/airflow/example_dags/example_setup_teardown.py
[2023-10-16T21:07:19.887-0400] {processor.py:829} INFO - Processing file /Users/kniu91/opt/anaconda3/envs/fftool_conda/lib/python3.11/site-packages/airflow/example_dags/example_setup_teardown.py for tasks to queue
[2023-10-16T21:07:19.887-0400] {logging_mixin.py:151} INFO - [2023-10-16T21:07:19.887-0400] {dagbag.py:536} INFO - Filling up the DagBag from /Users/kniu91/opt/anaconda3/envs/fftool_conda/lib/python3.11/site-packages/airflow/example_dags/example_setup_teardown.py
[2023-10-16T21:07:19.903-0400] {processor.py:839} INFO - DAG(s) dict_keys(['example_setup_teardown']) retrieved from /Users/kniu91/opt/anaconda3/envs/fftool_conda/lib/python3.11/site-packages/airflow/example_dags/example_setup_teardown.py
[2023-10-16T21:07:19.999-0400] {logging_mixin.py:151} INFO - [2023-10-16T21:07:19.999-0400] {dag.py:2941} INFO - Sync 1 DAGs
[2023-10-16T21:07:20.008-0400] {logging_mixin.py:151} INFO - [2023-10-16T21:07:20.008-0400] {dag.py:3722} INFO - Setting next_dagrun for example_setup_teardown to 2023-10-16T01:07:20.008126+00:00, run_after=2023-10-17T01:07:20.008126+00:00
[2023-10-16T21:07:20.018-0400] {processor.py:179} INFO - Processing /Users/kniu91/opt/anaconda3/envs/fftool_conda/lib/python3.11/site-packages/airflow/example_dags/example_setup_teardown.py took 0.134 seconds
[2023-10-16T21:10:52.071-0400] {processor.py:157} INFO - Started process (PID=20789) to work on /Users/kniu91/opt/anaconda3/envs/fftool_conda/lib/python3.11/site-packages/airflow/example_dags/example_setup_teardown.py
[2023-10-16T21:10:52.073-0400] {processor.py:829} INFO - Processing file /Users/kniu91/opt/anaconda3/envs/fftool_conda/lib/python3.11/site-packages/airflow/example_dags/example_setup_teardown.py for tasks to queue
[2023-10-16T21:10:52.074-0400] {logging_mixin.py:151} INFO - [2023-10-16T21:10:52.074-0400] {dagbag.py:536} INFO - Filling up the DagBag from /Users/kniu91/opt/anaconda3/envs/fftool_conda/lib/python3.11/site-packages/airflow/example_dags/example_setup_teardown.py
[2023-10-16T21:10:52.088-0400] {processor.py:839} INFO - DAG(s) dict_keys(['example_setup_teardown']) retrieved from /Users/kniu91/opt/anaconda3/envs/fftool_conda/lib/python3.11/site-packages/airflow/example_dags/example_setup_teardown.py
[2023-10-16T21:10:52.176-0400] {logging_mixin.py:151} INFO - [2023-10-16T21:10:52.176-0400] {dag.py:2941} INFO - Sync 1 DAGs
[2023-10-16T21:10:52.184-0400] {logging_mixin.py:151} INFO - [2023-10-16T21:10:52.184-0400] {dag.py:3722} INFO - Setting next_dagrun for example_setup_teardown to 2023-10-16T01:10:52.184040+00:00, run_after=2023-10-17T01:10:52.184040+00:00
[2023-10-16T21:10:52.193-0400] {processor.py:179} INFO - Processing /Users/kniu91/opt/anaconda3/envs/fftool_conda/lib/python3.11/site-packages/airflow/example_dags/example_setup_teardown.py took 0.122 seconds
[2023-10-16T21:12:13.915-0400] {processor.py:157} INFO - Started process (PID=20846) to work on /Users/kniu91/opt/anaconda3/envs/fftool_conda/lib/python3.11/site-packages/airflow/example_dags/example_setup_teardown.py
[2023-10-16T21:12:13.917-0400] {processor.py:829} INFO - Processing file /Users/kniu91/opt/anaconda3/envs/fftool_conda/lib/python3.11/site-packages/airflow/example_dags/example_setup_teardown.py for tasks to queue
[2023-10-16T21:12:13.917-0400] {logging_mixin.py:151} INFO - [2023-10-16T21:12:13.917-0400] {dagbag.py:536} INFO - Filling up the DagBag from /Users/kniu91/opt/anaconda3/envs/fftool_conda/lib/python3.11/site-packages/airflow/example_dags/example_setup_teardown.py
[2023-10-16T21:12:13.931-0400] {processor.py:839} INFO - DAG(s) dict_keys(['example_setup_teardown']) retrieved from /Users/kniu91/opt/anaconda3/envs/fftool_conda/lib/python3.11/site-packages/airflow/example_dags/example_setup_teardown.py
[2023-10-16T21:12:14.019-0400] {logging_mixin.py:151} INFO - [2023-10-16T21:12:14.019-0400] {dag.py:2941} INFO - Sync 1 DAGs
[2023-10-16T21:12:14.027-0400] {logging_mixin.py:151} INFO - [2023-10-16T21:12:14.027-0400] {dag.py:3722} INFO - Setting next_dagrun for example_setup_teardown to 2023-10-16T01:12:14.027777+00:00, run_after=2023-10-17T01:12:14.027777+00:00
[2023-10-16T21:12:14.037-0400] {processor.py:179} INFO - Processing /Users/kniu91/opt/anaconda3/envs/fftool_conda/lib/python3.11/site-packages/airflow/example_dags/example_setup_teardown.py took 0.123 seconds
