[2023-10-16T21:04:42.545-0400] {processor.py:157} INFO - Started process (PID=20397) to work on /Users/kniu91/opt/anaconda3/envs/fftool_conda/lib/python3.11/site-packages/airflow/example_dags/example_external_task_marker_dag.py
[2023-10-16T21:04:42.547-0400] {processor.py:829} INFO - Processing file /Users/kniu91/opt/anaconda3/envs/fftool_conda/lib/python3.11/site-packages/airflow/example_dags/example_external_task_marker_dag.py for tasks to queue
[2023-10-16T21:04:42.547-0400] {logging_mixin.py:151} INFO - [2023-10-16T21:04:42.547-0400] {dagbag.py:536} INFO - Filling up the DagBag from /Users/kniu91/opt/anaconda3/envs/fftool_conda/lib/python3.11/site-packages/airflow/example_dags/example_external_task_marker_dag.py
[2023-10-16T21:04:42.563-0400] {processor.py:839} INFO - DAG(s) dict_keys(['example_external_task_marker_child', 'example_external_task_marker_parent']) retrieved from /Users/kniu91/opt/anaconda3/envs/fftool_conda/lib/python3.11/site-packages/airflow/example_dags/example_external_task_marker_dag.py
[2023-10-16T21:04:42.862-0400] {logging_mixin.py:151} INFO - [2023-10-16T21:04:42.862-0400] {manager.py:499} INFO - Created Permission View: %s
[2023-10-16T21:04:42.866-0400] {logging_mixin.py:151} INFO - [2023-10-16T21:04:42.866-0400] {manager.py:499} INFO - Created Permission View: %s
[2023-10-16T21:04:42.869-0400] {logging_mixin.py:151} INFO - [2023-10-16T21:04:42.869-0400] {manager.py:499} INFO - Created Permission View: %s
[2023-10-16T21:04:42.874-0400] {logging_mixin.py:151} INFO - [2023-10-16T21:04:42.874-0400] {manager.py:499} INFO - Created Permission View: %s
[2023-10-16T21:04:42.877-0400] {logging_mixin.py:151} INFO - [2023-10-16T21:04:42.876-0400] {manager.py:499} INFO - Created Permission View: %s
[2023-10-16T21:04:42.879-0400] {logging_mixin.py:151} INFO - [2023-10-16T21:04:42.879-0400] {manager.py:499} INFO - Created Permission View: %s
[2023-10-16T21:04:42.879-0400] {logging_mixin.py:151} INFO - [2023-10-16T21:04:42.879-0400] {dag.py:2941} INFO - Sync 2 DAGs
[2023-10-16T21:04:42.884-0400] {logging_mixin.py:151} INFO - [2023-10-16T21:04:42.884-0400] {dag.py:2963} INFO - Creating ORM DAG for example_external_task_marker_parent
[2023-10-16T21:04:42.884-0400] {logging_mixin.py:151} INFO - [2023-10-16T21:04:42.884-0400] {dag.py:2963} INFO - Creating ORM DAG for example_external_task_marker_child
[2023-10-16T21:04:42.884-0400] {logging_mixin.py:151} INFO - [2023-10-16T21:04:42.884-0400] {dag.py:3722} INFO - Setting next_dagrun for example_external_task_marker_child to None, run_after=None
[2023-10-16T21:04:42.884-0400] {logging_mixin.py:151} INFO - [2023-10-16T21:04:42.884-0400] {dag.py:3722} INFO - Setting next_dagrun for example_external_task_marker_parent to None, run_after=None
[2023-10-16T21:04:42.892-0400] {processor.py:179} INFO - Processing /Users/kniu91/opt/anaconda3/envs/fftool_conda/lib/python3.11/site-packages/airflow/example_dags/example_external_task_marker_dag.py took 0.348 seconds
[2023-10-16T21:06:29.702-0400] {processor.py:157} INFO - Started process (PID=20523) to work on /Users/kniu91/opt/anaconda3/envs/fftool_conda/lib/python3.11/site-packages/airflow/example_dags/example_external_task_marker_dag.py
[2023-10-16T21:06:29.704-0400] {processor.py:829} INFO - Processing file /Users/kniu91/opt/anaconda3/envs/fftool_conda/lib/python3.11/site-packages/airflow/example_dags/example_external_task_marker_dag.py for tasks to queue
[2023-10-16T21:06:29.704-0400] {logging_mixin.py:151} INFO - [2023-10-16T21:06:29.704-0400] {dagbag.py:536} INFO - Filling up the DagBag from /Users/kniu91/opt/anaconda3/envs/fftool_conda/lib/python3.11/site-packages/airflow/example_dags/example_external_task_marker_dag.py
[2023-10-16T21:06:29.719-0400] {processor.py:839} INFO - DAG(s) dict_keys(['example_external_task_marker_parent', 'example_external_task_marker_child']) retrieved from /Users/kniu91/opt/anaconda3/envs/fftool_conda/lib/python3.11/site-packages/airflow/example_dags/example_external_task_marker_dag.py
[2023-10-16T21:06:29.813-0400] {logging_mixin.py:151} INFO - [2023-10-16T21:06:29.812-0400] {dag.py:2941} INFO - Sync 2 DAGs
[2023-10-16T21:06:29.817-0400] {logging_mixin.py:151} INFO - [2023-10-16T21:06:29.817-0400] {dag.py:3722} INFO - Setting next_dagrun for example_external_task_marker_child to None, run_after=None
[2023-10-16T21:06:29.819-0400] {logging_mixin.py:151} INFO - [2023-10-16T21:06:29.818-0400] {dag.py:3722} INFO - Setting next_dagrun for example_external_task_marker_parent to None, run_after=None
[2023-10-16T21:06:29.827-0400] {processor.py:179} INFO - Processing /Users/kniu91/opt/anaconda3/envs/fftool_conda/lib/python3.11/site-packages/airflow/example_dags/example_external_task_marker_dag.py took 0.126 seconds
[2023-10-16T21:07:41.349-0400] {processor.py:157} INFO - Started process (PID=20598) to work on /Users/kniu91/opt/anaconda3/envs/fftool_conda/lib/python3.11/site-packages/airflow/example_dags/example_external_task_marker_dag.py
[2023-10-16T21:07:41.352-0400] {processor.py:829} INFO - Processing file /Users/kniu91/opt/anaconda3/envs/fftool_conda/lib/python3.11/site-packages/airflow/example_dags/example_external_task_marker_dag.py for tasks to queue
[2023-10-16T21:07:41.352-0400] {logging_mixin.py:151} INFO - [2023-10-16T21:07:41.352-0400] {dagbag.py:536} INFO - Filling up the DagBag from /Users/kniu91/opt/anaconda3/envs/fftool_conda/lib/python3.11/site-packages/airflow/example_dags/example_external_task_marker_dag.py
[2023-10-16T21:07:41.368-0400] {processor.py:839} INFO - DAG(s) dict_keys(['example_external_task_marker_child', 'example_external_task_marker_parent']) retrieved from /Users/kniu91/opt/anaconda3/envs/fftool_conda/lib/python3.11/site-packages/airflow/example_dags/example_external_task_marker_dag.py
[2023-10-16T21:07:41.464-0400] {logging_mixin.py:151} INFO - [2023-10-16T21:07:41.464-0400] {dag.py:2941} INFO - Sync 2 DAGs
[2023-10-16T21:07:41.470-0400] {logging_mixin.py:151} INFO - [2023-10-16T21:07:41.470-0400] {dag.py:3722} INFO - Setting next_dagrun for example_external_task_marker_child to None, run_after=None
[2023-10-16T21:07:41.471-0400] {logging_mixin.py:151} INFO - [2023-10-16T21:07:41.471-0400] {dag.py:3722} INFO - Setting next_dagrun for example_external_task_marker_parent to None, run_after=None
[2023-10-16T21:07:41.480-0400] {processor.py:179} INFO - Processing /Users/kniu91/opt/anaconda3/envs/fftool_conda/lib/python3.11/site-packages/airflow/example_dags/example_external_task_marker_dag.py took 0.131 seconds
[2023-10-16T21:11:13.038-0400] {processor.py:157} INFO - Started process (PID=20805) to work on /Users/kniu91/opt/anaconda3/envs/fftool_conda/lib/python3.11/site-packages/airflow/example_dags/example_external_task_marker_dag.py
[2023-10-16T21:11:13.040-0400] {processor.py:829} INFO - Processing file /Users/kniu91/opt/anaconda3/envs/fftool_conda/lib/python3.11/site-packages/airflow/example_dags/example_external_task_marker_dag.py for tasks to queue
[2023-10-16T21:11:13.040-0400] {logging_mixin.py:151} INFO - [2023-10-16T21:11:13.040-0400] {dagbag.py:536} INFO - Filling up the DagBag from /Users/kniu91/opt/anaconda3/envs/fftool_conda/lib/python3.11/site-packages/airflow/example_dags/example_external_task_marker_dag.py
[2023-10-16T21:11:13.056-0400] {processor.py:839} INFO - DAG(s) dict_keys(['example_external_task_marker_child', 'example_external_task_marker_parent']) retrieved from /Users/kniu91/opt/anaconda3/envs/fftool_conda/lib/python3.11/site-packages/airflow/example_dags/example_external_task_marker_dag.py
[2023-10-16T21:11:13.150-0400] {logging_mixin.py:151} INFO - [2023-10-16T21:11:13.149-0400] {dag.py:2941} INFO - Sync 2 DAGs
[2023-10-16T21:11:13.154-0400] {logging_mixin.py:151} INFO - [2023-10-16T21:11:13.154-0400] {dag.py:3722} INFO - Setting next_dagrun for example_external_task_marker_child to None, run_after=None
[2023-10-16T21:11:13.156-0400] {logging_mixin.py:151} INFO - [2023-10-16T21:11:13.156-0400] {dag.py:3722} INFO - Setting next_dagrun for example_external_task_marker_parent to None, run_after=None
[2023-10-16T21:11:13.164-0400] {processor.py:179} INFO - Processing /Users/kniu91/opt/anaconda3/envs/fftool_conda/lib/python3.11/site-packages/airflow/example_dags/example_external_task_marker_dag.py took 0.127 seconds
