[2023-10-16T21:03:46.658-0400] {processor.py:157} INFO - Started process (PID=20349) to work on /Users/kniu91/opt/anaconda3/envs/fftool_conda/lib/python3.11/site-packages/airflow/example_dags/tutorial_taskflow_api_virtualenv.py
[2023-10-16T21:03:46.660-0400] {processor.py:829} INFO - Processing file /Users/kniu91/opt/anaconda3/envs/fftool_conda/lib/python3.11/site-packages/airflow/example_dags/tutorial_taskflow_api_virtualenv.py for tasks to queue
[2023-10-16T21:03:46.661-0400] {logging_mixin.py:151} INFO - [2023-10-16T21:03:46.661-0400] {dagbag.py:536} INFO - Filling up the DagBag from /Users/kniu91/opt/anaconda3/envs/fftool_conda/lib/python3.11/site-packages/airflow/example_dags/tutorial_taskflow_api_virtualenv.py
[2023-10-16T21:03:46.692-0400] {processor.py:839} INFO - DAG(s) dict_keys(['tutorial_taskflow_api_virtualenv']) retrieved from /Users/kniu91/opt/anaconda3/envs/fftool_conda/lib/python3.11/site-packages/airflow/example_dags/tutorial_taskflow_api_virtualenv.py
[2023-10-16T21:03:47.027-0400] {logging_mixin.py:151} INFO - [2023-10-16T21:03:47.026-0400] {manager.py:499} INFO - Created Permission View: %s
[2023-10-16T21:03:47.030-0400] {logging_mixin.py:151} INFO - [2023-10-16T21:03:47.030-0400] {manager.py:499} INFO - Created Permission View: %s
[2023-10-16T21:03:47.033-0400] {logging_mixin.py:151} INFO - [2023-10-16T21:03:47.033-0400] {manager.py:499} INFO - Created Permission View: %s
[2023-10-16T21:03:47.034-0400] {logging_mixin.py:151} INFO - [2023-10-16T21:03:47.034-0400] {dag.py:2941} INFO - Sync 1 DAGs
[2023-10-16T21:03:47.038-0400] {logging_mixin.py:151} INFO - [2023-10-16T21:03:47.038-0400] {dag.py:2963} INFO - Creating ORM DAG for tutorial_taskflow_api_virtualenv
[2023-10-16T21:03:47.039-0400] {logging_mixin.py:151} INFO - [2023-10-16T21:03:47.039-0400] {dag.py:3722} INFO - Setting next_dagrun for tutorial_taskflow_api_virtualenv to None, run_after=None
[2023-10-16T21:03:47.048-0400] {processor.py:179} INFO - Processing /Users/kniu91/opt/anaconda3/envs/fftool_conda/lib/python3.11/site-packages/airflow/example_dags/tutorial_taskflow_api_virtualenv.py took 0.390 seconds
[2023-10-16T21:05:15.905-0400] {processor.py:157} INFO - Started process (PID=20431) to work on /Users/kniu91/opt/anaconda3/envs/fftool_conda/lib/python3.11/site-packages/airflow/example_dags/tutorial_taskflow_api_virtualenv.py
[2023-10-16T21:05:15.908-0400] {processor.py:829} INFO - Processing file /Users/kniu91/opt/anaconda3/envs/fftool_conda/lib/python3.11/site-packages/airflow/example_dags/tutorial_taskflow_api_virtualenv.py for tasks to queue
[2023-10-16T21:05:15.908-0400] {logging_mixin.py:151} INFO - [2023-10-16T21:05:15.908-0400] {dagbag.py:536} INFO - Filling up the DagBag from /Users/kniu91/opt/anaconda3/envs/fftool_conda/lib/python3.11/site-packages/airflow/example_dags/tutorial_taskflow_api_virtualenv.py
[2023-10-16T21:05:15.937-0400] {processor.py:839} INFO - DAG(s) dict_keys(['tutorial_taskflow_api_virtualenv']) retrieved from /Users/kniu91/opt/anaconda3/envs/fftool_conda/lib/python3.11/site-packages/airflow/example_dags/tutorial_taskflow_api_virtualenv.py
[2023-10-16T21:05:16.023-0400] {logging_mixin.py:151} INFO - [2023-10-16T21:05:16.022-0400] {dag.py:2941} INFO - Sync 1 DAGs
[2023-10-16T21:05:16.027-0400] {logging_mixin.py:151} INFO - [2023-10-16T21:05:16.027-0400] {dag.py:3722} INFO - Setting next_dagrun for tutorial_taskflow_api_virtualenv to None, run_after=None
[2023-10-16T21:05:16.036-0400] {processor.py:179} INFO - Processing /Users/kniu91/opt/anaconda3/envs/fftool_conda/lib/python3.11/site-packages/airflow/example_dags/tutorial_taskflow_api_virtualenv.py took 0.132 seconds
[2023-10-16T21:06:08.160-0400] {processor.py:157} INFO - Started process (PID=20506) to work on /Users/kniu91/opt/anaconda3/envs/fftool_conda/lib/python3.11/site-packages/airflow/example_dags/tutorial_taskflow_api_virtualenv.py
[2023-10-16T21:06:08.162-0400] {processor.py:829} INFO - Processing file /Users/kniu91/opt/anaconda3/envs/fftool_conda/lib/python3.11/site-packages/airflow/example_dags/tutorial_taskflow_api_virtualenv.py for tasks to queue
[2023-10-16T21:06:08.162-0400] {logging_mixin.py:151} INFO - [2023-10-16T21:06:08.162-0400] {dagbag.py:536} INFO - Filling up the DagBag from /Users/kniu91/opt/anaconda3/envs/fftool_conda/lib/python3.11/site-packages/airflow/example_dags/tutorial_taskflow_api_virtualenv.py
[2023-10-16T21:06:08.191-0400] {processor.py:839} INFO - DAG(s) dict_keys(['tutorial_taskflow_api_virtualenv']) retrieved from /Users/kniu91/opt/anaconda3/envs/fftool_conda/lib/python3.11/site-packages/airflow/example_dags/tutorial_taskflow_api_virtualenv.py
[2023-10-16T21:06:08.280-0400] {logging_mixin.py:151} INFO - [2023-10-16T21:06:08.280-0400] {dag.py:2941} INFO - Sync 1 DAGs
[2023-10-16T21:06:08.284-0400] {logging_mixin.py:151} INFO - [2023-10-16T21:06:08.284-0400] {dag.py:3722} INFO - Setting next_dagrun for tutorial_taskflow_api_virtualenv to None, run_after=None
[2023-10-16T21:06:08.294-0400] {processor.py:179} INFO - Processing /Users/kniu91/opt/anaconda3/envs/fftool_conda/lib/python3.11/site-packages/airflow/example_dags/tutorial_taskflow_api_virtualenv.py took 0.134 seconds
[2023-10-16T21:06:46.926-0400] {processor.py:157} INFO - Started process (PID=20552) to work on /Users/kniu91/opt/anaconda3/envs/fftool_conda/lib/python3.11/site-packages/airflow/example_dags/tutorial_taskflow_api_virtualenv.py
[2023-10-16T21:06:46.928-0400] {processor.py:829} INFO - Processing file /Users/kniu91/opt/anaconda3/envs/fftool_conda/lib/python3.11/site-packages/airflow/example_dags/tutorial_taskflow_api_virtualenv.py for tasks to queue
[2023-10-16T21:06:46.928-0400] {logging_mixin.py:151} INFO - [2023-10-16T21:06:46.928-0400] {dagbag.py:536} INFO - Filling up the DagBag from /Users/kniu91/opt/anaconda3/envs/fftool_conda/lib/python3.11/site-packages/airflow/example_dags/tutorial_taskflow_api_virtualenv.py
[2023-10-16T21:06:46.957-0400] {processor.py:839} INFO - DAG(s) dict_keys(['tutorial_taskflow_api_virtualenv']) retrieved from /Users/kniu91/opt/anaconda3/envs/fftool_conda/lib/python3.11/site-packages/airflow/example_dags/tutorial_taskflow_api_virtualenv.py
[2023-10-16T21:06:47.044-0400] {logging_mixin.py:151} INFO - [2023-10-16T21:06:47.044-0400] {dag.py:2941} INFO - Sync 1 DAGs
[2023-10-16T21:06:47.048-0400] {logging_mixin.py:151} INFO - [2023-10-16T21:06:47.048-0400] {dag.py:3722} INFO - Setting next_dagrun for tutorial_taskflow_api_virtualenv to None, run_after=None
[2023-10-16T21:06:47.058-0400] {processor.py:179} INFO - Processing /Users/kniu91/opt/anaconda3/envs/fftool_conda/lib/python3.11/site-packages/airflow/example_dags/tutorial_taskflow_api_virtualenv.py took 0.132 seconds
[2023-10-16T21:08:12.322-0400] {processor.py:157} INFO - Started process (PID=20627) to work on /Users/kniu91/opt/anaconda3/envs/fftool_conda/lib/python3.11/site-packages/airflow/example_dags/tutorial_taskflow_api_virtualenv.py
[2023-10-16T21:08:12.324-0400] {processor.py:829} INFO - Processing file /Users/kniu91/opt/anaconda3/envs/fftool_conda/lib/python3.11/site-packages/airflow/example_dags/tutorial_taskflow_api_virtualenv.py for tasks to queue
[2023-10-16T21:08:12.325-0400] {logging_mixin.py:151} INFO - [2023-10-16T21:08:12.325-0400] {dagbag.py:536} INFO - Filling up the DagBag from /Users/kniu91/opt/anaconda3/envs/fftool_conda/lib/python3.11/site-packages/airflow/example_dags/tutorial_taskflow_api_virtualenv.py
[2023-10-16T21:08:12.355-0400] {processor.py:839} INFO - DAG(s) dict_keys(['tutorial_taskflow_api_virtualenv']) retrieved from /Users/kniu91/opt/anaconda3/envs/fftool_conda/lib/python3.11/site-packages/airflow/example_dags/tutorial_taskflow_api_virtualenv.py
[2023-10-16T21:08:12.451-0400] {logging_mixin.py:151} INFO - [2023-10-16T21:08:12.451-0400] {dag.py:2941} INFO - Sync 1 DAGs
[2023-10-16T21:08:12.455-0400] {logging_mixin.py:151} INFO - [2023-10-16T21:08:12.455-0400] {dag.py:3722} INFO - Setting next_dagrun for tutorial_taskflow_api_virtualenv to None, run_after=None
[2023-10-16T21:08:12.465-0400] {processor.py:179} INFO - Processing /Users/kniu91/opt/anaconda3/envs/fftool_conda/lib/python3.11/site-packages/airflow/example_dags/tutorial_taskflow_api_virtualenv.py took 0.143 seconds
[2023-10-16T21:08:39.795-0400] {processor.py:157} INFO - Started process (PID=20663) to work on /Users/kniu91/opt/anaconda3/envs/fftool_conda/lib/python3.11/site-packages/airflow/example_dags/tutorial_taskflow_api_virtualenv.py
[2023-10-16T21:08:39.797-0400] {processor.py:829} INFO - Processing file /Users/kniu91/opt/anaconda3/envs/fftool_conda/lib/python3.11/site-packages/airflow/example_dags/tutorial_taskflow_api_virtualenv.py for tasks to queue
[2023-10-16T21:08:39.798-0400] {logging_mixin.py:151} INFO - [2023-10-16T21:08:39.797-0400] {dagbag.py:536} INFO - Filling up the DagBag from /Users/kniu91/opt/anaconda3/envs/fftool_conda/lib/python3.11/site-packages/airflow/example_dags/tutorial_taskflow_api_virtualenv.py
[2023-10-16T21:08:39.827-0400] {processor.py:839} INFO - DAG(s) dict_keys(['tutorial_taskflow_api_virtualenv']) retrieved from /Users/kniu91/opt/anaconda3/envs/fftool_conda/lib/python3.11/site-packages/airflow/example_dags/tutorial_taskflow_api_virtualenv.py
[2023-10-16T21:08:39.919-0400] {logging_mixin.py:151} INFO - [2023-10-16T21:08:39.919-0400] {dag.py:2941} INFO - Sync 1 DAGs
[2023-10-16T21:08:39.923-0400] {logging_mixin.py:151} INFO - [2023-10-16T21:08:39.923-0400] {dag.py:3722} INFO - Setting next_dagrun for tutorial_taskflow_api_virtualenv to None, run_after=None
[2023-10-16T21:08:39.933-0400] {processor.py:179} INFO - Processing /Users/kniu91/opt/anaconda3/envs/fftool_conda/lib/python3.11/site-packages/airflow/example_dags/tutorial_taskflow_api_virtualenv.py took 0.139 seconds
[2023-10-16T21:10:21.070-0400] {processor.py:157} INFO - Started process (PID=20771) to work on /Users/kniu91/opt/anaconda3/envs/fftool_conda/lib/python3.11/site-packages/airflow/example_dags/tutorial_taskflow_api_virtualenv.py
[2023-10-16T21:10:21.072-0400] {processor.py:829} INFO - Processing file /Users/kniu91/opt/anaconda3/envs/fftool_conda/lib/python3.11/site-packages/airflow/example_dags/tutorial_taskflow_api_virtualenv.py for tasks to queue
[2023-10-16T21:10:21.073-0400] {logging_mixin.py:151} INFO - [2023-10-16T21:10:21.072-0400] {dagbag.py:536} INFO - Filling up the DagBag from /Users/kniu91/opt/anaconda3/envs/fftool_conda/lib/python3.11/site-packages/airflow/example_dags/tutorial_taskflow_api_virtualenv.py
[2023-10-16T21:10:21.101-0400] {processor.py:839} INFO - DAG(s) dict_keys(['tutorial_taskflow_api_virtualenv']) retrieved from /Users/kniu91/opt/anaconda3/envs/fftool_conda/lib/python3.11/site-packages/airflow/example_dags/tutorial_taskflow_api_virtualenv.py
[2023-10-16T21:10:21.189-0400] {logging_mixin.py:151} INFO - [2023-10-16T21:10:21.189-0400] {dag.py:2941} INFO - Sync 1 DAGs
[2023-10-16T21:10:21.193-0400] {logging_mixin.py:151} INFO - [2023-10-16T21:10:21.193-0400] {dag.py:3722} INFO - Setting next_dagrun for tutorial_taskflow_api_virtualenv to None, run_after=None
[2023-10-16T21:10:21.203-0400] {processor.py:179} INFO - Processing /Users/kniu91/opt/anaconda3/envs/fftool_conda/lib/python3.11/site-packages/airflow/example_dags/tutorial_taskflow_api_virtualenv.py took 0.133 seconds
[2023-10-16T21:11:43.874-0400] {processor.py:157} INFO - Started process (PID=20828) to work on /Users/kniu91/opt/anaconda3/envs/fftool_conda/lib/python3.11/site-packages/airflow/example_dags/tutorial_taskflow_api_virtualenv.py
[2023-10-16T21:11:43.876-0400] {processor.py:829} INFO - Processing file /Users/kniu91/opt/anaconda3/envs/fftool_conda/lib/python3.11/site-packages/airflow/example_dags/tutorial_taskflow_api_virtualenv.py for tasks to queue
[2023-10-16T21:11:43.876-0400] {logging_mixin.py:151} INFO - [2023-10-16T21:11:43.876-0400] {dagbag.py:536} INFO - Filling up the DagBag from /Users/kniu91/opt/anaconda3/envs/fftool_conda/lib/python3.11/site-packages/airflow/example_dags/tutorial_taskflow_api_virtualenv.py
[2023-10-16T21:11:43.905-0400] {processor.py:839} INFO - DAG(s) dict_keys(['tutorial_taskflow_api_virtualenv']) retrieved from /Users/kniu91/opt/anaconda3/envs/fftool_conda/lib/python3.11/site-packages/airflow/example_dags/tutorial_taskflow_api_virtualenv.py
[2023-10-16T21:11:43.993-0400] {logging_mixin.py:151} INFO - [2023-10-16T21:11:43.993-0400] {dag.py:2941} INFO - Sync 1 DAGs
[2023-10-16T21:11:43.997-0400] {logging_mixin.py:151} INFO - [2023-10-16T21:11:43.997-0400] {dag.py:3722} INFO - Setting next_dagrun for tutorial_taskflow_api_virtualenv to None, run_after=None
[2023-10-16T21:11:44.007-0400] {processor.py:179} INFO - Processing /Users/kniu91/opt/anaconda3/envs/fftool_conda/lib/python3.11/site-packages/airflow/example_dags/tutorial_taskflow_api_virtualenv.py took 0.133 seconds
