[2023-10-16T21:03:48.045-0400] {processor.py:157} INFO - Started process (PID=20350) to work on /Users/kniu91/opt/anaconda3/envs/fftool_conda/lib/python3.11/site-packages/airflow/example_dags/tutorial_taskflow_api.py
[2023-10-16T21:03:48.047-0400] {processor.py:829} INFO - Processing file /Users/kniu91/opt/anaconda3/envs/fftool_conda/lib/python3.11/site-packages/airflow/example_dags/tutorial_taskflow_api.py for tasks to queue
[2023-10-16T21:03:48.048-0400] {logging_mixin.py:151} INFO - [2023-10-16T21:03:48.048-0400] {dagbag.py:536} INFO - Filling up the DagBag from /Users/kniu91/opt/anaconda3/envs/fftool_conda/lib/python3.11/site-packages/airflow/example_dags/tutorial_taskflow_api.py
[2023-10-16T21:03:48.078-0400] {processor.py:839} INFO - DAG(s) dict_keys(['tutorial_taskflow_api']) retrieved from /Users/kniu91/opt/anaconda3/envs/fftool_conda/lib/python3.11/site-packages/airflow/example_dags/tutorial_taskflow_api.py
[2023-10-16T21:03:48.376-0400] {logging_mixin.py:151} INFO - [2023-10-16T21:03:48.375-0400] {manager.py:499} INFO - Created Permission View: %s
[2023-10-16T21:03:48.380-0400] {logging_mixin.py:151} INFO - [2023-10-16T21:03:48.380-0400] {manager.py:499} INFO - Created Permission View: %s
[2023-10-16T21:03:48.382-0400] {logging_mixin.py:151} INFO - [2023-10-16T21:03:48.382-0400] {manager.py:499} INFO - Created Permission View: %s
[2023-10-16T21:03:48.382-0400] {logging_mixin.py:151} INFO - [2023-10-16T21:03:48.382-0400] {dag.py:2941} INFO - Sync 1 DAGs
[2023-10-16T21:03:48.388-0400] {logging_mixin.py:151} INFO - [2023-10-16T21:03:48.388-0400] {dag.py:2963} INFO - Creating ORM DAG for tutorial_taskflow_api
[2023-10-16T21:03:48.388-0400] {logging_mixin.py:151} INFO - [2023-10-16T21:03:48.388-0400] {dag.py:3722} INFO - Setting next_dagrun for tutorial_taskflow_api to None, run_after=None
[2023-10-16T21:03:48.396-0400] {processor.py:179} INFO - Processing /Users/kniu91/opt/anaconda3/envs/fftool_conda/lib/python3.11/site-packages/airflow/example_dags/tutorial_taskflow_api.py took 0.351 seconds
[2023-10-16T21:05:17.799-0400] {processor.py:157} INFO - Started process (PID=20432) to work on /Users/kniu91/opt/anaconda3/envs/fftool_conda/lib/python3.11/site-packages/airflow/example_dags/tutorial_taskflow_api.py
[2023-10-16T21:05:17.802-0400] {processor.py:829} INFO - Processing file /Users/kniu91/opt/anaconda3/envs/fftool_conda/lib/python3.11/site-packages/airflow/example_dags/tutorial_taskflow_api.py for tasks to queue
[2023-10-16T21:05:17.802-0400] {logging_mixin.py:151} INFO - [2023-10-16T21:05:17.802-0400] {dagbag.py:536} INFO - Filling up the DagBag from /Users/kniu91/opt/anaconda3/envs/fftool_conda/lib/python3.11/site-packages/airflow/example_dags/tutorial_taskflow_api.py
[2023-10-16T21:05:17.830-0400] {processor.py:839} INFO - DAG(s) dict_keys(['tutorial_taskflow_api']) retrieved from /Users/kniu91/opt/anaconda3/envs/fftool_conda/lib/python3.11/site-packages/airflow/example_dags/tutorial_taskflow_api.py
[2023-10-16T21:05:17.932-0400] {logging_mixin.py:151} INFO - [2023-10-16T21:05:17.932-0400] {dag.py:2941} INFO - Sync 1 DAGs
[2023-10-16T21:05:17.937-0400] {logging_mixin.py:151} INFO - [2023-10-16T21:05:17.937-0400] {dag.py:3722} INFO - Setting next_dagrun for tutorial_taskflow_api to None, run_after=None
[2023-10-16T21:05:17.946-0400] {processor.py:179} INFO - Processing /Users/kniu91/opt/anaconda3/envs/fftool_conda/lib/python3.11/site-packages/airflow/example_dags/tutorial_taskflow_api.py took 0.148 seconds
[2023-10-16T21:06:10.027-0400] {processor.py:157} INFO - Started process (PID=20510) to work on /Users/kniu91/opt/anaconda3/envs/fftool_conda/lib/python3.11/site-packages/airflow/example_dags/tutorial_taskflow_api.py
[2023-10-16T21:06:10.029-0400] {processor.py:829} INFO - Processing file /Users/kniu91/opt/anaconda3/envs/fftool_conda/lib/python3.11/site-packages/airflow/example_dags/tutorial_taskflow_api.py for tasks to queue
[2023-10-16T21:06:10.029-0400] {logging_mixin.py:151} INFO - [2023-10-16T21:06:10.029-0400] {dagbag.py:536} INFO - Filling up the DagBag from /Users/kniu91/opt/anaconda3/envs/fftool_conda/lib/python3.11/site-packages/airflow/example_dags/tutorial_taskflow_api.py
[2023-10-16T21:06:10.058-0400] {processor.py:839} INFO - DAG(s) dict_keys(['tutorial_taskflow_api']) retrieved from /Users/kniu91/opt/anaconda3/envs/fftool_conda/lib/python3.11/site-packages/airflow/example_dags/tutorial_taskflow_api.py
[2023-10-16T21:06:10.144-0400] {logging_mixin.py:151} INFO - [2023-10-16T21:06:10.144-0400] {dag.py:2941} INFO - Sync 1 DAGs
[2023-10-16T21:06:10.148-0400] {logging_mixin.py:151} INFO - [2023-10-16T21:06:10.148-0400] {dag.py:3722} INFO - Setting next_dagrun for tutorial_taskflow_api to None, run_after=None
[2023-10-16T21:06:10.158-0400] {processor.py:179} INFO - Processing /Users/kniu91/opt/anaconda3/envs/fftool_conda/lib/python3.11/site-packages/airflow/example_dags/tutorial_taskflow_api.py took 0.131 seconds
[2023-10-16T21:06:48.788-0400] {processor.py:157} INFO - Started process (PID=20553) to work on /Users/kniu91/opt/anaconda3/envs/fftool_conda/lib/python3.11/site-packages/airflow/example_dags/tutorial_taskflow_api.py
[2023-10-16T21:06:48.790-0400] {processor.py:829} INFO - Processing file /Users/kniu91/opt/anaconda3/envs/fftool_conda/lib/python3.11/site-packages/airflow/example_dags/tutorial_taskflow_api.py for tasks to queue
[2023-10-16T21:06:48.790-0400] {logging_mixin.py:151} INFO - [2023-10-16T21:06:48.790-0400] {dagbag.py:536} INFO - Filling up the DagBag from /Users/kniu91/opt/anaconda3/envs/fftool_conda/lib/python3.11/site-packages/airflow/example_dags/tutorial_taskflow_api.py
[2023-10-16T21:06:48.819-0400] {processor.py:839} INFO - DAG(s) dict_keys(['tutorial_taskflow_api']) retrieved from /Users/kniu91/opt/anaconda3/envs/fftool_conda/lib/python3.11/site-packages/airflow/example_dags/tutorial_taskflow_api.py
[2023-10-16T21:06:48.905-0400] {logging_mixin.py:151} INFO - [2023-10-16T21:06:48.904-0400] {dag.py:2941} INFO - Sync 1 DAGs
[2023-10-16T21:06:48.909-0400] {logging_mixin.py:151} INFO - [2023-10-16T21:06:48.909-0400] {dag.py:3722} INFO - Setting next_dagrun for tutorial_taskflow_api to None, run_after=None
[2023-10-16T21:06:48.918-0400] {processor.py:179} INFO - Processing /Users/kniu91/opt/anaconda3/envs/fftool_conda/lib/python3.11/site-packages/airflow/example_dags/tutorial_taskflow_api.py took 0.131 seconds
[2023-10-16T21:08:13.826-0400] {processor.py:157} INFO - Started process (PID=20629) to work on /Users/kniu91/opt/anaconda3/envs/fftool_conda/lib/python3.11/site-packages/airflow/example_dags/tutorial_taskflow_api.py
[2023-10-16T21:08:13.828-0400] {processor.py:829} INFO - Processing file /Users/kniu91/opt/anaconda3/envs/fftool_conda/lib/python3.11/site-packages/airflow/example_dags/tutorial_taskflow_api.py for tasks to queue
[2023-10-16T21:08:13.829-0400] {logging_mixin.py:151} INFO - [2023-10-16T21:08:13.829-0400] {dagbag.py:536} INFO - Filling up the DagBag from /Users/kniu91/opt/anaconda3/envs/fftool_conda/lib/python3.11/site-packages/airflow/example_dags/tutorial_taskflow_api.py
[2023-10-16T21:08:13.860-0400] {processor.py:839} INFO - DAG(s) dict_keys(['tutorial_taskflow_api']) retrieved from /Users/kniu91/opt/anaconda3/envs/fftool_conda/lib/python3.11/site-packages/airflow/example_dags/tutorial_taskflow_api.py
[2023-10-16T21:08:13.957-0400] {logging_mixin.py:151} INFO - [2023-10-16T21:08:13.957-0400] {dag.py:2941} INFO - Sync 1 DAGs
[2023-10-16T21:08:13.961-0400] {logging_mixin.py:151} INFO - [2023-10-16T21:08:13.961-0400] {dag.py:3722} INFO - Setting next_dagrun for tutorial_taskflow_api to None, run_after=None
[2023-10-16T21:08:13.972-0400] {processor.py:179} INFO - Processing /Users/kniu91/opt/anaconda3/envs/fftool_conda/lib/python3.11/site-packages/airflow/example_dags/tutorial_taskflow_api.py took 0.146 seconds
[2023-10-16T21:08:41.680-0400] {processor.py:157} INFO - Started process (PID=20664) to work on /Users/kniu91/opt/anaconda3/envs/fftool_conda/lib/python3.11/site-packages/airflow/example_dags/tutorial_taskflow_api.py
[2023-10-16T21:08:41.682-0400] {processor.py:829} INFO - Processing file /Users/kniu91/opt/anaconda3/envs/fftool_conda/lib/python3.11/site-packages/airflow/example_dags/tutorial_taskflow_api.py for tasks to queue
[2023-10-16T21:08:41.683-0400] {logging_mixin.py:151} INFO - [2023-10-16T21:08:41.683-0400] {dagbag.py:536} INFO - Filling up the DagBag from /Users/kniu91/opt/anaconda3/envs/fftool_conda/lib/python3.11/site-packages/airflow/example_dags/tutorial_taskflow_api.py
[2023-10-16T21:08:41.711-0400] {processor.py:839} INFO - DAG(s) dict_keys(['tutorial_taskflow_api']) retrieved from /Users/kniu91/opt/anaconda3/envs/fftool_conda/lib/python3.11/site-packages/airflow/example_dags/tutorial_taskflow_api.py
[2023-10-16T21:08:41.799-0400] {logging_mixin.py:151} INFO - [2023-10-16T21:08:41.799-0400] {dag.py:2941} INFO - Sync 1 DAGs
[2023-10-16T21:08:41.803-0400] {logging_mixin.py:151} INFO - [2023-10-16T21:08:41.803-0400] {dag.py:3722} INFO - Setting next_dagrun for tutorial_taskflow_api to None, run_after=None
[2023-10-16T21:08:41.814-0400] {processor.py:179} INFO - Processing /Users/kniu91/opt/anaconda3/envs/fftool_conda/lib/python3.11/site-packages/airflow/example_dags/tutorial_taskflow_api.py took 0.134 seconds
[2023-10-16T21:10:22.935-0400] {processor.py:157} INFO - Started process (PID=20772) to work on /Users/kniu91/opt/anaconda3/envs/fftool_conda/lib/python3.11/site-packages/airflow/example_dags/tutorial_taskflow_api.py
[2023-10-16T21:10:22.938-0400] {processor.py:829} INFO - Processing file /Users/kniu91/opt/anaconda3/envs/fftool_conda/lib/python3.11/site-packages/airflow/example_dags/tutorial_taskflow_api.py for tasks to queue
[2023-10-16T21:10:22.938-0400] {logging_mixin.py:151} INFO - [2023-10-16T21:10:22.938-0400] {dagbag.py:536} INFO - Filling up the DagBag from /Users/kniu91/opt/anaconda3/envs/fftool_conda/lib/python3.11/site-packages/airflow/example_dags/tutorial_taskflow_api.py
[2023-10-16T21:10:22.966-0400] {processor.py:839} INFO - DAG(s) dict_keys(['tutorial_taskflow_api']) retrieved from /Users/kniu91/opt/anaconda3/envs/fftool_conda/lib/python3.11/site-packages/airflow/example_dags/tutorial_taskflow_api.py
[2023-10-16T21:10:23.052-0400] {logging_mixin.py:151} INFO - [2023-10-16T21:10:23.052-0400] {dag.py:2941} INFO - Sync 1 DAGs
[2023-10-16T21:10:23.056-0400] {logging_mixin.py:151} INFO - [2023-10-16T21:10:23.056-0400] {dag.py:3722} INFO - Setting next_dagrun for tutorial_taskflow_api to None, run_after=None
[2023-10-16T21:10:23.066-0400] {processor.py:179} INFO - Processing /Users/kniu91/opt/anaconda3/envs/fftool_conda/lib/python3.11/site-packages/airflow/example_dags/tutorial_taskflow_api.py took 0.131 seconds
[2023-10-16T21:11:45.749-0400] {processor.py:157} INFO - Started process (PID=20829) to work on /Users/kniu91/opt/anaconda3/envs/fftool_conda/lib/python3.11/site-packages/airflow/example_dags/tutorial_taskflow_api.py
[2023-10-16T21:11:45.751-0400] {processor.py:829} INFO - Processing file /Users/kniu91/opt/anaconda3/envs/fftool_conda/lib/python3.11/site-packages/airflow/example_dags/tutorial_taskflow_api.py for tasks to queue
[2023-10-16T21:11:45.751-0400] {logging_mixin.py:151} INFO - [2023-10-16T21:11:45.751-0400] {dagbag.py:536} INFO - Filling up the DagBag from /Users/kniu91/opt/anaconda3/envs/fftool_conda/lib/python3.11/site-packages/airflow/example_dags/tutorial_taskflow_api.py
[2023-10-16T21:11:45.779-0400] {processor.py:839} INFO - DAG(s) dict_keys(['tutorial_taskflow_api']) retrieved from /Users/kniu91/opt/anaconda3/envs/fftool_conda/lib/python3.11/site-packages/airflow/example_dags/tutorial_taskflow_api.py
[2023-10-16T21:11:45.868-0400] {logging_mixin.py:151} INFO - [2023-10-16T21:11:45.868-0400] {dag.py:2941} INFO - Sync 1 DAGs
[2023-10-16T21:11:45.873-0400] {logging_mixin.py:151} INFO - [2023-10-16T21:11:45.873-0400] {dag.py:3722} INFO - Setting next_dagrun for tutorial_taskflow_api to None, run_after=None
[2023-10-16T21:11:45.883-0400] {processor.py:179} INFO - Processing /Users/kniu91/opt/anaconda3/envs/fftool_conda/lib/python3.11/site-packages/airflow/example_dags/tutorial_taskflow_api.py took 0.135 seconds
