[2023-10-16T21:03:38.642-0400] {processor.py:157} INFO - Started process (PID=20337) to work on /Users/kniu91/opt/anaconda3/envs/fftool_conda/lib/python3.11/site-packages/airflow/example_dags/subdags/subdag.py
[2023-10-16T21:03:38.644-0400] {processor.py:829} INFO - Processing file /Users/kniu91/opt/anaconda3/envs/fftool_conda/lib/python3.11/site-packages/airflow/example_dags/subdags/subdag.py for tasks to queue
[2023-10-16T21:03:38.644-0400] {logging_mixin.py:151} INFO - [2023-10-16T21:03:38.644-0400] {dagbag.py:536} INFO - Filling up the DagBag from /Users/kniu91/opt/anaconda3/envs/fftool_conda/lib/python3.11/site-packages/airflow/example_dags/subdags/subdag.py
[2023-10-16T21:03:38.646-0400] {processor.py:841} WARNING - No viable dags retrieved from /Users/kniu91/opt/anaconda3/envs/fftool_conda/lib/python3.11/site-packages/airflow/example_dags/subdags/subdag.py
[2023-10-16T21:03:38.744-0400] {processor.py:179} INFO - Processing /Users/kniu91/opt/anaconda3/envs/fftool_conda/lib/python3.11/site-packages/airflow/example_dags/subdags/subdag.py took 0.103 seconds
[2023-10-16T21:05:08.911-0400] {processor.py:157} INFO - Started process (PID=20416) to work on /Users/kniu91/opt/anaconda3/envs/fftool_conda/lib/python3.11/site-packages/airflow/example_dags/subdags/subdag.py
[2023-10-16T21:05:08.914-0400] {processor.py:829} INFO - Processing file /Users/kniu91/opt/anaconda3/envs/fftool_conda/lib/python3.11/site-packages/airflow/example_dags/subdags/subdag.py for tasks to queue
[2023-10-16T21:05:08.914-0400] {logging_mixin.py:151} INFO - [2023-10-16T21:05:08.914-0400] {dagbag.py:536} INFO - Filling up the DagBag from /Users/kniu91/opt/anaconda3/envs/fftool_conda/lib/python3.11/site-packages/airflow/example_dags/subdags/subdag.py
[2023-10-16T21:05:08.916-0400] {processor.py:841} WARNING - No viable dags retrieved from /Users/kniu91/opt/anaconda3/envs/fftool_conda/lib/python3.11/site-packages/airflow/example_dags/subdags/subdag.py
[2023-10-16T21:05:08.981-0400] {processor.py:179} INFO - Processing /Users/kniu91/opt/anaconda3/envs/fftool_conda/lib/python3.11/site-packages/airflow/example_dags/subdags/subdag.py took 0.070 seconds
[2023-10-16T21:06:00.592-0400] {processor.py:157} INFO - Started process (PID=20500) to work on /Users/kniu91/opt/anaconda3/envs/fftool_conda/lib/python3.11/site-packages/airflow/example_dags/subdags/subdag.py
[2023-10-16T21:06:00.595-0400] {processor.py:829} INFO - Processing file /Users/kniu91/opt/anaconda3/envs/fftool_conda/lib/python3.11/site-packages/airflow/example_dags/subdags/subdag.py for tasks to queue
[2023-10-16T21:06:00.595-0400] {logging_mixin.py:151} INFO - [2023-10-16T21:06:00.595-0400] {dagbag.py:536} INFO - Filling up the DagBag from /Users/kniu91/opt/anaconda3/envs/fftool_conda/lib/python3.11/site-packages/airflow/example_dags/subdags/subdag.py
[2023-10-16T21:06:00.596-0400] {processor.py:841} WARNING - No viable dags retrieved from /Users/kniu91/opt/anaconda3/envs/fftool_conda/lib/python3.11/site-packages/airflow/example_dags/subdags/subdag.py
[2023-10-16T21:06:00.656-0400] {processor.py:179} INFO - Processing /Users/kniu91/opt/anaconda3/envs/fftool_conda/lib/python3.11/site-packages/airflow/example_dags/subdags/subdag.py took 0.064 seconds
[2023-10-16T21:06:39.501-0400] {processor.py:157} INFO - Started process (PID=20546) to work on /Users/kniu91/opt/anaconda3/envs/fftool_conda/lib/python3.11/site-packages/airflow/example_dags/subdags/subdag.py
[2023-10-16T21:06:39.503-0400] {processor.py:829} INFO - Processing file /Users/kniu91/opt/anaconda3/envs/fftool_conda/lib/python3.11/site-packages/airflow/example_dags/subdags/subdag.py for tasks to queue
[2023-10-16T21:06:39.503-0400] {logging_mixin.py:151} INFO - [2023-10-16T21:06:39.503-0400] {dagbag.py:536} INFO - Filling up the DagBag from /Users/kniu91/opt/anaconda3/envs/fftool_conda/lib/python3.11/site-packages/airflow/example_dags/subdags/subdag.py
[2023-10-16T21:06:39.505-0400] {processor.py:841} WARNING - No viable dags retrieved from /Users/kniu91/opt/anaconda3/envs/fftool_conda/lib/python3.11/site-packages/airflow/example_dags/subdags/subdag.py
[2023-10-16T21:06:39.566-0400] {processor.py:179} INFO - Processing /Users/kniu91/opt/anaconda3/envs/fftool_conda/lib/python3.11/site-packages/airflow/example_dags/subdags/subdag.py took 0.066 seconds
[2023-10-16T21:08:04.823-0400] {processor.py:157} INFO - Started process (PID=20622) to work on /Users/kniu91/opt/anaconda3/envs/fftool_conda/lib/python3.11/site-packages/airflow/example_dags/subdags/subdag.py
[2023-10-16T21:08:04.825-0400] {processor.py:829} INFO - Processing file /Users/kniu91/opt/anaconda3/envs/fftool_conda/lib/python3.11/site-packages/airflow/example_dags/subdags/subdag.py for tasks to queue
[2023-10-16T21:08:04.826-0400] {logging_mixin.py:151} INFO - [2023-10-16T21:08:04.826-0400] {dagbag.py:536} INFO - Filling up the DagBag from /Users/kniu91/opt/anaconda3/envs/fftool_conda/lib/python3.11/site-packages/airflow/example_dags/subdags/subdag.py
[2023-10-16T21:08:04.827-0400] {processor.py:841} WARNING - No viable dags retrieved from /Users/kniu91/opt/anaconda3/envs/fftool_conda/lib/python3.11/site-packages/airflow/example_dags/subdags/subdag.py
[2023-10-16T21:08:04.887-0400] {processor.py:179} INFO - Processing /Users/kniu91/opt/anaconda3/envs/fftool_conda/lib/python3.11/site-packages/airflow/example_dags/subdags/subdag.py took 0.064 seconds
[2023-10-16T21:08:32.277-0400] {processor.py:157} INFO - Started process (PID=20655) to work on /Users/kniu91/opt/anaconda3/envs/fftool_conda/lib/python3.11/site-packages/airflow/example_dags/subdags/subdag.py
[2023-10-16T21:08:32.279-0400] {processor.py:829} INFO - Processing file /Users/kniu91/opt/anaconda3/envs/fftool_conda/lib/python3.11/site-packages/airflow/example_dags/subdags/subdag.py for tasks to queue
[2023-10-16T21:08:32.279-0400] {logging_mixin.py:151} INFO - [2023-10-16T21:08:32.279-0400] {dagbag.py:536} INFO - Filling up the DagBag from /Users/kniu91/opt/anaconda3/envs/fftool_conda/lib/python3.11/site-packages/airflow/example_dags/subdags/subdag.py
[2023-10-16T21:08:32.281-0400] {processor.py:841} WARNING - No viable dags retrieved from /Users/kniu91/opt/anaconda3/envs/fftool_conda/lib/python3.11/site-packages/airflow/example_dags/subdags/subdag.py
[2023-10-16T21:08:32.345-0400] {processor.py:179} INFO - Processing /Users/kniu91/opt/anaconda3/envs/fftool_conda/lib/python3.11/site-packages/airflow/example_dags/subdags/subdag.py took 0.069 seconds
[2023-10-16T21:10:13.590-0400] {processor.py:157} INFO - Started process (PID=20764) to work on /Users/kniu91/opt/anaconda3/envs/fftool_conda/lib/python3.11/site-packages/airflow/example_dags/subdags/subdag.py
[2023-10-16T21:10:13.592-0400] {processor.py:829} INFO - Processing file /Users/kniu91/opt/anaconda3/envs/fftool_conda/lib/python3.11/site-packages/airflow/example_dags/subdags/subdag.py for tasks to queue
[2023-10-16T21:10:13.592-0400] {logging_mixin.py:151} INFO - [2023-10-16T21:10:13.592-0400] {dagbag.py:536} INFO - Filling up the DagBag from /Users/kniu91/opt/anaconda3/envs/fftool_conda/lib/python3.11/site-packages/airflow/example_dags/subdags/subdag.py
[2023-10-16T21:10:13.594-0400] {processor.py:841} WARNING - No viable dags retrieved from /Users/kniu91/opt/anaconda3/envs/fftool_conda/lib/python3.11/site-packages/airflow/example_dags/subdags/subdag.py
[2023-10-16T21:10:13.654-0400] {processor.py:179} INFO - Processing /Users/kniu91/opt/anaconda3/envs/fftool_conda/lib/python3.11/site-packages/airflow/example_dags/subdags/subdag.py took 0.065 seconds
[2023-10-16T21:11:36.428-0400] {processor.py:157} INFO - Started process (PID=20823) to work on /Users/kniu91/opt/anaconda3/envs/fftool_conda/lib/python3.11/site-packages/airflow/example_dags/subdags/subdag.py
[2023-10-16T21:11:36.430-0400] {processor.py:829} INFO - Processing file /Users/kniu91/opt/anaconda3/envs/fftool_conda/lib/python3.11/site-packages/airflow/example_dags/subdags/subdag.py for tasks to queue
[2023-10-16T21:11:36.431-0400] {logging_mixin.py:151} INFO - [2023-10-16T21:11:36.431-0400] {dagbag.py:536} INFO - Filling up the DagBag from /Users/kniu91/opt/anaconda3/envs/fftool_conda/lib/python3.11/site-packages/airflow/example_dags/subdags/subdag.py
[2023-10-16T21:11:36.433-0400] {processor.py:841} WARNING - No viable dags retrieved from /Users/kniu91/opt/anaconda3/envs/fftool_conda/lib/python3.11/site-packages/airflow/example_dags/subdags/subdag.py
[2023-10-16T21:11:36.493-0400] {processor.py:179} INFO - Processing /Users/kniu91/opt/anaconda3/envs/fftool_conda/lib/python3.11/site-packages/airflow/example_dags/subdags/subdag.py took 0.065 seconds
[2023-10-16T21:12:28.613-0400] {processor.py:157} INFO - Started process (PID=20854) to work on /Users/kniu91/opt/anaconda3/envs/fftool_conda/lib/python3.11/site-packages/airflow/example_dags/subdags/subdag.py
[2023-10-16T21:12:28.615-0400] {processor.py:829} INFO - Processing file /Users/kniu91/opt/anaconda3/envs/fftool_conda/lib/python3.11/site-packages/airflow/example_dags/subdags/subdag.py for tasks to queue
[2023-10-16T21:12:28.616-0400] {logging_mixin.py:151} INFO - [2023-10-16T21:12:28.616-0400] {dagbag.py:536} INFO - Filling up the DagBag from /Users/kniu91/opt/anaconda3/envs/fftool_conda/lib/python3.11/site-packages/airflow/example_dags/subdags/subdag.py
[2023-10-16T21:12:28.617-0400] {processor.py:841} WARNING - No viable dags retrieved from /Users/kniu91/opt/anaconda3/envs/fftool_conda/lib/python3.11/site-packages/airflow/example_dags/subdags/subdag.py
[2023-10-16T21:12:28.677-0400] {processor.py:179} INFO - Processing /Users/kniu91/opt/anaconda3/envs/fftool_conda/lib/python3.11/site-packages/airflow/example_dags/subdags/subdag.py took 0.065 seconds
