[2023-10-16T21:03:44.838-0400] {processor.py:157} INFO - Started process (PID=20348) to work on /Users/kniu91/opt/anaconda3/envs/fftool_conda/lib/python3.11/site-packages/airflow/example_dags/plugins/event_listener.py
[2023-10-16T21:03:44.840-0400] {processor.py:829} INFO - Processing file /Users/kniu91/opt/anaconda3/envs/fftool_conda/lib/python3.11/site-packages/airflow/example_dags/plugins/event_listener.py for tasks to queue
[2023-10-16T21:03:44.840-0400] {logging_mixin.py:151} INFO - [2023-10-16T21:03:44.840-0400] {dagbag.py:536} INFO - Filling up the DagBag from /Users/kniu91/opt/anaconda3/envs/fftool_conda/lib/python3.11/site-packages/airflow/example_dags/plugins/event_listener.py
[2023-10-16T21:03:44.841-0400] {processor.py:841} WARNING - No viable dags retrieved from /Users/kniu91/opt/anaconda3/envs/fftool_conda/lib/python3.11/site-packages/airflow/example_dags/plugins/event_listener.py
[2023-10-16T21:03:44.903-0400] {processor.py:179} INFO - Processing /Users/kniu91/opt/anaconda3/envs/fftool_conda/lib/python3.11/site-packages/airflow/example_dags/plugins/event_listener.py took 0.065 seconds
[2023-10-16T21:05:14.073-0400] {processor.py:157} INFO - Started process (PID=20422) to work on /Users/kniu91/opt/anaconda3/envs/fftool_conda/lib/python3.11/site-packages/airflow/example_dags/plugins/event_listener.py
[2023-10-16T21:05:14.076-0400] {processor.py:829} INFO - Processing file /Users/kniu91/opt/anaconda3/envs/fftool_conda/lib/python3.11/site-packages/airflow/example_dags/plugins/event_listener.py for tasks to queue
[2023-10-16T21:05:14.076-0400] {logging_mixin.py:151} INFO - [2023-10-16T21:05:14.076-0400] {dagbag.py:536} INFO - Filling up the DagBag from /Users/kniu91/opt/anaconda3/envs/fftool_conda/lib/python3.11/site-packages/airflow/example_dags/plugins/event_listener.py
[2023-10-16T21:05:14.077-0400] {processor.py:841} WARNING - No viable dags retrieved from /Users/kniu91/opt/anaconda3/envs/fftool_conda/lib/python3.11/site-packages/airflow/example_dags/plugins/event_listener.py
[2023-10-16T21:05:14.138-0400] {processor.py:179} INFO - Processing /Users/kniu91/opt/anaconda3/envs/fftool_conda/lib/python3.11/site-packages/airflow/example_dags/plugins/event_listener.py took 0.066 seconds
[2023-10-16T21:06:06.366-0400] {processor.py:157} INFO - Started process (PID=20505) to work on /Users/kniu91/opt/anaconda3/envs/fftool_conda/lib/python3.11/site-packages/airflow/example_dags/plugins/event_listener.py
[2023-10-16T21:06:06.368-0400] {processor.py:829} INFO - Processing file /Users/kniu91/opt/anaconda3/envs/fftool_conda/lib/python3.11/site-packages/airflow/example_dags/plugins/event_listener.py for tasks to queue
[2023-10-16T21:06:06.369-0400] {logging_mixin.py:151} INFO - [2023-10-16T21:06:06.369-0400] {dagbag.py:536} INFO - Filling up the DagBag from /Users/kniu91/opt/anaconda3/envs/fftool_conda/lib/python3.11/site-packages/airflow/example_dags/plugins/event_listener.py
[2023-10-16T21:06:06.369-0400] {processor.py:841} WARNING - No viable dags retrieved from /Users/kniu91/opt/anaconda3/envs/fftool_conda/lib/python3.11/site-packages/airflow/example_dags/plugins/event_listener.py
[2023-10-16T21:06:06.430-0400] {processor.py:179} INFO - Processing /Users/kniu91/opt/anaconda3/envs/fftool_conda/lib/python3.11/site-packages/airflow/example_dags/plugins/event_listener.py took 0.064 seconds
[2023-10-16T21:06:45.137-0400] {processor.py:157} INFO - Started process (PID=20551) to work on /Users/kniu91/opt/anaconda3/envs/fftool_conda/lib/python3.11/site-packages/airflow/example_dags/plugins/event_listener.py
[2023-10-16T21:06:45.139-0400] {processor.py:829} INFO - Processing file /Users/kniu91/opt/anaconda3/envs/fftool_conda/lib/python3.11/site-packages/airflow/example_dags/plugins/event_listener.py for tasks to queue
[2023-10-16T21:06:45.140-0400] {logging_mixin.py:151} INFO - [2023-10-16T21:06:45.139-0400] {dagbag.py:536} INFO - Filling up the DagBag from /Users/kniu91/opt/anaconda3/envs/fftool_conda/lib/python3.11/site-packages/airflow/example_dags/plugins/event_listener.py
[2023-10-16T21:06:45.140-0400] {processor.py:841} WARNING - No viable dags retrieved from /Users/kniu91/opt/anaconda3/envs/fftool_conda/lib/python3.11/site-packages/airflow/example_dags/plugins/event_listener.py
[2023-10-16T21:06:45.201-0400] {processor.py:179} INFO - Processing /Users/kniu91/opt/anaconda3/envs/fftool_conda/lib/python3.11/site-packages/airflow/example_dags/plugins/event_listener.py took 0.064 seconds
[2023-10-16T21:08:10.508-0400] {processor.py:157} INFO - Started process (PID=20626) to work on /Users/kniu91/opt/anaconda3/envs/fftool_conda/lib/python3.11/site-packages/airflow/example_dags/plugins/event_listener.py
[2023-10-16T21:08:10.510-0400] {processor.py:829} INFO - Processing file /Users/kniu91/opt/anaconda3/envs/fftool_conda/lib/python3.11/site-packages/airflow/example_dags/plugins/event_listener.py for tasks to queue
[2023-10-16T21:08:10.510-0400] {logging_mixin.py:151} INFO - [2023-10-16T21:08:10.510-0400] {dagbag.py:536} INFO - Filling up the DagBag from /Users/kniu91/opt/anaconda3/envs/fftool_conda/lib/python3.11/site-packages/airflow/example_dags/plugins/event_listener.py
[2023-10-16T21:08:10.511-0400] {processor.py:841} WARNING - No viable dags retrieved from /Users/kniu91/opt/anaconda3/envs/fftool_conda/lib/python3.11/site-packages/airflow/example_dags/plugins/event_listener.py
[2023-10-16T21:08:10.574-0400] {processor.py:179} INFO - Processing /Users/kniu91/opt/anaconda3/envs/fftool_conda/lib/python3.11/site-packages/airflow/example_dags/plugins/event_listener.py took 0.067 seconds
[2023-10-16T21:08:37.968-0400] {processor.py:157} INFO - Started process (PID=20662) to work on /Users/kniu91/opt/anaconda3/envs/fftool_conda/lib/python3.11/site-packages/airflow/example_dags/plugins/event_listener.py
[2023-10-16T21:08:37.970-0400] {processor.py:829} INFO - Processing file /Users/kniu91/opt/anaconda3/envs/fftool_conda/lib/python3.11/site-packages/airflow/example_dags/plugins/event_listener.py for tasks to queue
[2023-10-16T21:08:37.970-0400] {logging_mixin.py:151} INFO - [2023-10-16T21:08:37.970-0400] {dagbag.py:536} INFO - Filling up the DagBag from /Users/kniu91/opt/anaconda3/envs/fftool_conda/lib/python3.11/site-packages/airflow/example_dags/plugins/event_listener.py
[2023-10-16T21:08:37.971-0400] {processor.py:841} WARNING - No viable dags retrieved from /Users/kniu91/opt/anaconda3/envs/fftool_conda/lib/python3.11/site-packages/airflow/example_dags/plugins/event_listener.py
[2023-10-16T21:08:38.035-0400] {processor.py:179} INFO - Processing /Users/kniu91/opt/anaconda3/envs/fftool_conda/lib/python3.11/site-packages/airflow/example_dags/plugins/event_listener.py took 0.067 seconds
[2023-10-16T21:10:19.259-0400] {processor.py:157} INFO - Started process (PID=20770) to work on /Users/kniu91/opt/anaconda3/envs/fftool_conda/lib/python3.11/site-packages/airflow/example_dags/plugins/event_listener.py
[2023-10-16T21:10:19.262-0400] {processor.py:829} INFO - Processing file /Users/kniu91/opt/anaconda3/envs/fftool_conda/lib/python3.11/site-packages/airflow/example_dags/plugins/event_listener.py for tasks to queue
[2023-10-16T21:10:19.262-0400] {logging_mixin.py:151} INFO - [2023-10-16T21:10:19.262-0400] {dagbag.py:536} INFO - Filling up the DagBag from /Users/kniu91/opt/anaconda3/envs/fftool_conda/lib/python3.11/site-packages/airflow/example_dags/plugins/event_listener.py
[2023-10-16T21:10:19.262-0400] {processor.py:841} WARNING - No viable dags retrieved from /Users/kniu91/opt/anaconda3/envs/fftool_conda/lib/python3.11/site-packages/airflow/example_dags/plugins/event_listener.py
[2023-10-16T21:10:19.339-0400] {processor.py:179} INFO - Processing /Users/kniu91/opt/anaconda3/envs/fftool_conda/lib/python3.11/site-packages/airflow/example_dags/plugins/event_listener.py took 0.080 seconds
[2023-10-16T21:11:42.081-0400] {processor.py:157} INFO - Started process (PID=20827) to work on /Users/kniu91/opt/anaconda3/envs/fftool_conda/lib/python3.11/site-packages/airflow/example_dags/plugins/event_listener.py
[2023-10-16T21:11:42.083-0400] {processor.py:829} INFO - Processing file /Users/kniu91/opt/anaconda3/envs/fftool_conda/lib/python3.11/site-packages/airflow/example_dags/plugins/event_listener.py for tasks to queue
[2023-10-16T21:11:42.083-0400] {logging_mixin.py:151} INFO - [2023-10-16T21:11:42.083-0400] {dagbag.py:536} INFO - Filling up the DagBag from /Users/kniu91/opt/anaconda3/envs/fftool_conda/lib/python3.11/site-packages/airflow/example_dags/plugins/event_listener.py
[2023-10-16T21:11:42.084-0400] {processor.py:841} WARNING - No viable dags retrieved from /Users/kniu91/opt/anaconda3/envs/fftool_conda/lib/python3.11/site-packages/airflow/example_dags/plugins/event_listener.py
[2023-10-16T21:11:42.145-0400] {processor.py:179} INFO - Processing /Users/kniu91/opt/anaconda3/envs/fftool_conda/lib/python3.11/site-packages/airflow/example_dags/plugins/event_listener.py took 0.065 seconds
[2023-10-16T21:12:33.387-0400] {processor.py:157} INFO - Started process (PID=20858) to work on /Users/kniu91/opt/anaconda3/envs/fftool_conda/lib/python3.11/site-packages/airflow/example_dags/plugins/event_listener.py
[2023-10-16T21:12:33.389-0400] {processor.py:829} INFO - Processing file /Users/kniu91/opt/anaconda3/envs/fftool_conda/lib/python3.11/site-packages/airflow/example_dags/plugins/event_listener.py for tasks to queue
[2023-10-16T21:12:33.389-0400] {logging_mixin.py:151} INFO - [2023-10-16T21:12:33.389-0400] {dagbag.py:536} INFO - Filling up the DagBag from /Users/kniu91/opt/anaconda3/envs/fftool_conda/lib/python3.11/site-packages/airflow/example_dags/plugins/event_listener.py
[2023-10-16T21:12:33.390-0400] {processor.py:841} WARNING - No viable dags retrieved from /Users/kniu91/opt/anaconda3/envs/fftool_conda/lib/python3.11/site-packages/airflow/example_dags/plugins/event_listener.py
[2023-10-16T21:12:33.451-0400] {processor.py:179} INFO - Processing /Users/kniu91/opt/anaconda3/envs/fftool_conda/lib/python3.11/site-packages/airflow/example_dags/plugins/event_listener.py took 0.064 seconds
