[2023-10-16T21:03:42.953-0400] {processor.py:157} INFO - Started process (PID=20343) to work on /Users/kniu91/opt/anaconda3/envs/fftool_conda/lib/python3.11/site-packages/airflow/example_dags/plugins/listener_plugin.py
[2023-10-16T21:03:42.956-0400] {processor.py:829} INFO - Processing file /Users/kniu91/opt/anaconda3/envs/fftool_conda/lib/python3.11/site-packages/airflow/example_dags/plugins/listener_plugin.py for tasks to queue
[2023-10-16T21:03:42.956-0400] {logging_mixin.py:151} INFO - [2023-10-16T21:03:42.956-0400] {dagbag.py:536} INFO - Filling up the DagBag from /Users/kniu91/opt/anaconda3/envs/fftool_conda/lib/python3.11/site-packages/airflow/example_dags/plugins/listener_plugin.py
[2023-10-16T21:03:42.958-0400] {processor.py:841} WARNING - No viable dags retrieved from /Users/kniu91/opt/anaconda3/envs/fftool_conda/lib/python3.11/site-packages/airflow/example_dags/plugins/listener_plugin.py
[2023-10-16T21:03:43.041-0400] {processor.py:179} INFO - Processing /Users/kniu91/opt/anaconda3/envs/fftool_conda/lib/python3.11/site-packages/airflow/example_dags/plugins/listener_plugin.py took 0.088 seconds
[2023-10-16T21:05:12.482-0400] {processor.py:157} INFO - Started process (PID=20421) to work on /Users/kniu91/opt/anaconda3/envs/fftool_conda/lib/python3.11/site-packages/airflow/example_dags/plugins/listener_plugin.py
[2023-10-16T21:05:12.485-0400] {processor.py:829} INFO - Processing file /Users/kniu91/opt/anaconda3/envs/fftool_conda/lib/python3.11/site-packages/airflow/example_dags/plugins/listener_plugin.py for tasks to queue
[2023-10-16T21:05:12.485-0400] {logging_mixin.py:151} INFO - [2023-10-16T21:05:12.485-0400] {dagbag.py:536} INFO - Filling up the DagBag from /Users/kniu91/opt/anaconda3/envs/fftool_conda/lib/python3.11/site-packages/airflow/example_dags/plugins/listener_plugin.py
[2023-10-16T21:05:12.487-0400] {processor.py:841} WARNING - No viable dags retrieved from /Users/kniu91/opt/anaconda3/envs/fftool_conda/lib/python3.11/site-packages/airflow/example_dags/plugins/listener_plugin.py
[2023-10-16T21:05:12.547-0400] {processor.py:179} INFO - Processing /Users/kniu91/opt/anaconda3/envs/fftool_conda/lib/python3.11/site-packages/airflow/example_dags/plugins/listener_plugin.py took 0.066 seconds
[2023-10-16T21:06:04.578-0400] {processor.py:157} INFO - Started process (PID=20504) to work on /Users/kniu91/opt/anaconda3/envs/fftool_conda/lib/python3.11/site-packages/airflow/example_dags/plugins/listener_plugin.py
[2023-10-16T21:06:04.580-0400] {processor.py:829} INFO - Processing file /Users/kniu91/opt/anaconda3/envs/fftool_conda/lib/python3.11/site-packages/airflow/example_dags/plugins/listener_plugin.py for tasks to queue
[2023-10-16T21:06:04.580-0400] {logging_mixin.py:151} INFO - [2023-10-16T21:06:04.580-0400] {dagbag.py:536} INFO - Filling up the DagBag from /Users/kniu91/opt/anaconda3/envs/fftool_conda/lib/python3.11/site-packages/airflow/example_dags/plugins/listener_plugin.py
[2023-10-16T21:06:04.581-0400] {processor.py:841} WARNING - No viable dags retrieved from /Users/kniu91/opt/anaconda3/envs/fftool_conda/lib/python3.11/site-packages/airflow/example_dags/plugins/listener_plugin.py
[2023-10-16T21:06:04.642-0400] {processor.py:179} INFO - Processing /Users/kniu91/opt/anaconda3/envs/fftool_conda/lib/python3.11/site-packages/airflow/example_dags/plugins/listener_plugin.py took 0.064 seconds
[2023-10-16T21:06:43.348-0400] {processor.py:157} INFO - Started process (PID=20550) to work on /Users/kniu91/opt/anaconda3/envs/fftool_conda/lib/python3.11/site-packages/airflow/example_dags/plugins/listener_plugin.py
[2023-10-16T21:06:43.350-0400] {processor.py:829} INFO - Processing file /Users/kniu91/opt/anaconda3/envs/fftool_conda/lib/python3.11/site-packages/airflow/example_dags/plugins/listener_plugin.py for tasks to queue
[2023-10-16T21:06:43.350-0400] {logging_mixin.py:151} INFO - [2023-10-16T21:06:43.350-0400] {dagbag.py:536} INFO - Filling up the DagBag from /Users/kniu91/opt/anaconda3/envs/fftool_conda/lib/python3.11/site-packages/airflow/example_dags/plugins/listener_plugin.py
[2023-10-16T21:06:43.351-0400] {processor.py:841} WARNING - No viable dags retrieved from /Users/kniu91/opt/anaconda3/envs/fftool_conda/lib/python3.11/site-packages/airflow/example_dags/plugins/listener_plugin.py
[2023-10-16T21:06:43.412-0400] {processor.py:179} INFO - Processing /Users/kniu91/opt/anaconda3/envs/fftool_conda/lib/python3.11/site-packages/airflow/example_dags/plugins/listener_plugin.py took 0.064 seconds
[2023-10-16T21:08:08.696-0400] {processor.py:157} INFO - Started process (PID=20624) to work on /Users/kniu91/opt/anaconda3/envs/fftool_conda/lib/python3.11/site-packages/airflow/example_dags/plugins/listener_plugin.py
[2023-10-16T21:08:08.698-0400] {processor.py:829} INFO - Processing file /Users/kniu91/opt/anaconda3/envs/fftool_conda/lib/python3.11/site-packages/airflow/example_dags/plugins/listener_plugin.py for tasks to queue
[2023-10-16T21:08:08.699-0400] {logging_mixin.py:151} INFO - [2023-10-16T21:08:08.699-0400] {dagbag.py:536} INFO - Filling up the DagBag from /Users/kniu91/opt/anaconda3/envs/fftool_conda/lib/python3.11/site-packages/airflow/example_dags/plugins/listener_plugin.py
[2023-10-16T21:08:08.700-0400] {processor.py:841} WARNING - No viable dags retrieved from /Users/kniu91/opt/anaconda3/envs/fftool_conda/lib/python3.11/site-packages/airflow/example_dags/plugins/listener_plugin.py
[2023-10-16T21:08:08.760-0400] {processor.py:179} INFO - Processing /Users/kniu91/opt/anaconda3/envs/fftool_conda/lib/python3.11/site-packages/airflow/example_dags/plugins/listener_plugin.py took 0.064 seconds
[2023-10-16T21:08:36.147-0400] {processor.py:157} INFO - Started process (PID=20661) to work on /Users/kniu91/opt/anaconda3/envs/fftool_conda/lib/python3.11/site-packages/airflow/example_dags/plugins/listener_plugin.py
[2023-10-16T21:08:36.150-0400] {processor.py:829} INFO - Processing file /Users/kniu91/opt/anaconda3/envs/fftool_conda/lib/python3.11/site-packages/airflow/example_dags/plugins/listener_plugin.py for tasks to queue
[2023-10-16T21:08:36.150-0400] {logging_mixin.py:151} INFO - [2023-10-16T21:08:36.150-0400] {dagbag.py:536} INFO - Filling up the DagBag from /Users/kniu91/opt/anaconda3/envs/fftool_conda/lib/python3.11/site-packages/airflow/example_dags/plugins/listener_plugin.py
[2023-10-16T21:08:36.151-0400] {processor.py:841} WARNING - No viable dags retrieved from /Users/kniu91/opt/anaconda3/envs/fftool_conda/lib/python3.11/site-packages/airflow/example_dags/plugins/listener_plugin.py
[2023-10-16T21:08:36.214-0400] {processor.py:179} INFO - Processing /Users/kniu91/opt/anaconda3/envs/fftool_conda/lib/python3.11/site-packages/airflow/example_dags/plugins/listener_plugin.py took 0.067 seconds
[2023-10-16T21:10:17.421-0400] {processor.py:157} INFO - Started process (PID=20769) to work on /Users/kniu91/opt/anaconda3/envs/fftool_conda/lib/python3.11/site-packages/airflow/example_dags/plugins/listener_plugin.py
[2023-10-16T21:10:17.424-0400] {processor.py:829} INFO - Processing file /Users/kniu91/opt/anaconda3/envs/fftool_conda/lib/python3.11/site-packages/airflow/example_dags/plugins/listener_plugin.py for tasks to queue
[2023-10-16T21:10:17.424-0400] {logging_mixin.py:151} INFO - [2023-10-16T21:10:17.424-0400] {dagbag.py:536} INFO - Filling up the DagBag from /Users/kniu91/opt/anaconda3/envs/fftool_conda/lib/python3.11/site-packages/airflow/example_dags/plugins/listener_plugin.py
[2023-10-16T21:10:17.425-0400] {processor.py:841} WARNING - No viable dags retrieved from /Users/kniu91/opt/anaconda3/envs/fftool_conda/lib/python3.11/site-packages/airflow/example_dags/plugins/listener_plugin.py
[2023-10-16T21:10:17.488-0400] {processor.py:179} INFO - Processing /Users/kniu91/opt/anaconda3/envs/fftool_conda/lib/python3.11/site-packages/airflow/example_dags/plugins/listener_plugin.py took 0.067 seconds
[2023-10-16T21:11:40.279-0400] {processor.py:157} INFO - Started process (PID=20826) to work on /Users/kniu91/opt/anaconda3/envs/fftool_conda/lib/python3.11/site-packages/airflow/example_dags/plugins/listener_plugin.py
[2023-10-16T21:11:40.281-0400] {processor.py:829} INFO - Processing file /Users/kniu91/opt/anaconda3/envs/fftool_conda/lib/python3.11/site-packages/airflow/example_dags/plugins/listener_plugin.py for tasks to queue
[2023-10-16T21:11:40.281-0400] {logging_mixin.py:151} INFO - [2023-10-16T21:11:40.281-0400] {dagbag.py:536} INFO - Filling up the DagBag from /Users/kniu91/opt/anaconda3/envs/fftool_conda/lib/python3.11/site-packages/airflow/example_dags/plugins/listener_plugin.py
[2023-10-16T21:11:40.282-0400] {processor.py:841} WARNING - No viable dags retrieved from /Users/kniu91/opt/anaconda3/envs/fftool_conda/lib/python3.11/site-packages/airflow/example_dags/plugins/listener_plugin.py
[2023-10-16T21:11:40.343-0400] {processor.py:179} INFO - Processing /Users/kniu91/opt/anaconda3/envs/fftool_conda/lib/python3.11/site-packages/airflow/example_dags/plugins/listener_plugin.py took 0.064 seconds
[2023-10-16T21:12:32.015-0400] {processor.py:157} INFO - Started process (PID=20856) to work on /Users/kniu91/opt/anaconda3/envs/fftool_conda/lib/python3.11/site-packages/airflow/example_dags/plugins/listener_plugin.py
[2023-10-16T21:12:32.017-0400] {processor.py:829} INFO - Processing file /Users/kniu91/opt/anaconda3/envs/fftool_conda/lib/python3.11/site-packages/airflow/example_dags/plugins/listener_plugin.py for tasks to queue
[2023-10-16T21:12:32.017-0400] {logging_mixin.py:151} INFO - [2023-10-16T21:12:32.017-0400] {dagbag.py:536} INFO - Filling up the DagBag from /Users/kniu91/opt/anaconda3/envs/fftool_conda/lib/python3.11/site-packages/airflow/example_dags/plugins/listener_plugin.py
[2023-10-16T21:12:32.019-0400] {processor.py:841} WARNING - No viable dags retrieved from /Users/kniu91/opt/anaconda3/envs/fftool_conda/lib/python3.11/site-packages/airflow/example_dags/plugins/listener_plugin.py
[2023-10-16T21:12:32.084-0400] {processor.py:179} INFO - Processing /Users/kniu91/opt/anaconda3/envs/fftool_conda/lib/python3.11/site-packages/airflow/example_dags/plugins/listener_plugin.py took 0.069 seconds
