[2023-10-16T21:03:40.545-0400] {processor.py:157} INFO - Started process (PID=20340) to work on /Users/kniu91/opt/anaconda3/envs/fftool_conda/lib/python3.11/site-packages/airflow/example_dags/plugins/workday.py
[2023-10-16T21:03:40.547-0400] {processor.py:829} INFO - Processing file /Users/kniu91/opt/anaconda3/envs/fftool_conda/lib/python3.11/site-packages/airflow/example_dags/plugins/workday.py for tasks to queue
[2023-10-16T21:03:40.547-0400] {logging_mixin.py:151} INFO - [2023-10-16T21:03:40.547-0400] {dagbag.py:536} INFO - Filling up the DagBag from /Users/kniu91/opt/anaconda3/envs/fftool_conda/lib/python3.11/site-packages/airflow/example_dags/plugins/workday.py
[2023-10-16T21:03:40.994-0400] {processor.py:841} WARNING - No viable dags retrieved from /Users/kniu91/opt/anaconda3/envs/fftool_conda/lib/python3.11/site-packages/airflow/example_dags/plugins/workday.py
[2023-10-16T21:03:41.088-0400] {processor.py:179} INFO - Processing /Users/kniu91/opt/anaconda3/envs/fftool_conda/lib/python3.11/site-packages/airflow/example_dags/plugins/workday.py took 0.543 seconds
[2023-10-16T21:05:10.818-0400] {processor.py:157} INFO - Started process (PID=20417) to work on /Users/kniu91/opt/anaconda3/envs/fftool_conda/lib/python3.11/site-packages/airflow/example_dags/plugins/workday.py
[2023-10-16T21:05:10.821-0400] {processor.py:829} INFO - Processing file /Users/kniu91/opt/anaconda3/envs/fftool_conda/lib/python3.11/site-packages/airflow/example_dags/plugins/workday.py for tasks to queue
[2023-10-16T21:05:10.821-0400] {logging_mixin.py:151} INFO - [2023-10-16T21:05:10.821-0400] {dagbag.py:536} INFO - Filling up the DagBag from /Users/kniu91/opt/anaconda3/envs/fftool_conda/lib/python3.11/site-packages/airflow/example_dags/plugins/workday.py
[2023-10-16T21:05:11.283-0400] {processor.py:841} WARNING - No viable dags retrieved from /Users/kniu91/opt/anaconda3/envs/fftool_conda/lib/python3.11/site-packages/airflow/example_dags/plugins/workday.py
[2023-10-16T21:05:11.370-0400] {processor.py:179} INFO - Processing /Users/kniu91/opt/anaconda3/envs/fftool_conda/lib/python3.11/site-packages/airflow/example_dags/plugins/workday.py took 0.553 seconds
[2023-10-16T21:06:02.527-0400] {processor.py:157} INFO - Started process (PID=20501) to work on /Users/kniu91/opt/anaconda3/envs/fftool_conda/lib/python3.11/site-packages/airflow/example_dags/plugins/workday.py
[2023-10-16T21:06:02.529-0400] {processor.py:829} INFO - Processing file /Users/kniu91/opt/anaconda3/envs/fftool_conda/lib/python3.11/site-packages/airflow/example_dags/plugins/workday.py for tasks to queue
[2023-10-16T21:06:02.530-0400] {logging_mixin.py:151} INFO - [2023-10-16T21:06:02.530-0400] {dagbag.py:536} INFO - Filling up the DagBag from /Users/kniu91/opt/anaconda3/envs/fftool_conda/lib/python3.11/site-packages/airflow/example_dags/plugins/workday.py
[2023-10-16T21:06:02.797-0400] {processor.py:841} WARNING - No viable dags retrieved from /Users/kniu91/opt/anaconda3/envs/fftool_conda/lib/python3.11/site-packages/airflow/example_dags/plugins/workday.py
[2023-10-16T21:06:02.903-0400] {processor.py:179} INFO - Processing /Users/kniu91/opt/anaconda3/envs/fftool_conda/lib/python3.11/site-packages/airflow/example_dags/plugins/workday.py took 0.376 seconds
[2023-10-16T21:06:41.307-0400] {processor.py:157} INFO - Started process (PID=20547) to work on /Users/kniu91/opt/anaconda3/envs/fftool_conda/lib/python3.11/site-packages/airflow/example_dags/plugins/workday.py
[2023-10-16T21:06:41.309-0400] {processor.py:829} INFO - Processing file /Users/kniu91/opt/anaconda3/envs/fftool_conda/lib/python3.11/site-packages/airflow/example_dags/plugins/workday.py for tasks to queue
[2023-10-16T21:06:41.309-0400] {logging_mixin.py:151} INFO - [2023-10-16T21:06:41.309-0400] {dagbag.py:536} INFO - Filling up the DagBag from /Users/kniu91/opt/anaconda3/envs/fftool_conda/lib/python3.11/site-packages/airflow/example_dags/plugins/workday.py
[2023-10-16T21:06:41.501-0400] {processor.py:841} WARNING - No viable dags retrieved from /Users/kniu91/opt/anaconda3/envs/fftool_conda/lib/python3.11/site-packages/airflow/example_dags/plugins/workday.py
[2023-10-16T21:06:41.593-0400] {processor.py:179} INFO - Processing /Users/kniu91/opt/anaconda3/envs/fftool_conda/lib/python3.11/site-packages/airflow/example_dags/plugins/workday.py took 0.286 seconds
[2023-10-16T21:08:06.621-0400] {processor.py:157} INFO - Started process (PID=20623) to work on /Users/kniu91/opt/anaconda3/envs/fftool_conda/lib/python3.11/site-packages/airflow/example_dags/plugins/workday.py
[2023-10-16T21:08:06.623-0400] {processor.py:829} INFO - Processing file /Users/kniu91/opt/anaconda3/envs/fftool_conda/lib/python3.11/site-packages/airflow/example_dags/plugins/workday.py for tasks to queue
[2023-10-16T21:08:06.623-0400] {logging_mixin.py:151} INFO - [2023-10-16T21:08:06.623-0400] {dagbag.py:536} INFO - Filling up the DagBag from /Users/kniu91/opt/anaconda3/envs/fftool_conda/lib/python3.11/site-packages/airflow/example_dags/plugins/workday.py
[2023-10-16T21:08:06.837-0400] {processor.py:841} WARNING - No viable dags retrieved from /Users/kniu91/opt/anaconda3/envs/fftool_conda/lib/python3.11/site-packages/airflow/example_dags/plugins/workday.py
[2023-10-16T21:08:06.928-0400] {processor.py:179} INFO - Processing /Users/kniu91/opt/anaconda3/envs/fftool_conda/lib/python3.11/site-packages/airflow/example_dags/plugins/workday.py took 0.308 seconds
[2023-10-16T21:08:34.078-0400] {processor.py:157} INFO - Started process (PID=20658) to work on /Users/kniu91/opt/anaconda3/envs/fftool_conda/lib/python3.11/site-packages/airflow/example_dags/plugins/workday.py
[2023-10-16T21:08:34.080-0400] {processor.py:829} INFO - Processing file /Users/kniu91/opt/anaconda3/envs/fftool_conda/lib/python3.11/site-packages/airflow/example_dags/plugins/workday.py for tasks to queue
[2023-10-16T21:08:34.081-0400] {logging_mixin.py:151} INFO - [2023-10-16T21:08:34.080-0400] {dagbag.py:536} INFO - Filling up the DagBag from /Users/kniu91/opt/anaconda3/envs/fftool_conda/lib/python3.11/site-packages/airflow/example_dags/plugins/workday.py
[2023-10-16T21:08:34.282-0400] {processor.py:841} WARNING - No viable dags retrieved from /Users/kniu91/opt/anaconda3/envs/fftool_conda/lib/python3.11/site-packages/airflow/example_dags/plugins/workday.py
[2023-10-16T21:08:34.376-0400] {processor.py:179} INFO - Processing /Users/kniu91/opt/anaconda3/envs/fftool_conda/lib/python3.11/site-packages/airflow/example_dags/plugins/workday.py took 0.299 seconds
[2023-10-16T21:10:15.371-0400] {processor.py:157} INFO - Started process (PID=20765) to work on /Users/kniu91/opt/anaconda3/envs/fftool_conda/lib/python3.11/site-packages/airflow/example_dags/plugins/workday.py
[2023-10-16T21:10:15.373-0400] {processor.py:829} INFO - Processing file /Users/kniu91/opt/anaconda3/envs/fftool_conda/lib/python3.11/site-packages/airflow/example_dags/plugins/workday.py for tasks to queue
[2023-10-16T21:10:15.373-0400] {logging_mixin.py:151} INFO - [2023-10-16T21:10:15.373-0400] {dagbag.py:536} INFO - Filling up the DagBag from /Users/kniu91/opt/anaconda3/envs/fftool_conda/lib/python3.11/site-packages/airflow/example_dags/plugins/workday.py
[2023-10-16T21:10:15.570-0400] {processor.py:841} WARNING - No viable dags retrieved from /Users/kniu91/opt/anaconda3/envs/fftool_conda/lib/python3.11/site-packages/airflow/example_dags/plugins/workday.py
[2023-10-16T21:10:15.661-0400] {processor.py:179} INFO - Processing /Users/kniu91/opt/anaconda3/envs/fftool_conda/lib/python3.11/site-packages/airflow/example_dags/plugins/workday.py took 0.290 seconds
[2023-10-16T21:11:38.219-0400] {processor.py:157} INFO - Started process (PID=20825) to work on /Users/kniu91/opt/anaconda3/envs/fftool_conda/lib/python3.11/site-packages/airflow/example_dags/plugins/workday.py
[2023-10-16T21:11:38.221-0400] {processor.py:829} INFO - Processing file /Users/kniu91/opt/anaconda3/envs/fftool_conda/lib/python3.11/site-packages/airflow/example_dags/plugins/workday.py for tasks to queue
[2023-10-16T21:11:38.221-0400] {logging_mixin.py:151} INFO - [2023-10-16T21:11:38.221-0400] {dagbag.py:536} INFO - Filling up the DagBag from /Users/kniu91/opt/anaconda3/envs/fftool_conda/lib/python3.11/site-packages/airflow/example_dags/plugins/workday.py
[2023-10-16T21:11:38.416-0400] {processor.py:841} WARNING - No viable dags retrieved from /Users/kniu91/opt/anaconda3/envs/fftool_conda/lib/python3.11/site-packages/airflow/example_dags/plugins/workday.py
[2023-10-16T21:11:38.509-0400] {processor.py:179} INFO - Processing /Users/kniu91/opt/anaconda3/envs/fftool_conda/lib/python3.11/site-packages/airflow/example_dags/plugins/workday.py took 0.290 seconds
[2023-10-16T21:12:30.397-0400] {processor.py:157} INFO - Started process (PID=20855) to work on /Users/kniu91/opt/anaconda3/envs/fftool_conda/lib/python3.11/site-packages/airflow/example_dags/plugins/workday.py
[2023-10-16T21:12:30.399-0400] {processor.py:829} INFO - Processing file /Users/kniu91/opt/anaconda3/envs/fftool_conda/lib/python3.11/site-packages/airflow/example_dags/plugins/workday.py for tasks to queue
[2023-10-16T21:12:30.399-0400] {logging_mixin.py:151} INFO - [2023-10-16T21:12:30.399-0400] {dagbag.py:536} INFO - Filling up the DagBag from /Users/kniu91/opt/anaconda3/envs/fftool_conda/lib/python3.11/site-packages/airflow/example_dags/plugins/workday.py
[2023-10-16T21:12:30.597-0400] {processor.py:841} WARNING - No viable dags retrieved from /Users/kniu91/opt/anaconda3/envs/fftool_conda/lib/python3.11/site-packages/airflow/example_dags/plugins/workday.py
[2023-10-16T21:12:30.690-0400] {processor.py:179} INFO - Processing /Users/kniu91/opt/anaconda3/envs/fftool_conda/lib/python3.11/site-packages/airflow/example_dags/plugins/workday.py took 0.293 seconds
